[2024-07-12T03:57:26.598+0000] {local_task_job_runner.py:120} INFO - ::group::Pre task execution logs
[2024-07-12T03:57:26.612+0000] {taskinstance.py:2076} INFO - Dependencies all met for dep_context=non-requeueable deps ti=<TaskInstance: download_and_upload_to_s3.download_file manual__2024-07-12T03:52:24.981858+00:00 [queued]>
[2024-07-12T03:57:26.620+0000] {taskinstance.py:2076} INFO - Dependencies all met for dep_context=requeueable deps ti=<TaskInstance: download_and_upload_to_s3.download_file manual__2024-07-12T03:52:24.981858+00:00 [queued]>
[2024-07-12T03:57:26.620+0000] {taskinstance.py:2306} INFO - Starting attempt 2 of 2
[2024-07-12T03:57:26.642+0000] {taskinstance.py:2330} INFO - Executing <Task(PythonOperator): download_file> on 2024-07-12 03:52:24.981858+00:00
[2024-07-12T03:57:26.648+0000] {warnings.py:112} WARNING - /home/***/.local/lib/python3.12/site-packages/***/task/task_runner/standard_task_runner.py:61: DeprecationWarning: This process (pid=600) is multi-threaded, use of fork() may lead to deadlocks in the child.
  pid = os.fork()

[2024-07-12T03:57:26.649+0000] {standard_task_runner.py:63} INFO - Started process 601 to run task
[2024-07-12T03:57:26.649+0000] {standard_task_runner.py:90} INFO - Running: ['***', 'tasks', 'run', 'download_and_upload_to_s3', 'download_file', 'manual__2024-07-12T03:52:24.981858+00:00', '--job-id', '127', '--raw', '--subdir', 'DAGS_FOLDER/download_extract_dag.py', '--cfg-path', '/tmp/tmpavfwswzu']
[2024-07-12T03:57:26.650+0000] {standard_task_runner.py:91} INFO - Job 127: Subtask download_file
[2024-07-12T03:57:26.698+0000] {task_command.py:426} INFO - Running <TaskInstance: download_and_upload_to_s3.download_file manual__2024-07-12T03:52:24.981858+00:00 [running]> on host 4292072e8878
[2024-07-12T03:57:26.776+0000] {taskinstance.py:2648} INFO - Exporting env vars: AIRFLOW_CTX_DAG_OWNER='***' AIRFLOW_CTX_DAG_ID='download_and_upload_to_s3' AIRFLOW_CTX_TASK_ID='download_file' AIRFLOW_CTX_EXECUTION_DATE='2024-07-12T03:52:24.981858+00:00' AIRFLOW_CTX_TRY_NUMBER='2' AIRFLOW_CTX_DAG_RUN_ID='manual__2024-07-12T03:52:24.981858+00:00'
[2024-07-12T03:57:26.777+0000] {taskinstance.py:430} INFO - ::endgroup::
[2024-07-12T03:57:27.954+0000] {download_extract_dag.py:37} INFO - Downloaded file from https://cricsheet.org/downloads/ipl_json.zip to /tmp/yourfile.zip
[2024-07-12T03:57:27.972+0000] {python.py:237} INFO - Done. Returned value was: None
[2024-07-12T03:57:27.974+0000] {taskinstance.py:441} INFO - ::group::Post task execution logs
[2024-07-12T03:57:27.981+0000] {taskinstance.py:1206} INFO - Marking task as SUCCESS. dag_id=download_and_upload_to_s3, task_id=download_file, run_id=manual__2024-07-12T03:52:24.981858+00:00, execution_date=20240712T035224, start_date=20240712T035726, end_date=20240712T035727
[2024-07-12T03:57:28.026+0000] {local_task_job_runner.py:240} INFO - Task exited with return code 0
[2024-07-12T03:57:28.043+0000] {taskinstance.py:3503} INFO - 1 downstream tasks scheduled from follow-on schedule check
[2024-07-12T03:57:28.045+0000] {local_task_job_runner.py:222} INFO - ::endgroup::
