[2024-07-12T00:36:02.093+0000] {processor.py:161} INFO - Started process (PID=97) to work on /home/airflow/.local/lib/python3.12/site-packages/airflow/example_dags/example_external_task_marker_dag.py
[2024-07-12T00:36:02.093+0000] {processor.py:830} INFO - Processing file /home/airflow/.local/lib/python3.12/site-packages/airflow/example_dags/example_external_task_marker_dag.py for tasks to queue
[2024-07-12T00:36:02.095+0000] {logging_mixin.py:188} INFO - [2024-07-12T00:36:02.095+0000] {dagbag.py:545} INFO - Filling up the DagBag from /home/airflow/.local/lib/python3.12/site-packages/airflow/example_dags/example_external_task_marker_dag.py
[2024-07-12T00:36:02.101+0000] {processor.py:840} INFO - DAG(s) 'example_external_task_marker_parent', 'example_external_task_marker_child' retrieved from /home/airflow/.local/lib/python3.12/site-packages/airflow/example_dags/example_external_task_marker_dag.py
[2024-07-12T00:36:02.208+0000] {logging_mixin.py:188} INFO - [2024-07-12T00:36:02.208+0000] {dag.py:3096} INFO - Sync 2 DAGs
[2024-07-12T00:36:02.219+0000] {logging_mixin.py:188} INFO - [2024-07-12T00:36:02.218+0000] {dag.py:3954} INFO - Setting next_dagrun for example_external_task_marker_child to None, run_after=None
[2024-07-12T00:36:02.221+0000] {logging_mixin.py:188} INFO - [2024-07-12T00:36:02.221+0000] {dag.py:3954} INFO - Setting next_dagrun for example_external_task_marker_parent to None, run_after=None
[2024-07-12T00:36:02.237+0000] {processor.py:183} INFO - Processing /home/airflow/.local/lib/python3.12/site-packages/airflow/example_dags/example_external_task_marker_dag.py took 0.149 seconds
[2024-07-12T00:36:32.350+0000] {processor.py:161} INFO - Started process (PID=155) to work on /home/airflow/.local/lib/python3.12/site-packages/airflow/example_dags/example_external_task_marker_dag.py
[2024-07-12T00:36:32.351+0000] {processor.py:830} INFO - Processing file /home/airflow/.local/lib/python3.12/site-packages/airflow/example_dags/example_external_task_marker_dag.py for tasks to queue
[2024-07-12T00:36:32.353+0000] {logging_mixin.py:188} INFO - [2024-07-12T00:36:32.353+0000] {dagbag.py:545} INFO - Filling up the DagBag from /home/airflow/.local/lib/python3.12/site-packages/airflow/example_dags/example_external_task_marker_dag.py
[2024-07-12T00:36:32.359+0000] {processor.py:840} INFO - DAG(s) 'example_external_task_marker_child', 'example_external_task_marker_parent' retrieved from /home/airflow/.local/lib/python3.12/site-packages/airflow/example_dags/example_external_task_marker_dag.py
[2024-07-12T00:36:32.381+0000] {logging_mixin.py:188} INFO - [2024-07-12T00:36:32.381+0000] {dag.py:3096} INFO - Sync 2 DAGs
[2024-07-12T00:36:32.394+0000] {logging_mixin.py:188} INFO - [2024-07-12T00:36:32.393+0000] {dag.py:3954} INFO - Setting next_dagrun for example_external_task_marker_child to None, run_after=None
[2024-07-12T00:36:32.397+0000] {logging_mixin.py:188} INFO - [2024-07-12T00:36:32.397+0000] {dag.py:3954} INFO - Setting next_dagrun for example_external_task_marker_parent to None, run_after=None
[2024-07-12T00:36:32.411+0000] {processor.py:183} INFO - Processing /home/airflow/.local/lib/python3.12/site-packages/airflow/example_dags/example_external_task_marker_dag.py took 0.066 seconds
[2024-07-12T00:37:03.190+0000] {processor.py:161} INFO - Started process (PID=213) to work on /home/airflow/.local/lib/python3.12/site-packages/airflow/example_dags/example_external_task_marker_dag.py
[2024-07-12T00:37:03.191+0000] {processor.py:830} INFO - Processing file /home/airflow/.local/lib/python3.12/site-packages/airflow/example_dags/example_external_task_marker_dag.py for tasks to queue
[2024-07-12T00:37:03.193+0000] {logging_mixin.py:188} INFO - [2024-07-12T00:37:03.192+0000] {dagbag.py:545} INFO - Filling up the DagBag from /home/airflow/.local/lib/python3.12/site-packages/airflow/example_dags/example_external_task_marker_dag.py
[2024-07-12T00:37:03.198+0000] {processor.py:840} INFO - DAG(s) 'example_external_task_marker_child', 'example_external_task_marker_parent' retrieved from /home/airflow/.local/lib/python3.12/site-packages/airflow/example_dags/example_external_task_marker_dag.py
[2024-07-12T00:37:03.219+0000] {logging_mixin.py:188} INFO - [2024-07-12T00:37:03.219+0000] {dag.py:3096} INFO - Sync 2 DAGs
[2024-07-12T00:37:03.232+0000] {logging_mixin.py:188} INFO - [2024-07-12T00:37:03.232+0000] {dag.py:3954} INFO - Setting next_dagrun for example_external_task_marker_child to None, run_after=None
[2024-07-12T00:37:03.236+0000] {logging_mixin.py:188} INFO - [2024-07-12T00:37:03.236+0000] {dag.py:3954} INFO - Setting next_dagrun for example_external_task_marker_parent to None, run_after=None
[2024-07-12T00:37:03.250+0000] {processor.py:183} INFO - Processing /home/airflow/.local/lib/python3.12/site-packages/airflow/example_dags/example_external_task_marker_dag.py took 0.065 seconds
[2024-07-12T00:37:33.791+0000] {processor.py:161} INFO - Started process (PID=271) to work on /home/airflow/.local/lib/python3.12/site-packages/airflow/example_dags/example_external_task_marker_dag.py
[2024-07-12T00:37:33.792+0000] {processor.py:830} INFO - Processing file /home/airflow/.local/lib/python3.12/site-packages/airflow/example_dags/example_external_task_marker_dag.py for tasks to queue
[2024-07-12T00:37:33.794+0000] {logging_mixin.py:188} INFO - [2024-07-12T00:37:33.793+0000] {dagbag.py:545} INFO - Filling up the DagBag from /home/airflow/.local/lib/python3.12/site-packages/airflow/example_dags/example_external_task_marker_dag.py
[2024-07-12T00:37:33.798+0000] {processor.py:840} INFO - DAG(s) 'example_external_task_marker_parent', 'example_external_task_marker_child' retrieved from /home/airflow/.local/lib/python3.12/site-packages/airflow/example_dags/example_external_task_marker_dag.py
[2024-07-12T00:37:33.817+0000] {logging_mixin.py:188} INFO - [2024-07-12T00:37:33.816+0000] {dag.py:3096} INFO - Sync 2 DAGs
[2024-07-12T00:37:33.828+0000] {logging_mixin.py:188} INFO - [2024-07-12T00:37:33.828+0000] {dag.py:3954} INFO - Setting next_dagrun for example_external_task_marker_child to None, run_after=None
[2024-07-12T00:37:33.831+0000] {logging_mixin.py:188} INFO - [2024-07-12T00:37:33.831+0000] {dag.py:3954} INFO - Setting next_dagrun for example_external_task_marker_parent to None, run_after=None
[2024-07-12T00:37:33.844+0000] {processor.py:183} INFO - Processing /home/airflow/.local/lib/python3.12/site-packages/airflow/example_dags/example_external_task_marker_dag.py took 0.058 seconds
[2024-07-12T00:38:04.473+0000] {processor.py:161} INFO - Started process (PID=329) to work on /home/airflow/.local/lib/python3.12/site-packages/airflow/example_dags/example_external_task_marker_dag.py
[2024-07-12T00:38:04.474+0000] {processor.py:830} INFO - Processing file /home/airflow/.local/lib/python3.12/site-packages/airflow/example_dags/example_external_task_marker_dag.py for tasks to queue
[2024-07-12T00:38:04.476+0000] {logging_mixin.py:188} INFO - [2024-07-12T00:38:04.475+0000] {dagbag.py:545} INFO - Filling up the DagBag from /home/airflow/.local/lib/python3.12/site-packages/airflow/example_dags/example_external_task_marker_dag.py
[2024-07-12T00:38:04.481+0000] {processor.py:840} INFO - DAG(s) 'example_external_task_marker_child', 'example_external_task_marker_parent' retrieved from /home/airflow/.local/lib/python3.12/site-packages/airflow/example_dags/example_external_task_marker_dag.py
[2024-07-12T00:38:04.501+0000] {logging_mixin.py:188} INFO - [2024-07-12T00:38:04.501+0000] {dag.py:3096} INFO - Sync 2 DAGs
[2024-07-12T00:38:04.514+0000] {logging_mixin.py:188} INFO - [2024-07-12T00:38:04.514+0000] {dag.py:3954} INFO - Setting next_dagrun for example_external_task_marker_child to None, run_after=None
[2024-07-12T00:38:04.518+0000] {logging_mixin.py:188} INFO - [2024-07-12T00:38:04.518+0000] {dag.py:3954} INFO - Setting next_dagrun for example_external_task_marker_parent to None, run_after=None
[2024-07-12T00:38:04.532+0000] {processor.py:183} INFO - Processing /home/airflow/.local/lib/python3.12/site-packages/airflow/example_dags/example_external_task_marker_dag.py took 0.065 seconds
[2024-07-12T00:38:35.128+0000] {processor.py:161} INFO - Started process (PID=387) to work on /home/airflow/.local/lib/python3.12/site-packages/airflow/example_dags/example_external_task_marker_dag.py
[2024-07-12T00:38:35.128+0000] {processor.py:830} INFO - Processing file /home/airflow/.local/lib/python3.12/site-packages/airflow/example_dags/example_external_task_marker_dag.py for tasks to queue
[2024-07-12T00:38:35.130+0000] {logging_mixin.py:188} INFO - [2024-07-12T00:38:35.130+0000] {dagbag.py:545} INFO - Filling up the DagBag from /home/airflow/.local/lib/python3.12/site-packages/airflow/example_dags/example_external_task_marker_dag.py
[2024-07-12T00:38:35.135+0000] {processor.py:840} INFO - DAG(s) 'example_external_task_marker_child', 'example_external_task_marker_parent' retrieved from /home/airflow/.local/lib/python3.12/site-packages/airflow/example_dags/example_external_task_marker_dag.py
[2024-07-12T00:38:35.156+0000] {logging_mixin.py:188} INFO - [2024-07-12T00:38:35.155+0000] {dag.py:3096} INFO - Sync 2 DAGs
[2024-07-12T00:38:35.167+0000] {logging_mixin.py:188} INFO - [2024-07-12T00:38:35.167+0000] {dag.py:3954} INFO - Setting next_dagrun for example_external_task_marker_child to None, run_after=None
[2024-07-12T00:38:35.171+0000] {logging_mixin.py:188} INFO - [2024-07-12T00:38:35.171+0000] {dag.py:3954} INFO - Setting next_dagrun for example_external_task_marker_parent to None, run_after=None
[2024-07-12T00:38:35.185+0000] {processor.py:183} INFO - Processing /home/airflow/.local/lib/python3.12/site-packages/airflow/example_dags/example_external_task_marker_dag.py took 0.062 seconds
[2024-07-12T00:39:05.432+0000] {processor.py:161} INFO - Started process (PID=445) to work on /home/airflow/.local/lib/python3.12/site-packages/airflow/example_dags/example_external_task_marker_dag.py
[2024-07-12T00:39:05.434+0000] {processor.py:830} INFO - Processing file /home/airflow/.local/lib/python3.12/site-packages/airflow/example_dags/example_external_task_marker_dag.py for tasks to queue
[2024-07-12T00:39:05.436+0000] {logging_mixin.py:188} INFO - [2024-07-12T00:39:05.436+0000] {dagbag.py:545} INFO - Filling up the DagBag from /home/airflow/.local/lib/python3.12/site-packages/airflow/example_dags/example_external_task_marker_dag.py
[2024-07-12T00:39:05.442+0000] {processor.py:840} INFO - DAG(s) 'example_external_task_marker_parent', 'example_external_task_marker_child' retrieved from /home/airflow/.local/lib/python3.12/site-packages/airflow/example_dags/example_external_task_marker_dag.py
[2024-07-12T00:39:05.468+0000] {logging_mixin.py:188} INFO - [2024-07-12T00:39:05.468+0000] {dag.py:3096} INFO - Sync 2 DAGs
[2024-07-12T00:39:05.482+0000] {logging_mixin.py:188} INFO - [2024-07-12T00:39:05.481+0000] {dag.py:3954} INFO - Setting next_dagrun for example_external_task_marker_child to None, run_after=None
[2024-07-12T00:39:05.485+0000] {logging_mixin.py:188} INFO - [2024-07-12T00:39:05.485+0000] {dag.py:3954} INFO - Setting next_dagrun for example_external_task_marker_parent to None, run_after=None
[2024-07-12T00:39:05.500+0000] {processor.py:183} INFO - Processing /home/airflow/.local/lib/python3.12/site-packages/airflow/example_dags/example_external_task_marker_dag.py took 0.074 seconds
[2024-07-12T00:39:36.012+0000] {processor.py:161} INFO - Started process (PID=503) to work on /home/airflow/.local/lib/python3.12/site-packages/airflow/example_dags/example_external_task_marker_dag.py
[2024-07-12T00:39:36.013+0000] {processor.py:830} INFO - Processing file /home/airflow/.local/lib/python3.12/site-packages/airflow/example_dags/example_external_task_marker_dag.py for tasks to queue
[2024-07-12T00:39:36.014+0000] {logging_mixin.py:188} INFO - [2024-07-12T00:39:36.014+0000] {dagbag.py:545} INFO - Filling up the DagBag from /home/airflow/.local/lib/python3.12/site-packages/airflow/example_dags/example_external_task_marker_dag.py
[2024-07-12T00:39:36.020+0000] {processor.py:840} INFO - DAG(s) 'example_external_task_marker_child', 'example_external_task_marker_parent' retrieved from /home/airflow/.local/lib/python3.12/site-packages/airflow/example_dags/example_external_task_marker_dag.py
[2024-07-12T00:39:36.048+0000] {logging_mixin.py:188} INFO - [2024-07-12T00:39:36.047+0000] {dag.py:3096} INFO - Sync 2 DAGs
[2024-07-12T00:39:36.062+0000] {logging_mixin.py:188} INFO - [2024-07-12T00:39:36.062+0000] {dag.py:3954} INFO - Setting next_dagrun for example_external_task_marker_child to None, run_after=None
[2024-07-12T00:39:36.066+0000] {logging_mixin.py:188} INFO - [2024-07-12T00:39:36.066+0000] {dag.py:3954} INFO - Setting next_dagrun for example_external_task_marker_parent to None, run_after=None
[2024-07-12T00:39:36.084+0000] {processor.py:183} INFO - Processing /home/airflow/.local/lib/python3.12/site-packages/airflow/example_dags/example_external_task_marker_dag.py took 0.079 seconds
