[2024-07-12T00:35:59.989+0000] {processor.py:161} INFO - Started process (PID=70) to work on /home/airflow/.local/lib/python3.12/site-packages/airflow/example_dags/example_setup_teardown.py
[2024-07-12T00:35:59.990+0000] {processor.py:830} INFO - Processing file /home/airflow/.local/lib/python3.12/site-packages/airflow/example_dags/example_setup_teardown.py for tasks to queue
[2024-07-12T00:35:59.991+0000] {logging_mixin.py:188} INFO - [2024-07-12T00:35:59.991+0000] {dagbag.py:545} INFO - Filling up the DagBag from /home/airflow/.local/lib/python3.12/site-packages/airflow/example_dags/example_setup_teardown.py
[2024-07-12T00:36:00.000+0000] {processor.py:840} INFO - DAG(s) 'example_setup_teardown' retrieved from /home/airflow/.local/lib/python3.12/site-packages/airflow/example_dags/example_setup_teardown.py
[2024-07-12T00:36:00.127+0000] {logging_mixin.py:188} INFO - [2024-07-12T00:36:00.127+0000] {dag.py:3096} INFO - Sync 1 DAGs
[2024-07-12T00:36:00.150+0000] {logging_mixin.py:188} INFO - [2024-07-12T00:36:00.150+0000] {dag.py:3954} INFO - Setting next_dagrun for example_setup_teardown to 2024-07-11 00:00:00+00:00, run_after=2024-07-12 00:00:00+00:00
[2024-07-12T00:36:00.170+0000] {processor.py:183} INFO - Processing /home/airflow/.local/lib/python3.12/site-packages/airflow/example_dags/example_setup_teardown.py took 0.185 seconds
[2024-07-12T00:36:30.881+0000] {processor.py:161} INFO - Started process (PID=134) to work on /home/airflow/.local/lib/python3.12/site-packages/airflow/example_dags/example_setup_teardown.py
[2024-07-12T00:36:30.882+0000] {processor.py:830} INFO - Processing file /home/airflow/.local/lib/python3.12/site-packages/airflow/example_dags/example_setup_teardown.py for tasks to queue
[2024-07-12T00:36:30.883+0000] {logging_mixin.py:188} INFO - [2024-07-12T00:36:30.883+0000] {dagbag.py:545} INFO - Filling up the DagBag from /home/airflow/.local/lib/python3.12/site-packages/airflow/example_dags/example_setup_teardown.py
[2024-07-12T00:36:30.889+0000] {processor.py:840} INFO - DAG(s) 'example_setup_teardown' retrieved from /home/airflow/.local/lib/python3.12/site-packages/airflow/example_dags/example_setup_teardown.py
[2024-07-12T00:36:30.911+0000] {logging_mixin.py:188} INFO - [2024-07-12T00:36:30.911+0000] {dag.py:3096} INFO - Sync 1 DAGs
[2024-07-12T00:36:30.938+0000] {logging_mixin.py:188} INFO - [2024-07-12T00:36:30.937+0000] {dag.py:3954} INFO - Setting next_dagrun for example_setup_teardown to 2024-07-11 00:00:00+00:00, run_after=2024-07-12 00:00:00+00:00
[2024-07-12T00:36:30.953+0000] {processor.py:183} INFO - Processing /home/airflow/.local/lib/python3.12/site-packages/airflow/example_dags/example_setup_teardown.py took 0.078 seconds
[2024-07-12T00:37:01.143+0000] {processor.py:161} INFO - Started process (PID=192) to work on /home/airflow/.local/lib/python3.12/site-packages/airflow/example_dags/example_setup_teardown.py
[2024-07-12T00:37:01.144+0000] {processor.py:830} INFO - Processing file /home/airflow/.local/lib/python3.12/site-packages/airflow/example_dags/example_setup_teardown.py for tasks to queue
[2024-07-12T00:37:01.145+0000] {logging_mixin.py:188} INFO - [2024-07-12T00:37:01.145+0000] {dagbag.py:545} INFO - Filling up the DagBag from /home/airflow/.local/lib/python3.12/site-packages/airflow/example_dags/example_setup_teardown.py
[2024-07-12T00:37:01.151+0000] {processor.py:840} INFO - DAG(s) 'example_setup_teardown' retrieved from /home/airflow/.local/lib/python3.12/site-packages/airflow/example_dags/example_setup_teardown.py
[2024-07-12T00:37:01.168+0000] {logging_mixin.py:188} INFO - [2024-07-12T00:37:01.168+0000] {dag.py:3096} INFO - Sync 1 DAGs
[2024-07-12T00:37:01.194+0000] {logging_mixin.py:188} INFO - [2024-07-12T00:37:01.193+0000] {dag.py:3954} INFO - Setting next_dagrun for example_setup_teardown to 2024-07-11 00:00:00+00:00, run_after=2024-07-12 00:00:00+00:00
[2024-07-12T00:37:01.210+0000] {processor.py:183} INFO - Processing /home/airflow/.local/lib/python3.12/site-packages/airflow/example_dags/example_setup_teardown.py took 0.072 seconds
[2024-07-12T00:37:31.837+0000] {processor.py:161} INFO - Started process (PID=250) to work on /home/airflow/.local/lib/python3.12/site-packages/airflow/example_dags/example_setup_teardown.py
[2024-07-12T00:37:31.838+0000] {processor.py:830} INFO - Processing file /home/airflow/.local/lib/python3.12/site-packages/airflow/example_dags/example_setup_teardown.py for tasks to queue
[2024-07-12T00:37:31.839+0000] {logging_mixin.py:188} INFO - [2024-07-12T00:37:31.839+0000] {dagbag.py:545} INFO - Filling up the DagBag from /home/airflow/.local/lib/python3.12/site-packages/airflow/example_dags/example_setup_teardown.py
[2024-07-12T00:37:31.845+0000] {processor.py:840} INFO - DAG(s) 'example_setup_teardown' retrieved from /home/airflow/.local/lib/python3.12/site-packages/airflow/example_dags/example_setup_teardown.py
[2024-07-12T00:37:31.863+0000] {logging_mixin.py:188} INFO - [2024-07-12T00:37:31.863+0000] {dag.py:3096} INFO - Sync 1 DAGs
[2024-07-12T00:37:31.893+0000] {logging_mixin.py:188} INFO - [2024-07-12T00:37:31.892+0000] {dag.py:3954} INFO - Setting next_dagrun for example_setup_teardown to 2024-07-11 00:00:00+00:00, run_after=2024-07-12 00:00:00+00:00
[2024-07-12T00:37:31.912+0000] {processor.py:183} INFO - Processing /home/airflow/.local/lib/python3.12/site-packages/airflow/example_dags/example_setup_teardown.py took 0.081 seconds
[2024-07-12T00:38:02.371+0000] {processor.py:161} INFO - Started process (PID=308) to work on /home/airflow/.local/lib/python3.12/site-packages/airflow/example_dags/example_setup_teardown.py
[2024-07-12T00:38:02.372+0000] {processor.py:830} INFO - Processing file /home/airflow/.local/lib/python3.12/site-packages/airflow/example_dags/example_setup_teardown.py for tasks to queue
[2024-07-12T00:38:02.374+0000] {logging_mixin.py:188} INFO - [2024-07-12T00:38:02.373+0000] {dagbag.py:545} INFO - Filling up the DagBag from /home/airflow/.local/lib/python3.12/site-packages/airflow/example_dags/example_setup_teardown.py
[2024-07-12T00:38:02.380+0000] {processor.py:840} INFO - DAG(s) 'example_setup_teardown' retrieved from /home/airflow/.local/lib/python3.12/site-packages/airflow/example_dags/example_setup_teardown.py
[2024-07-12T00:38:02.402+0000] {logging_mixin.py:188} INFO - [2024-07-12T00:38:02.401+0000] {dag.py:3096} INFO - Sync 1 DAGs
[2024-07-12T00:38:02.425+0000] {logging_mixin.py:188} INFO - [2024-07-12T00:38:02.425+0000] {dag.py:3954} INFO - Setting next_dagrun for example_setup_teardown to 2024-07-11 00:00:00+00:00, run_after=2024-07-12 00:00:00+00:00
[2024-07-12T00:38:02.443+0000] {processor.py:183} INFO - Processing /home/airflow/.local/lib/python3.12/site-packages/airflow/example_dags/example_setup_teardown.py took 0.078 seconds
[2024-07-12T00:38:33.110+0000] {processor.py:161} INFO - Started process (PID=366) to work on /home/airflow/.local/lib/python3.12/site-packages/airflow/example_dags/example_setup_teardown.py
[2024-07-12T00:38:33.111+0000] {processor.py:830} INFO - Processing file /home/airflow/.local/lib/python3.12/site-packages/airflow/example_dags/example_setup_teardown.py for tasks to queue
[2024-07-12T00:38:33.112+0000] {logging_mixin.py:188} INFO - [2024-07-12T00:38:33.112+0000] {dagbag.py:545} INFO - Filling up the DagBag from /home/airflow/.local/lib/python3.12/site-packages/airflow/example_dags/example_setup_teardown.py
[2024-07-12T00:38:33.117+0000] {processor.py:840} INFO - DAG(s) 'example_setup_teardown' retrieved from /home/airflow/.local/lib/python3.12/site-packages/airflow/example_dags/example_setup_teardown.py
[2024-07-12T00:38:33.135+0000] {logging_mixin.py:188} INFO - [2024-07-12T00:38:33.135+0000] {dag.py:3096} INFO - Sync 1 DAGs
[2024-07-12T00:38:33.155+0000] {logging_mixin.py:188} INFO - [2024-07-12T00:38:33.154+0000] {dag.py:3954} INFO - Setting next_dagrun for example_setup_teardown to 2024-07-11 00:00:00+00:00, run_after=2024-07-12 00:00:00+00:00
[2024-07-12T00:38:33.172+0000] {processor.py:183} INFO - Processing /home/airflow/.local/lib/python3.12/site-packages/airflow/example_dags/example_setup_teardown.py took 0.067 seconds
[2024-07-12T00:39:03.395+0000] {processor.py:161} INFO - Started process (PID=424) to work on /home/airflow/.local/lib/python3.12/site-packages/airflow/example_dags/example_setup_teardown.py
[2024-07-12T00:39:03.396+0000] {processor.py:830} INFO - Processing file /home/airflow/.local/lib/python3.12/site-packages/airflow/example_dags/example_setup_teardown.py for tasks to queue
[2024-07-12T00:39:03.398+0000] {logging_mixin.py:188} INFO - [2024-07-12T00:39:03.397+0000] {dagbag.py:545} INFO - Filling up the DagBag from /home/airflow/.local/lib/python3.12/site-packages/airflow/example_dags/example_setup_teardown.py
[2024-07-12T00:39:03.403+0000] {processor.py:840} INFO - DAG(s) 'example_setup_teardown' retrieved from /home/airflow/.local/lib/python3.12/site-packages/airflow/example_dags/example_setup_teardown.py
[2024-07-12T00:39:03.422+0000] {logging_mixin.py:188} INFO - [2024-07-12T00:39:03.421+0000] {dag.py:3096} INFO - Sync 1 DAGs
[2024-07-12T00:39:03.444+0000] {logging_mixin.py:188} INFO - [2024-07-12T00:39:03.444+0000] {dag.py:3954} INFO - Setting next_dagrun for example_setup_teardown to 2024-07-11 00:00:00+00:00, run_after=2024-07-12 00:00:00+00:00
[2024-07-12T00:39:03.459+0000] {processor.py:183} INFO - Processing /home/airflow/.local/lib/python3.12/site-packages/airflow/example_dags/example_setup_teardown.py took 0.068 seconds
[2024-07-12T00:39:33.518+0000] {processor.py:161} INFO - Started process (PID=482) to work on /home/airflow/.local/lib/python3.12/site-packages/airflow/example_dags/example_setup_teardown.py
[2024-07-12T00:39:33.520+0000] {processor.py:830} INFO - Processing file /home/airflow/.local/lib/python3.12/site-packages/airflow/example_dags/example_setup_teardown.py for tasks to queue
[2024-07-12T00:39:33.522+0000] {logging_mixin.py:188} INFO - [2024-07-12T00:39:33.521+0000] {dagbag.py:545} INFO - Filling up the DagBag from /home/airflow/.local/lib/python3.12/site-packages/airflow/example_dags/example_setup_teardown.py
[2024-07-12T00:39:33.528+0000] {processor.py:840} INFO - DAG(s) 'example_setup_teardown' retrieved from /home/airflow/.local/lib/python3.12/site-packages/airflow/example_dags/example_setup_teardown.py
[2024-07-12T00:39:33.548+0000] {logging_mixin.py:188} INFO - [2024-07-12T00:39:33.548+0000] {dag.py:3096} INFO - Sync 1 DAGs
[2024-07-12T00:39:33.571+0000] {logging_mixin.py:188} INFO - [2024-07-12T00:39:33.571+0000] {dag.py:3954} INFO - Setting next_dagrun for example_setup_teardown to 2024-07-11 00:00:00+00:00, run_after=2024-07-12 00:00:00+00:00
[2024-07-12T00:39:33.589+0000] {processor.py:183} INFO - Processing /home/airflow/.local/lib/python3.12/site-packages/airflow/example_dags/example_setup_teardown.py took 0.077 seconds
