[2024-07-12T00:36:00.555+0000] {processor.py:161} INFO - Started process (PID=82) to work on /home/airflow/.local/lib/python3.12/site-packages/airflow/example_dags/example_sla_dag.py
[2024-07-12T00:36:00.556+0000] {processor.py:830} INFO - Processing file /home/airflow/.local/lib/python3.12/site-packages/airflow/example_dags/example_sla_dag.py for tasks to queue
[2024-07-12T00:36:00.558+0000] {logging_mixin.py:188} INFO - [2024-07-12T00:36:00.558+0000] {dagbag.py:545} INFO - Filling up the DagBag from /home/airflow/.local/lib/python3.12/site-packages/airflow/example_dags/example_sla_dag.py
[2024-07-12T00:36:00.567+0000] {processor.py:840} INFO - DAG(s) 'example_sla_dag' retrieved from /home/airflow/.local/lib/python3.12/site-packages/airflow/example_dags/example_sla_dag.py
[2024-07-12T00:36:00.671+0000] {logging_mixin.py:188} INFO - [2024-07-12T00:36:00.670+0000] {dag.py:3096} INFO - Sync 1 DAGs
[2024-07-12T00:36:00.700+0000] {logging_mixin.py:188} INFO - [2024-07-12T00:36:00.700+0000] {dag.py:3954} INFO - Setting next_dagrun for example_sla_dag to 2024-07-12 00:34:00+00:00, run_after=2024-07-12 00:36:00+00:00
[2024-07-12T00:36:00.725+0000] {processor.py:183} INFO - Processing /home/airflow/.local/lib/python3.12/site-packages/airflow/example_dags/example_sla_dag.py took 0.176 seconds
[2024-07-12T00:36:31.182+0000] {processor.py:161} INFO - Started process (PID=140) to work on /home/airflow/.local/lib/python3.12/site-packages/airflow/example_dags/example_sla_dag.py
[2024-07-12T00:36:31.183+0000] {processor.py:830} INFO - Processing file /home/airflow/.local/lib/python3.12/site-packages/airflow/example_dags/example_sla_dag.py for tasks to queue
[2024-07-12T00:36:31.184+0000] {logging_mixin.py:188} INFO - [2024-07-12T00:36:31.184+0000] {dagbag.py:545} INFO - Filling up the DagBag from /home/airflow/.local/lib/python3.12/site-packages/airflow/example_dags/example_sla_dag.py
[2024-07-12T00:36:31.192+0000] {processor.py:840} INFO - DAG(s) 'example_sla_dag' retrieved from /home/airflow/.local/lib/python3.12/site-packages/airflow/example_dags/example_sla_dag.py
[2024-07-12T00:36:31.222+0000] {logging_mixin.py:188} INFO - [2024-07-12T00:36:31.222+0000] {dag.py:3096} INFO - Sync 1 DAGs
[2024-07-12T00:36:31.247+0000] {logging_mixin.py:188} INFO - [2024-07-12T00:36:31.247+0000] {dag.py:3954} INFO - Setting next_dagrun for example_sla_dag to 2024-07-12 00:34:00+00:00, run_after=2024-07-12 00:36:00+00:00
[2024-07-12T00:36:31.266+0000] {processor.py:183} INFO - Processing /home/airflow/.local/lib/python3.12/site-packages/airflow/example_dags/example_sla_dag.py took 0.091 seconds
[2024-07-12T00:37:01.412+0000] {processor.py:161} INFO - Started process (PID=198) to work on /home/airflow/.local/lib/python3.12/site-packages/airflow/example_dags/example_sla_dag.py
[2024-07-12T00:37:01.412+0000] {processor.py:830} INFO - Processing file /home/airflow/.local/lib/python3.12/site-packages/airflow/example_dags/example_sla_dag.py for tasks to queue
[2024-07-12T00:37:01.414+0000] {logging_mixin.py:188} INFO - [2024-07-12T00:37:01.413+0000] {dagbag.py:545} INFO - Filling up the DagBag from /home/airflow/.local/lib/python3.12/site-packages/airflow/example_dags/example_sla_dag.py
[2024-07-12T00:37:01.420+0000] {processor.py:840} INFO - DAG(s) 'example_sla_dag' retrieved from /home/airflow/.local/lib/python3.12/site-packages/airflow/example_dags/example_sla_dag.py
[2024-07-12T00:37:01.436+0000] {logging_mixin.py:188} INFO - [2024-07-12T00:37:01.436+0000] {dag.py:3096} INFO - Sync 1 DAGs
[2024-07-12T00:37:01.458+0000] {logging_mixin.py:188} INFO - [2024-07-12T00:37:01.457+0000] {dag.py:3954} INFO - Setting next_dagrun for example_sla_dag to 2024-07-12 00:34:00+00:00, run_after=2024-07-12 00:36:00+00:00
[2024-07-12T00:37:01.473+0000] {processor.py:183} INFO - Processing /home/airflow/.local/lib/python3.12/site-packages/airflow/example_dags/example_sla_dag.py took 0.066 seconds
[2024-07-12T00:37:32.133+0000] {processor.py:161} INFO - Started process (PID=256) to work on /home/airflow/.local/lib/python3.12/site-packages/airflow/example_dags/example_sla_dag.py
[2024-07-12T00:37:32.134+0000] {processor.py:830} INFO - Processing file /home/airflow/.local/lib/python3.12/site-packages/airflow/example_dags/example_sla_dag.py for tasks to queue
[2024-07-12T00:37:32.136+0000] {logging_mixin.py:188} INFO - [2024-07-12T00:37:32.135+0000] {dagbag.py:545} INFO - Filling up the DagBag from /home/airflow/.local/lib/python3.12/site-packages/airflow/example_dags/example_sla_dag.py
[2024-07-12T00:37:32.145+0000] {processor.py:840} INFO - DAG(s) 'example_sla_dag' retrieved from /home/airflow/.local/lib/python3.12/site-packages/airflow/example_dags/example_sla_dag.py
[2024-07-12T00:37:32.169+0000] {logging_mixin.py:188} INFO - [2024-07-12T00:37:32.169+0000] {dag.py:3096} INFO - Sync 1 DAGs
[2024-07-12T00:37:32.195+0000] {logging_mixin.py:188} INFO - [2024-07-12T00:37:32.195+0000] {dag.py:3954} INFO - Setting next_dagrun for example_sla_dag to 2024-07-12 00:34:00+00:00, run_after=2024-07-12 00:36:00+00:00
[2024-07-12T00:37:32.209+0000] {processor.py:183} INFO - Processing /home/airflow/.local/lib/python3.12/site-packages/airflow/example_dags/example_sla_dag.py took 0.081 seconds
[2024-07-12T00:38:02.692+0000] {processor.py:161} INFO - Started process (PID=314) to work on /home/airflow/.local/lib/python3.12/site-packages/airflow/example_dags/example_sla_dag.py
[2024-07-12T00:38:02.693+0000] {processor.py:830} INFO - Processing file /home/airflow/.local/lib/python3.12/site-packages/airflow/example_dags/example_sla_dag.py for tasks to queue
[2024-07-12T00:38:02.695+0000] {logging_mixin.py:188} INFO - [2024-07-12T00:38:02.694+0000] {dagbag.py:545} INFO - Filling up the DagBag from /home/airflow/.local/lib/python3.12/site-packages/airflow/example_dags/example_sla_dag.py
[2024-07-12T00:38:02.701+0000] {processor.py:840} INFO - DAG(s) 'example_sla_dag' retrieved from /home/airflow/.local/lib/python3.12/site-packages/airflow/example_dags/example_sla_dag.py
[2024-07-12T00:38:02.716+0000] {logging_mixin.py:188} INFO - [2024-07-12T00:38:02.716+0000] {dag.py:3096} INFO - Sync 1 DAGs
[2024-07-12T00:38:02.737+0000] {logging_mixin.py:188} INFO - [2024-07-12T00:38:02.737+0000] {dag.py:3954} INFO - Setting next_dagrun for example_sla_dag to 2024-07-12 00:36:00+00:00, run_after=2024-07-12 00:38:00+00:00
[2024-07-12T00:38:02.752+0000] {processor.py:183} INFO - Processing /home/airflow/.local/lib/python3.12/site-packages/airflow/example_dags/example_sla_dag.py took 0.064 seconds
[2024-07-12T00:38:33.376+0000] {processor.py:161} INFO - Started process (PID=372) to work on /home/airflow/.local/lib/python3.12/site-packages/airflow/example_dags/example_sla_dag.py
[2024-07-12T00:38:33.377+0000] {processor.py:830} INFO - Processing file /home/airflow/.local/lib/python3.12/site-packages/airflow/example_dags/example_sla_dag.py for tasks to queue
[2024-07-12T00:38:33.378+0000] {logging_mixin.py:188} INFO - [2024-07-12T00:38:33.378+0000] {dagbag.py:545} INFO - Filling up the DagBag from /home/airflow/.local/lib/python3.12/site-packages/airflow/example_dags/example_sla_dag.py
[2024-07-12T00:38:33.385+0000] {processor.py:840} INFO - DAG(s) 'example_sla_dag' retrieved from /home/airflow/.local/lib/python3.12/site-packages/airflow/example_dags/example_sla_dag.py
[2024-07-12T00:38:33.401+0000] {logging_mixin.py:188} INFO - [2024-07-12T00:38:33.401+0000] {dag.py:3096} INFO - Sync 1 DAGs
[2024-07-12T00:38:33.426+0000] {logging_mixin.py:188} INFO - [2024-07-12T00:38:33.426+0000] {dag.py:3954} INFO - Setting next_dagrun for example_sla_dag to 2024-07-12 00:36:00+00:00, run_after=2024-07-12 00:38:00+00:00
[2024-07-12T00:38:33.444+0000] {processor.py:183} INFO - Processing /home/airflow/.local/lib/python3.12/site-packages/airflow/example_dags/example_sla_dag.py took 0.073 seconds
[2024-07-12T00:39:03.743+0000] {processor.py:161} INFO - Started process (PID=430) to work on /home/airflow/.local/lib/python3.12/site-packages/airflow/example_dags/example_sla_dag.py
[2024-07-12T00:39:03.744+0000] {processor.py:830} INFO - Processing file /home/airflow/.local/lib/python3.12/site-packages/airflow/example_dags/example_sla_dag.py for tasks to queue
[2024-07-12T00:39:03.745+0000] {logging_mixin.py:188} INFO - [2024-07-12T00:39:03.745+0000] {dagbag.py:545} INFO - Filling up the DagBag from /home/airflow/.local/lib/python3.12/site-packages/airflow/example_dags/example_sla_dag.py
[2024-07-12T00:39:03.752+0000] {processor.py:840} INFO - DAG(s) 'example_sla_dag' retrieved from /home/airflow/.local/lib/python3.12/site-packages/airflow/example_dags/example_sla_dag.py
[2024-07-12T00:39:03.766+0000] {logging_mixin.py:188} INFO - [2024-07-12T00:39:03.766+0000] {dag.py:3096} INFO - Sync 1 DAGs
[2024-07-12T00:39:03.787+0000] {logging_mixin.py:188} INFO - [2024-07-12T00:39:03.786+0000] {dag.py:3954} INFO - Setting next_dagrun for example_sla_dag to 2024-07-12 00:36:00+00:00, run_after=2024-07-12 00:38:00+00:00
[2024-07-12T00:39:03.801+0000] {processor.py:183} INFO - Processing /home/airflow/.local/lib/python3.12/site-packages/airflow/example_dags/example_sla_dag.py took 0.062 seconds
[2024-07-12T00:39:33.887+0000] {processor.py:161} INFO - Started process (PID=488) to work on /home/airflow/.local/lib/python3.12/site-packages/airflow/example_dags/example_sla_dag.py
[2024-07-12T00:39:33.888+0000] {processor.py:830} INFO - Processing file /home/airflow/.local/lib/python3.12/site-packages/airflow/example_dags/example_sla_dag.py for tasks to queue
[2024-07-12T00:39:33.889+0000] {logging_mixin.py:188} INFO - [2024-07-12T00:39:33.889+0000] {dagbag.py:545} INFO - Filling up the DagBag from /home/airflow/.local/lib/python3.12/site-packages/airflow/example_dags/example_sla_dag.py
[2024-07-12T00:39:33.897+0000] {processor.py:840} INFO - DAG(s) 'example_sla_dag' retrieved from /home/airflow/.local/lib/python3.12/site-packages/airflow/example_dags/example_sla_dag.py
[2024-07-12T00:39:33.913+0000] {logging_mixin.py:188} INFO - [2024-07-12T00:39:33.913+0000] {dag.py:3096} INFO - Sync 1 DAGs
[2024-07-12T00:39:33.937+0000] {logging_mixin.py:188} INFO - [2024-07-12T00:39:33.936+0000] {dag.py:3954} INFO - Setting next_dagrun for example_sla_dag to 2024-07-12 00:36:00+00:00, run_after=2024-07-12 00:38:00+00:00
[2024-07-12T00:39:33.954+0000] {processor.py:183} INFO - Processing /home/airflow/.local/lib/python3.12/site-packages/airflow/example_dags/example_sla_dag.py took 0.072 seconds
