[2024-07-12T00:35:58.746+0000] {processor.py:161} INFO - Started process (PID=58) to work on /home/airflow/.local/lib/python3.12/site-packages/airflow/example_dags/example_display_name.py
[2024-07-12T00:35:58.746+0000] {processor.py:830} INFO - Processing file /home/airflow/.local/lib/python3.12/site-packages/airflow/example_dags/example_display_name.py for tasks to queue
[2024-07-12T00:35:58.748+0000] {logging_mixin.py:188} INFO - [2024-07-12T00:35:58.747+0000] {dagbag.py:545} INFO - Filling up the DagBag from /home/airflow/.local/lib/python3.12/site-packages/airflow/example_dags/example_display_name.py
[2024-07-12T00:35:58.754+0000] {processor.py:840} INFO - DAG(s) 'example_display_name' retrieved from /home/airflow/.local/lib/python3.12/site-packages/airflow/example_dags/example_display_name.py
[2024-07-12T00:35:58.849+0000] {logging_mixin.py:188} INFO - [2024-07-12T00:35:58.848+0000] {dag.py:3096} INFO - Sync 1 DAGs
[2024-07-12T00:35:58.858+0000] {logging_mixin.py:188} INFO - [2024-07-12T00:35:58.858+0000] {dag.py:3954} INFO - Setting next_dagrun for example_display_name to None, run_after=None
[2024-07-12T00:35:58.876+0000] {processor.py:183} INFO - Processing /home/airflow/.local/lib/python3.12/site-packages/airflow/example_dags/example_display_name.py took 0.135 seconds
[2024-07-12T00:36:29.057+0000] {processor.py:161} INFO - Started process (PID=115) to work on /home/airflow/.local/lib/python3.12/site-packages/airflow/example_dags/example_display_name.py
[2024-07-12T00:36:29.057+0000] {processor.py:830} INFO - Processing file /home/airflow/.local/lib/python3.12/site-packages/airflow/example_dags/example_display_name.py for tasks to queue
[2024-07-12T00:36:29.059+0000] {logging_mixin.py:188} INFO - [2024-07-12T00:36:29.059+0000] {dagbag.py:545} INFO - Filling up the DagBag from /home/airflow/.local/lib/python3.12/site-packages/airflow/example_dags/example_display_name.py
[2024-07-12T00:36:29.064+0000] {processor.py:840} INFO - DAG(s) 'example_display_name' retrieved from /home/airflow/.local/lib/python3.12/site-packages/airflow/example_dags/example_display_name.py
[2024-07-12T00:36:29.080+0000] {logging_mixin.py:188} INFO - [2024-07-12T00:36:29.080+0000] {dag.py:3096} INFO - Sync 1 DAGs
[2024-07-12T00:36:29.092+0000] {logging_mixin.py:188} INFO - [2024-07-12T00:36:29.092+0000] {dag.py:3954} INFO - Setting next_dagrun for example_display_name to None, run_after=None
[2024-07-12T00:36:29.111+0000] {processor.py:183} INFO - Processing /home/airflow/.local/lib/python3.12/site-packages/airflow/example_dags/example_display_name.py took 0.059 seconds
[2024-07-12T00:36:59.490+0000] {processor.py:161} INFO - Started process (PID=173) to work on /home/airflow/.local/lib/python3.12/site-packages/airflow/example_dags/example_display_name.py
[2024-07-12T00:36:59.490+0000] {processor.py:830} INFO - Processing file /home/airflow/.local/lib/python3.12/site-packages/airflow/example_dags/example_display_name.py for tasks to queue
[2024-07-12T00:36:59.492+0000] {logging_mixin.py:188} INFO - [2024-07-12T00:36:59.492+0000] {dagbag.py:545} INFO - Filling up the DagBag from /home/airflow/.local/lib/python3.12/site-packages/airflow/example_dags/example_display_name.py
[2024-07-12T00:36:59.496+0000] {processor.py:840} INFO - DAG(s) 'example_display_name' retrieved from /home/airflow/.local/lib/python3.12/site-packages/airflow/example_dags/example_display_name.py
[2024-07-12T00:36:59.511+0000] {logging_mixin.py:188} INFO - [2024-07-12T00:36:59.511+0000] {dag.py:3096} INFO - Sync 1 DAGs
[2024-07-12T00:36:59.522+0000] {logging_mixin.py:188} INFO - [2024-07-12T00:36:59.522+0000] {dag.py:3954} INFO - Setting next_dagrun for example_display_name to None, run_after=None
[2024-07-12T00:36:59.540+0000] {processor.py:183} INFO - Processing /home/airflow/.local/lib/python3.12/site-packages/airflow/example_dags/example_display_name.py took 0.054 seconds
[2024-07-12T00:37:30.114+0000] {processor.py:161} INFO - Started process (PID=232) to work on /home/airflow/.local/lib/python3.12/site-packages/airflow/example_dags/example_display_name.py
[2024-07-12T00:37:30.115+0000] {processor.py:830} INFO - Processing file /home/airflow/.local/lib/python3.12/site-packages/airflow/example_dags/example_display_name.py for tasks to queue
[2024-07-12T00:37:30.117+0000] {logging_mixin.py:188} INFO - [2024-07-12T00:37:30.116+0000] {dagbag.py:545} INFO - Filling up the DagBag from /home/airflow/.local/lib/python3.12/site-packages/airflow/example_dags/example_display_name.py
[2024-07-12T00:37:30.122+0000] {processor.py:840} INFO - DAG(s) 'example_display_name' retrieved from /home/airflow/.local/lib/python3.12/site-packages/airflow/example_dags/example_display_name.py
[2024-07-12T00:37:30.141+0000] {logging_mixin.py:188} INFO - [2024-07-12T00:37:30.141+0000] {dag.py:3096} INFO - Sync 1 DAGs
[2024-07-12T00:37:30.157+0000] {logging_mixin.py:188} INFO - [2024-07-12T00:37:30.157+0000] {dag.py:3954} INFO - Setting next_dagrun for example_display_name to None, run_after=None
[2024-07-12T00:37:30.175+0000] {processor.py:183} INFO - Processing /home/airflow/.local/lib/python3.12/site-packages/airflow/example_dags/example_display_name.py took 0.067 seconds
[2024-07-12T00:38:00.678+0000] {processor.py:161} INFO - Started process (PID=296) to work on /home/airflow/.local/lib/python3.12/site-packages/airflow/example_dags/example_display_name.py
[2024-07-12T00:38:00.679+0000] {processor.py:830} INFO - Processing file /home/airflow/.local/lib/python3.12/site-packages/airflow/example_dags/example_display_name.py for tasks to queue
[2024-07-12T00:38:00.680+0000] {logging_mixin.py:188} INFO - [2024-07-12T00:38:00.680+0000] {dagbag.py:545} INFO - Filling up the DagBag from /home/airflow/.local/lib/python3.12/site-packages/airflow/example_dags/example_display_name.py
[2024-07-12T00:38:00.696+0000] {processor.py:840} INFO - DAG(s) 'example_display_name' retrieved from /home/airflow/.local/lib/python3.12/site-packages/airflow/example_dags/example_display_name.py
[2024-07-12T00:38:00.714+0000] {logging_mixin.py:188} INFO - [2024-07-12T00:38:00.714+0000] {dag.py:3096} INFO - Sync 1 DAGs
[2024-07-12T00:38:00.725+0000] {logging_mixin.py:188} INFO - [2024-07-12T00:38:00.725+0000] {dag.py:3954} INFO - Setting next_dagrun for example_display_name to None, run_after=None
[2024-07-12T00:38:00.739+0000] {processor.py:183} INFO - Processing /home/airflow/.local/lib/python3.12/site-packages/airflow/example_dags/example_display_name.py took 0.066 seconds
[2024-07-12T00:38:31.342+0000] {processor.py:161} INFO - Started process (PID=354) to work on /home/airflow/.local/lib/python3.12/site-packages/airflow/example_dags/example_display_name.py
[2024-07-12T00:38:31.343+0000] {processor.py:830} INFO - Processing file /home/airflow/.local/lib/python3.12/site-packages/airflow/example_dags/example_display_name.py for tasks to queue
[2024-07-12T00:38:31.345+0000] {logging_mixin.py:188} INFO - [2024-07-12T00:38:31.344+0000] {dagbag.py:545} INFO - Filling up the DagBag from /home/airflow/.local/lib/python3.12/site-packages/airflow/example_dags/example_display_name.py
[2024-07-12T00:38:31.350+0000] {processor.py:840} INFO - DAG(s) 'example_display_name' retrieved from /home/airflow/.local/lib/python3.12/site-packages/airflow/example_dags/example_display_name.py
[2024-07-12T00:38:31.371+0000] {logging_mixin.py:188} INFO - [2024-07-12T00:38:31.371+0000] {dag.py:3096} INFO - Sync 1 DAGs
[2024-07-12T00:38:31.386+0000] {logging_mixin.py:188} INFO - [2024-07-12T00:38:31.386+0000] {dag.py:3954} INFO - Setting next_dagrun for example_display_name to None, run_after=None
[2024-07-12T00:38:31.403+0000] {processor.py:183} INFO - Processing /home/airflow/.local/lib/python3.12/site-packages/airflow/example_dags/example_display_name.py took 0.068 seconds
[2024-07-12T00:39:01.487+0000] {processor.py:161} INFO - Started process (PID=411) to work on /home/airflow/.local/lib/python3.12/site-packages/airflow/example_dags/example_display_name.py
[2024-07-12T00:39:01.488+0000] {processor.py:830} INFO - Processing file /home/airflow/.local/lib/python3.12/site-packages/airflow/example_dags/example_display_name.py for tasks to queue
[2024-07-12T00:39:01.490+0000] {logging_mixin.py:188} INFO - [2024-07-12T00:39:01.489+0000] {dagbag.py:545} INFO - Filling up the DagBag from /home/airflow/.local/lib/python3.12/site-packages/airflow/example_dags/example_display_name.py
[2024-07-12T00:39:01.494+0000] {processor.py:840} INFO - DAG(s) 'example_display_name' retrieved from /home/airflow/.local/lib/python3.12/site-packages/airflow/example_dags/example_display_name.py
[2024-07-12T00:39:01.511+0000] {logging_mixin.py:188} INFO - [2024-07-12T00:39:01.510+0000] {dag.py:3096} INFO - Sync 1 DAGs
[2024-07-12T00:39:01.522+0000] {logging_mixin.py:188} INFO - [2024-07-12T00:39:01.522+0000] {dag.py:3954} INFO - Setting next_dagrun for example_display_name to None, run_after=None
[2024-07-12T00:39:01.540+0000] {processor.py:183} INFO - Processing /home/airflow/.local/lib/python3.12/site-packages/airflow/example_dags/example_display_name.py took 0.060 seconds
[2024-07-12T00:39:31.692+0000] {processor.py:161} INFO - Started process (PID=469) to work on /home/airflow/.local/lib/python3.12/site-packages/airflow/example_dags/example_display_name.py
[2024-07-12T00:39:31.693+0000] {processor.py:830} INFO - Processing file /home/airflow/.local/lib/python3.12/site-packages/airflow/example_dags/example_display_name.py for tasks to queue
[2024-07-12T00:39:31.695+0000] {logging_mixin.py:188} INFO - [2024-07-12T00:39:31.695+0000] {dagbag.py:545} INFO - Filling up the DagBag from /home/airflow/.local/lib/python3.12/site-packages/airflow/example_dags/example_display_name.py
[2024-07-12T00:39:31.700+0000] {processor.py:840} INFO - DAG(s) 'example_display_name' retrieved from /home/airflow/.local/lib/python3.12/site-packages/airflow/example_dags/example_display_name.py
[2024-07-12T00:39:31.715+0000] {logging_mixin.py:188} INFO - [2024-07-12T00:39:31.715+0000] {dag.py:3096} INFO - Sync 1 DAGs
[2024-07-12T00:39:31.730+0000] {logging_mixin.py:188} INFO - [2024-07-12T00:39:31.729+0000] {dag.py:3954} INFO - Setting next_dagrun for example_display_name to None, run_after=None
[2024-07-12T00:39:31.745+0000] {processor.py:183} INFO - Processing /home/airflow/.local/lib/python3.12/site-packages/airflow/example_dags/example_display_name.py took 0.058 seconds
