[2024-07-12T00:35:40.972+0000] {processor.py:161} INFO - Started process (PID=62) to work on /home/airflow/.local/lib/python3.12/site-packages/airflow/example_dags/example_short_circuit_operator.py
[2024-07-12T00:35:40.973+0000] {processor.py:830} INFO - Processing file /home/airflow/.local/lib/python3.12/site-packages/airflow/example_dags/example_short_circuit_operator.py for tasks to queue
[2024-07-12T00:35:40.976+0000] {logging_mixin.py:188} INFO - [2024-07-12T00:35:40.975+0000] {dagbag.py:545} INFO - Filling up the DagBag from /home/airflow/.local/lib/python3.12/site-packages/airflow/example_dags/example_short_circuit_operator.py
[2024-07-12T00:35:40.989+0000] {processor.py:840} INFO - DAG(s) 'example_short_circuit_operator' retrieved from /home/airflow/.local/lib/python3.12/site-packages/airflow/example_dags/example_short_circuit_operator.py
[2024-07-12T00:35:41.005+0000] {logging_mixin.py:188} INFO - [2024-07-12T00:35:41.005+0000] {dag.py:3096} INFO - Sync 1 DAGs
[2024-07-12T00:35:41.059+0000] {logging_mixin.py:188} INFO - [2024-07-12T00:35:41.058+0000] {dag.py:3954} INFO - Setting next_dagrun for example_short_circuit_operator to 2024-07-11 00:00:00+00:00, run_after=2024-07-12 00:00:00+00:00
[2024-07-12T00:35:41.082+0000] {processor.py:183} INFO - Processing /home/airflow/.local/lib/python3.12/site-packages/airflow/example_dags/example_short_circuit_operator.py took 0.118 seconds
[2024-07-12T00:35:57.929+0000] {processor.py:161} INFO - Started process (PID=49) to work on /home/airflow/.local/lib/python3.12/site-packages/airflow/example_dags/example_short_circuit_operator.py
[2024-07-12T00:35:57.930+0000] {processor.py:830} INFO - Processing file /home/airflow/.local/lib/python3.12/site-packages/airflow/example_dags/example_short_circuit_operator.py for tasks to queue
[2024-07-12T00:35:57.931+0000] {logging_mixin.py:188} INFO - [2024-07-12T00:35:57.931+0000] {dagbag.py:545} INFO - Filling up the DagBag from /home/airflow/.local/lib/python3.12/site-packages/airflow/example_dags/example_short_circuit_operator.py
[2024-07-12T00:35:57.940+0000] {processor.py:840} INFO - DAG(s) 'example_short_circuit_operator' retrieved from /home/airflow/.local/lib/python3.12/site-packages/airflow/example_dags/example_short_circuit_operator.py
[2024-07-12T00:35:58.044+0000] {logging_mixin.py:188} INFO - [2024-07-12T00:35:58.043+0000] {dag.py:3096} INFO - Sync 1 DAGs
[2024-07-12T00:35:58.064+0000] {logging_mixin.py:188} INFO - [2024-07-12T00:35:58.064+0000] {dag.py:3954} INFO - Setting next_dagrun for example_short_circuit_operator to 2024-07-11 00:00:00+00:00, run_after=2024-07-12 00:00:00+00:00
[2024-07-12T00:35:58.082+0000] {processor.py:183} INFO - Processing /home/airflow/.local/lib/python3.12/site-packages/airflow/example_dags/example_short_circuit_operator.py took 0.158 seconds
[2024-07-12T00:36:28.655+0000] {processor.py:161} INFO - Started process (PID=107) to work on /home/airflow/.local/lib/python3.12/site-packages/airflow/example_dags/example_short_circuit_operator.py
[2024-07-12T00:36:28.656+0000] {processor.py:830} INFO - Processing file /home/airflow/.local/lib/python3.12/site-packages/airflow/example_dags/example_short_circuit_operator.py for tasks to queue
[2024-07-12T00:36:28.657+0000] {logging_mixin.py:188} INFO - [2024-07-12T00:36:28.657+0000] {dagbag.py:545} INFO - Filling up the DagBag from /home/airflow/.local/lib/python3.12/site-packages/airflow/example_dags/example_short_circuit_operator.py
[2024-07-12T00:36:28.668+0000] {processor.py:840} INFO - DAG(s) 'example_short_circuit_operator' retrieved from /home/airflow/.local/lib/python3.12/site-packages/airflow/example_dags/example_short_circuit_operator.py
[2024-07-12T00:36:28.687+0000] {logging_mixin.py:188} INFO - [2024-07-12T00:36:28.687+0000] {dag.py:3096} INFO - Sync 1 DAGs
[2024-07-12T00:36:28.707+0000] {logging_mixin.py:188} INFO - [2024-07-12T00:36:28.707+0000] {dag.py:3954} INFO - Setting next_dagrun for example_short_circuit_operator to 2024-07-11 00:00:00+00:00, run_after=2024-07-12 00:00:00+00:00
[2024-07-12T00:36:28.723+0000] {processor.py:183} INFO - Processing /home/airflow/.local/lib/python3.12/site-packages/airflow/example_dags/example_short_circuit_operator.py took 0.073 seconds
[2024-07-12T00:36:59.115+0000] {processor.py:161} INFO - Started process (PID=165) to work on /home/airflow/.local/lib/python3.12/site-packages/airflow/example_dags/example_short_circuit_operator.py
[2024-07-12T00:36:59.116+0000] {processor.py:830} INFO - Processing file /home/airflow/.local/lib/python3.12/site-packages/airflow/example_dags/example_short_circuit_operator.py for tasks to queue
[2024-07-12T00:36:59.117+0000] {logging_mixin.py:188} INFO - [2024-07-12T00:36:59.117+0000] {dagbag.py:545} INFO - Filling up the DagBag from /home/airflow/.local/lib/python3.12/site-packages/airflow/example_dags/example_short_circuit_operator.py
[2024-07-12T00:36:59.124+0000] {processor.py:840} INFO - DAG(s) 'example_short_circuit_operator' retrieved from /home/airflow/.local/lib/python3.12/site-packages/airflow/example_dags/example_short_circuit_operator.py
[2024-07-12T00:36:59.145+0000] {logging_mixin.py:188} INFO - [2024-07-12T00:36:59.145+0000] {dag.py:3096} INFO - Sync 1 DAGs
[2024-07-12T00:36:59.163+0000] {logging_mixin.py:188} INFO - [2024-07-12T00:36:59.163+0000] {dag.py:3954} INFO - Setting next_dagrun for example_short_circuit_operator to 2024-07-11 00:00:00+00:00, run_after=2024-07-12 00:00:00+00:00
[2024-07-12T00:36:59.177+0000] {processor.py:183} INFO - Processing /home/airflow/.local/lib/python3.12/site-packages/airflow/example_dags/example_short_circuit_operator.py took 0.068 seconds
[2024-07-12T00:37:29.603+0000] {processor.py:161} INFO - Started process (PID=223) to work on /home/airflow/.local/lib/python3.12/site-packages/airflow/example_dags/example_short_circuit_operator.py
[2024-07-12T00:37:29.604+0000] {processor.py:830} INFO - Processing file /home/airflow/.local/lib/python3.12/site-packages/airflow/example_dags/example_short_circuit_operator.py for tasks to queue
[2024-07-12T00:37:29.606+0000] {logging_mixin.py:188} INFO - [2024-07-12T00:37:29.605+0000] {dagbag.py:545} INFO - Filling up the DagBag from /home/airflow/.local/lib/python3.12/site-packages/airflow/example_dags/example_short_circuit_operator.py
[2024-07-12T00:37:29.614+0000] {processor.py:840} INFO - DAG(s) 'example_short_circuit_operator' retrieved from /home/airflow/.local/lib/python3.12/site-packages/airflow/example_dags/example_short_circuit_operator.py
[2024-07-12T00:37:29.634+0000] {logging_mixin.py:188} INFO - [2024-07-12T00:37:29.634+0000] {dag.py:3096} INFO - Sync 1 DAGs
[2024-07-12T00:37:29.657+0000] {logging_mixin.py:188} INFO - [2024-07-12T00:37:29.656+0000] {dag.py:3954} INFO - Setting next_dagrun for example_short_circuit_operator to 2024-07-11 00:00:00+00:00, run_after=2024-07-12 00:00:00+00:00
[2024-07-12T00:37:29.677+0000] {processor.py:183} INFO - Processing /home/airflow/.local/lib/python3.12/site-packages/airflow/example_dags/example_short_circuit_operator.py took 0.080 seconds
[2024-07-12T00:38:00.195+0000] {processor.py:161} INFO - Started process (PID=281) to work on /home/airflow/.local/lib/python3.12/site-packages/airflow/example_dags/example_short_circuit_operator.py
[2024-07-12T00:38:00.196+0000] {processor.py:830} INFO - Processing file /home/airflow/.local/lib/python3.12/site-packages/airflow/example_dags/example_short_circuit_operator.py for tasks to queue
[2024-07-12T00:38:00.198+0000] {logging_mixin.py:188} INFO - [2024-07-12T00:38:00.197+0000] {dagbag.py:545} INFO - Filling up the DagBag from /home/airflow/.local/lib/python3.12/site-packages/airflow/example_dags/example_short_circuit_operator.py
[2024-07-12T00:38:00.205+0000] {processor.py:840} INFO - DAG(s) 'example_short_circuit_operator' retrieved from /home/airflow/.local/lib/python3.12/site-packages/airflow/example_dags/example_short_circuit_operator.py
[2024-07-12T00:38:00.236+0000] {logging_mixin.py:188} INFO - [2024-07-12T00:38:00.236+0000] {dag.py:3096} INFO - Sync 1 DAGs
[2024-07-12T00:38:00.269+0000] {logging_mixin.py:188} INFO - [2024-07-12T00:38:00.269+0000] {dag.py:3954} INFO - Setting next_dagrun for example_short_circuit_operator to 2024-07-11 00:00:00+00:00, run_after=2024-07-12 00:00:00+00:00
[2024-07-12T00:38:00.286+0000] {processor.py:183} INFO - Processing /home/airflow/.local/lib/python3.12/site-packages/airflow/example_dags/example_short_circuit_operator.py took 0.097 seconds
[2024-07-12T00:38:30.849+0000] {processor.py:161} INFO - Started process (PID=345) to work on /home/airflow/.local/lib/python3.12/site-packages/airflow/example_dags/example_short_circuit_operator.py
[2024-07-12T00:38:30.850+0000] {processor.py:830} INFO - Processing file /home/airflow/.local/lib/python3.12/site-packages/airflow/example_dags/example_short_circuit_operator.py for tasks to queue
[2024-07-12T00:38:30.851+0000] {logging_mixin.py:188} INFO - [2024-07-12T00:38:30.851+0000] {dagbag.py:545} INFO - Filling up the DagBag from /home/airflow/.local/lib/python3.12/site-packages/airflow/example_dags/example_short_circuit_operator.py
[2024-07-12T00:38:30.858+0000] {processor.py:840} INFO - DAG(s) 'example_short_circuit_operator' retrieved from /home/airflow/.local/lib/python3.12/site-packages/airflow/example_dags/example_short_circuit_operator.py
[2024-07-12T00:38:30.883+0000] {logging_mixin.py:188} INFO - [2024-07-12T00:38:30.883+0000] {dag.py:3096} INFO - Sync 1 DAGs
[2024-07-12T00:38:30.903+0000] {logging_mixin.py:188} INFO - [2024-07-12T00:38:30.903+0000] {dag.py:3954} INFO - Setting next_dagrun for example_short_circuit_operator to 2024-07-11 00:00:00+00:00, run_after=2024-07-12 00:00:00+00:00
[2024-07-12T00:38:30.919+0000] {processor.py:183} INFO - Processing /home/airflow/.local/lib/python3.12/site-packages/airflow/example_dags/example_short_circuit_operator.py took 0.076 seconds
[2024-07-12T00:39:00.974+0000] {processor.py:161} INFO - Started process (PID=403) to work on /home/airflow/.local/lib/python3.12/site-packages/airflow/example_dags/example_short_circuit_operator.py
[2024-07-12T00:39:00.975+0000] {processor.py:830} INFO - Processing file /home/airflow/.local/lib/python3.12/site-packages/airflow/example_dags/example_short_circuit_operator.py for tasks to queue
[2024-07-12T00:39:00.976+0000] {logging_mixin.py:188} INFO - [2024-07-12T00:39:00.976+0000] {dagbag.py:545} INFO - Filling up the DagBag from /home/airflow/.local/lib/python3.12/site-packages/airflow/example_dags/example_short_circuit_operator.py
[2024-07-12T00:39:00.982+0000] {processor.py:840} INFO - DAG(s) 'example_short_circuit_operator' retrieved from /home/airflow/.local/lib/python3.12/site-packages/airflow/example_dags/example_short_circuit_operator.py
[2024-07-12T00:39:01.009+0000] {logging_mixin.py:188} INFO - [2024-07-12T00:39:01.009+0000] {dag.py:3096} INFO - Sync 1 DAGs
[2024-07-12T00:39:01.042+0000] {logging_mixin.py:188} INFO - [2024-07-12T00:39:01.042+0000] {dag.py:3954} INFO - Setting next_dagrun for example_short_circuit_operator to 2024-07-11 00:00:00+00:00, run_after=2024-07-12 00:00:00+00:00
[2024-07-12T00:39:01.064+0000] {processor.py:183} INFO - Processing /home/airflow/.local/lib/python3.12/site-packages/airflow/example_dags/example_short_circuit_operator.py took 0.095 seconds
[2024-07-12T00:39:31.283+0000] {processor.py:161} INFO - Started process (PID=461) to work on /home/airflow/.local/lib/python3.12/site-packages/airflow/example_dags/example_short_circuit_operator.py
[2024-07-12T00:39:31.284+0000] {processor.py:830} INFO - Processing file /home/airflow/.local/lib/python3.12/site-packages/airflow/example_dags/example_short_circuit_operator.py for tasks to queue
[2024-07-12T00:39:31.286+0000] {logging_mixin.py:188} INFO - [2024-07-12T00:39:31.286+0000] {dagbag.py:545} INFO - Filling up the DagBag from /home/airflow/.local/lib/python3.12/site-packages/airflow/example_dags/example_short_circuit_operator.py
[2024-07-12T00:39:31.294+0000] {processor.py:840} INFO - DAG(s) 'example_short_circuit_operator' retrieved from /home/airflow/.local/lib/python3.12/site-packages/airflow/example_dags/example_short_circuit_operator.py
[2024-07-12T00:39:31.324+0000] {logging_mixin.py:188} INFO - [2024-07-12T00:39:31.323+0000] {dag.py:3096} INFO - Sync 1 DAGs
[2024-07-12T00:39:31.344+0000] {logging_mixin.py:188} INFO - [2024-07-12T00:39:31.344+0000] {dag.py:3954} INFO - Setting next_dagrun for example_short_circuit_operator to 2024-07-11 00:00:00+00:00, run_after=2024-07-12 00:00:00+00:00
[2024-07-12T00:39:31.363+0000] {processor.py:183} INFO - Processing /home/airflow/.local/lib/python3.12/site-packages/airflow/example_dags/example_short_circuit_operator.py took 0.085 seconds
