[2024-07-12T00:36:00.755+0000] {processor.py:161} INFO - Started process (PID=84) to work on /home/airflow/.local/lib/python3.12/site-packages/airflow/example_dags/example_nested_branch_dag.py
[2024-07-12T00:36:00.756+0000] {processor.py:830} INFO - Processing file /home/airflow/.local/lib/python3.12/site-packages/airflow/example_dags/example_nested_branch_dag.py for tasks to queue
[2024-07-12T00:36:00.758+0000] {logging_mixin.py:188} INFO - [2024-07-12T00:36:00.758+0000] {dagbag.py:545} INFO - Filling up the DagBag from /home/airflow/.local/lib/python3.12/site-packages/airflow/example_dags/example_nested_branch_dag.py
[2024-07-12T00:36:00.773+0000] {processor.py:840} INFO - DAG(s) 'example_nested_branch_dag' retrieved from /home/airflow/.local/lib/python3.12/site-packages/airflow/example_dags/example_nested_branch_dag.py
[2024-07-12T00:36:00.895+0000] {logging_mixin.py:188} INFO - [2024-07-12T00:36:00.895+0000] {dag.py:3096} INFO - Sync 1 DAGs
[2024-07-12T00:36:00.925+0000] {logging_mixin.py:188} INFO - [2024-07-12T00:36:00.925+0000] {dag.py:3954} INFO - Setting next_dagrun for example_nested_branch_dag to 2024-07-11 00:00:00+00:00, run_after=2024-07-12 00:00:00+00:00
[2024-07-12T00:36:00.948+0000] {processor.py:183} INFO - Processing /home/airflow/.local/lib/python3.12/site-packages/airflow/example_dags/example_nested_branch_dag.py took 0.199 seconds
[2024-07-12T00:36:31.292+0000] {processor.py:161} INFO - Started process (PID=142) to work on /home/airflow/.local/lib/python3.12/site-packages/airflow/example_dags/example_nested_branch_dag.py
[2024-07-12T00:36:31.293+0000] {processor.py:830} INFO - Processing file /home/airflow/.local/lib/python3.12/site-packages/airflow/example_dags/example_nested_branch_dag.py for tasks to queue
[2024-07-12T00:36:31.294+0000] {logging_mixin.py:188} INFO - [2024-07-12T00:36:31.294+0000] {dagbag.py:545} INFO - Filling up the DagBag from /home/airflow/.local/lib/python3.12/site-packages/airflow/example_dags/example_nested_branch_dag.py
[2024-07-12T00:36:31.303+0000] {processor.py:840} INFO - DAG(s) 'example_nested_branch_dag' retrieved from /home/airflow/.local/lib/python3.12/site-packages/airflow/example_dags/example_nested_branch_dag.py
[2024-07-12T00:36:31.323+0000] {logging_mixin.py:188} INFO - [2024-07-12T00:36:31.323+0000] {dag.py:3096} INFO - Sync 1 DAGs
[2024-07-12T00:36:31.343+0000] {logging_mixin.py:188} INFO - [2024-07-12T00:36:31.343+0000] {dag.py:3954} INFO - Setting next_dagrun for example_nested_branch_dag to 2024-07-11 00:00:00+00:00, run_after=2024-07-12 00:00:00+00:00
[2024-07-12T00:36:31.358+0000] {processor.py:183} INFO - Processing /home/airflow/.local/lib/python3.12/site-packages/airflow/example_dags/example_nested_branch_dag.py took 0.072 seconds
[2024-07-12T00:37:01.496+0000] {processor.py:161} INFO - Started process (PID=200) to work on /home/airflow/.local/lib/python3.12/site-packages/airflow/example_dags/example_nested_branch_dag.py
[2024-07-12T00:37:01.496+0000] {processor.py:830} INFO - Processing file /home/airflow/.local/lib/python3.12/site-packages/airflow/example_dags/example_nested_branch_dag.py for tasks to queue
[2024-07-12T00:37:01.498+0000] {logging_mixin.py:188} INFO - [2024-07-12T00:37:01.498+0000] {dagbag.py:545} INFO - Filling up the DagBag from /home/airflow/.local/lib/python3.12/site-packages/airflow/example_dags/example_nested_branch_dag.py
[2024-07-12T00:37:01.506+0000] {processor.py:840} INFO - DAG(s) 'example_nested_branch_dag' retrieved from /home/airflow/.local/lib/python3.12/site-packages/airflow/example_dags/example_nested_branch_dag.py
[2024-07-12T00:37:01.525+0000] {logging_mixin.py:188} INFO - [2024-07-12T00:37:01.525+0000] {dag.py:3096} INFO - Sync 1 DAGs
[2024-07-12T00:37:01.546+0000] {logging_mixin.py:188} INFO - [2024-07-12T00:37:01.546+0000] {dag.py:3954} INFO - Setting next_dagrun for example_nested_branch_dag to 2024-07-11 00:00:00+00:00, run_after=2024-07-12 00:00:00+00:00
[2024-07-12T00:37:01.564+0000] {processor.py:183} INFO - Processing /home/airflow/.local/lib/python3.12/site-packages/airflow/example_dags/example_nested_branch_dag.py took 0.073 seconds
[2024-07-12T00:37:32.230+0000] {processor.py:161} INFO - Started process (PID=258) to work on /home/airflow/.local/lib/python3.12/site-packages/airflow/example_dags/example_nested_branch_dag.py
[2024-07-12T00:37:32.231+0000] {processor.py:830} INFO - Processing file /home/airflow/.local/lib/python3.12/site-packages/airflow/example_dags/example_nested_branch_dag.py for tasks to queue
[2024-07-12T00:37:32.232+0000] {logging_mixin.py:188} INFO - [2024-07-12T00:37:32.232+0000] {dagbag.py:545} INFO - Filling up the DagBag from /home/airflow/.local/lib/python3.12/site-packages/airflow/example_dags/example_nested_branch_dag.py
[2024-07-12T00:37:32.240+0000] {processor.py:840} INFO - DAG(s) 'example_nested_branch_dag' retrieved from /home/airflow/.local/lib/python3.12/site-packages/airflow/example_dags/example_nested_branch_dag.py
[2024-07-12T00:37:32.258+0000] {logging_mixin.py:188} INFO - [2024-07-12T00:37:32.258+0000] {dag.py:3096} INFO - Sync 1 DAGs
[2024-07-12T00:37:32.279+0000] {logging_mixin.py:188} INFO - [2024-07-12T00:37:32.278+0000] {dag.py:3954} INFO - Setting next_dagrun for example_nested_branch_dag to 2024-07-11 00:00:00+00:00, run_after=2024-07-12 00:00:00+00:00
[2024-07-12T00:37:32.295+0000] {processor.py:183} INFO - Processing /home/airflow/.local/lib/python3.12/site-packages/airflow/example_dags/example_nested_branch_dag.py took 0.070 seconds
[2024-07-12T00:38:02.775+0000] {processor.py:161} INFO - Started process (PID=316) to work on /home/airflow/.local/lib/python3.12/site-packages/airflow/example_dags/example_nested_branch_dag.py
[2024-07-12T00:38:02.776+0000] {processor.py:830} INFO - Processing file /home/airflow/.local/lib/python3.12/site-packages/airflow/example_dags/example_nested_branch_dag.py for tasks to queue
[2024-07-12T00:38:02.777+0000] {logging_mixin.py:188} INFO - [2024-07-12T00:38:02.777+0000] {dagbag.py:545} INFO - Filling up the DagBag from /home/airflow/.local/lib/python3.12/site-packages/airflow/example_dags/example_nested_branch_dag.py
[2024-07-12T00:38:02.785+0000] {processor.py:840} INFO - DAG(s) 'example_nested_branch_dag' retrieved from /home/airflow/.local/lib/python3.12/site-packages/airflow/example_dags/example_nested_branch_dag.py
[2024-07-12T00:38:02.805+0000] {logging_mixin.py:188} INFO - [2024-07-12T00:38:02.804+0000] {dag.py:3096} INFO - Sync 1 DAGs
[2024-07-12T00:38:02.826+0000] {logging_mixin.py:188} INFO - [2024-07-12T00:38:02.826+0000] {dag.py:3954} INFO - Setting next_dagrun for example_nested_branch_dag to 2024-07-11 00:00:00+00:00, run_after=2024-07-12 00:00:00+00:00
[2024-07-12T00:38:02.842+0000] {processor.py:183} INFO - Processing /home/airflow/.local/lib/python3.12/site-packages/airflow/example_dags/example_nested_branch_dag.py took 0.072 seconds
[2024-07-12T00:38:33.468+0000] {processor.py:161} INFO - Started process (PID=374) to work on /home/airflow/.local/lib/python3.12/site-packages/airflow/example_dags/example_nested_branch_dag.py
[2024-07-12T00:38:33.469+0000] {processor.py:830} INFO - Processing file /home/airflow/.local/lib/python3.12/site-packages/airflow/example_dags/example_nested_branch_dag.py for tasks to queue
[2024-07-12T00:38:33.470+0000] {logging_mixin.py:188} INFO - [2024-07-12T00:38:33.470+0000] {dagbag.py:545} INFO - Filling up the DagBag from /home/airflow/.local/lib/python3.12/site-packages/airflow/example_dags/example_nested_branch_dag.py
[2024-07-12T00:38:33.478+0000] {processor.py:840} INFO - DAG(s) 'example_nested_branch_dag' retrieved from /home/airflow/.local/lib/python3.12/site-packages/airflow/example_dags/example_nested_branch_dag.py
[2024-07-12T00:38:33.497+0000] {logging_mixin.py:188} INFO - [2024-07-12T00:38:33.497+0000] {dag.py:3096} INFO - Sync 1 DAGs
[2024-07-12T00:38:33.517+0000] {logging_mixin.py:188} INFO - [2024-07-12T00:38:33.517+0000] {dag.py:3954} INFO - Setting next_dagrun for example_nested_branch_dag to 2024-07-11 00:00:00+00:00, run_after=2024-07-12 00:00:00+00:00
[2024-07-12T00:38:33.534+0000] {processor.py:183} INFO - Processing /home/airflow/.local/lib/python3.12/site-packages/airflow/example_dags/example_nested_branch_dag.py took 0.071 seconds
[2024-07-12T00:39:03.828+0000] {processor.py:161} INFO - Started process (PID=432) to work on /home/airflow/.local/lib/python3.12/site-packages/airflow/example_dags/example_nested_branch_dag.py
[2024-07-12T00:39:03.829+0000] {processor.py:830} INFO - Processing file /home/airflow/.local/lib/python3.12/site-packages/airflow/example_dags/example_nested_branch_dag.py for tasks to queue
[2024-07-12T00:39:03.830+0000] {logging_mixin.py:188} INFO - [2024-07-12T00:39:03.830+0000] {dagbag.py:545} INFO - Filling up the DagBag from /home/airflow/.local/lib/python3.12/site-packages/airflow/example_dags/example_nested_branch_dag.py
[2024-07-12T00:39:03.839+0000] {processor.py:840} INFO - DAG(s) 'example_nested_branch_dag' retrieved from /home/airflow/.local/lib/python3.12/site-packages/airflow/example_dags/example_nested_branch_dag.py
[2024-07-12T00:39:03.858+0000] {logging_mixin.py:188} INFO - [2024-07-12T00:39:03.858+0000] {dag.py:3096} INFO - Sync 1 DAGs
[2024-07-12T00:39:03.881+0000] {logging_mixin.py:188} INFO - [2024-07-12T00:39:03.881+0000] {dag.py:3954} INFO - Setting next_dagrun for example_nested_branch_dag to 2024-07-11 00:00:00+00:00, run_after=2024-07-12 00:00:00+00:00
[2024-07-12T00:39:03.898+0000] {processor.py:183} INFO - Processing /home/airflow/.local/lib/python3.12/site-packages/airflow/example_dags/example_nested_branch_dag.py took 0.074 seconds
[2024-07-12T00:39:34.018+0000] {processor.py:161} INFO - Started process (PID=490) to work on /home/airflow/.local/lib/python3.12/site-packages/airflow/example_dags/example_nested_branch_dag.py
[2024-07-12T00:39:34.024+0000] {processor.py:830} INFO - Processing file /home/airflow/.local/lib/python3.12/site-packages/airflow/example_dags/example_nested_branch_dag.py for tasks to queue
[2024-07-12T00:39:34.026+0000] {logging_mixin.py:188} INFO - [2024-07-12T00:39:34.025+0000] {dagbag.py:545} INFO - Filling up the DagBag from /home/airflow/.local/lib/python3.12/site-packages/airflow/example_dags/example_nested_branch_dag.py
[2024-07-12T00:39:34.046+0000] {processor.py:840} INFO - DAG(s) 'example_nested_branch_dag' retrieved from /home/airflow/.local/lib/python3.12/site-packages/airflow/example_dags/example_nested_branch_dag.py
[2024-07-12T00:39:34.082+0000] {logging_mixin.py:188} INFO - [2024-07-12T00:39:34.081+0000] {dag.py:3096} INFO - Sync 1 DAGs
[2024-07-12T00:39:34.128+0000] {logging_mixin.py:188} INFO - [2024-07-12T00:39:34.127+0000] {dag.py:3954} INFO - Setting next_dagrun for example_nested_branch_dag to 2024-07-11 00:00:00+00:00, run_after=2024-07-12 00:00:00+00:00
[2024-07-12T00:39:34.155+0000] {processor.py:183} INFO - Processing /home/airflow/.local/lib/python3.12/site-packages/airflow/example_dags/example_nested_branch_dag.py took 0.147 seconds
