[2024-07-12T00:36:01.385+0000] {processor.py:161} INFO - Started process (PID=89) to work on /home/airflow/.local/lib/python3.12/site-packages/airflow/example_dags/example_branch_python_dop_operator_3.py
[2024-07-12T00:36:01.386+0000] {processor.py:830} INFO - Processing file /home/airflow/.local/lib/python3.12/site-packages/airflow/example_dags/example_branch_python_dop_operator_3.py for tasks to queue
[2024-07-12T00:36:01.387+0000] {logging_mixin.py:188} INFO - [2024-07-12T00:36:01.387+0000] {dagbag.py:545} INFO - Filling up the DagBag from /home/airflow/.local/lib/python3.12/site-packages/airflow/example_dags/example_branch_python_dop_operator_3.py
[2024-07-12T00:36:01.399+0000] {processor.py:840} INFO - DAG(s) 'example_branch_dop_operator_v3' retrieved from /home/airflow/.local/lib/python3.12/site-packages/airflow/example_dags/example_branch_python_dop_operator_3.py
[2024-07-12T00:36:01.523+0000] {logging_mixin.py:188} INFO - [2024-07-12T00:36:01.522+0000] {dag.py:3096} INFO - Sync 1 DAGs
[2024-07-12T00:36:01.548+0000] {logging_mixin.py:188} INFO - [2024-07-12T00:36:01.548+0000] {dag.py:3954} INFO - Setting next_dagrun for example_branch_dop_operator_v3 to 2024-07-12 00:35:00+00:00, run_after=2024-07-12 00:36:00+00:00
[2024-07-12T00:36:01.565+0000] {processor.py:183} INFO - Processing /home/airflow/.local/lib/python3.12/site-packages/airflow/example_dags/example_branch_python_dop_operator_3.py took 0.187 seconds
[2024-07-12T00:36:31.598+0000] {processor.py:161} INFO - Started process (PID=147) to work on /home/airflow/.local/lib/python3.12/site-packages/airflow/example_dags/example_branch_python_dop_operator_3.py
[2024-07-12T00:36:31.599+0000] {processor.py:830} INFO - Processing file /home/airflow/.local/lib/python3.12/site-packages/airflow/example_dags/example_branch_python_dop_operator_3.py for tasks to queue
[2024-07-12T00:36:31.600+0000] {logging_mixin.py:188} INFO - [2024-07-12T00:36:31.600+0000] {dagbag.py:545} INFO - Filling up the DagBag from /home/airflow/.local/lib/python3.12/site-packages/airflow/example_dags/example_branch_python_dop_operator_3.py
[2024-07-12T00:36:31.608+0000] {processor.py:840} INFO - DAG(s) 'example_branch_dop_operator_v3' retrieved from /home/airflow/.local/lib/python3.12/site-packages/airflow/example_dags/example_branch_python_dop_operator_3.py
[2024-07-12T00:36:31.623+0000] {logging_mixin.py:188} INFO - [2024-07-12T00:36:31.623+0000] {dag.py:3096} INFO - Sync 1 DAGs
[2024-07-12T00:36:31.644+0000] {logging_mixin.py:188} INFO - [2024-07-12T00:36:31.644+0000] {dag.py:3954} INFO - Setting next_dagrun for example_branch_dop_operator_v3 to 2024-07-12 00:35:00+00:00, run_after=2024-07-12 00:36:00+00:00
[2024-07-12T00:36:31.661+0000] {processor.py:183} INFO - Processing /home/airflow/.local/lib/python3.12/site-packages/airflow/example_dags/example_branch_python_dop_operator_3.py took 0.068 seconds
[2024-07-12T00:37:01.732+0000] {processor.py:161} INFO - Started process (PID=205) to work on /home/airflow/.local/lib/python3.12/site-packages/airflow/example_dags/example_branch_python_dop_operator_3.py
[2024-07-12T00:37:01.733+0000] {processor.py:830} INFO - Processing file /home/airflow/.local/lib/python3.12/site-packages/airflow/example_dags/example_branch_python_dop_operator_3.py for tasks to queue
[2024-07-12T00:37:01.734+0000] {logging_mixin.py:188} INFO - [2024-07-12T00:37:01.734+0000] {dagbag.py:545} INFO - Filling up the DagBag from /home/airflow/.local/lib/python3.12/site-packages/airflow/example_dags/example_branch_python_dop_operator_3.py
[2024-07-12T00:37:01.741+0000] {processor.py:840} INFO - DAG(s) 'example_branch_dop_operator_v3' retrieved from /home/airflow/.local/lib/python3.12/site-packages/airflow/example_dags/example_branch_python_dop_operator_3.py
[2024-07-12T00:37:01.758+0000] {logging_mixin.py:188} INFO - [2024-07-12T00:37:01.757+0000] {dag.py:3096} INFO - Sync 1 DAGs
[2024-07-12T00:37:01.781+0000] {logging_mixin.py:188} INFO - [2024-07-12T00:37:01.781+0000] {dag.py:3954} INFO - Setting next_dagrun for example_branch_dop_operator_v3 to 2024-07-12 00:36:00+00:00, run_after=2024-07-12 00:37:00+00:00
[2024-07-12T00:37:01.796+0000] {processor.py:183} INFO - Processing /home/airflow/.local/lib/python3.12/site-packages/airflow/example_dags/example_branch_python_dop_operator_3.py took 0.069 seconds
[2024-07-12T00:37:32.467+0000] {processor.py:161} INFO - Started process (PID=263) to work on /home/airflow/.local/lib/python3.12/site-packages/airflow/example_dags/example_branch_python_dop_operator_3.py
[2024-07-12T00:37:32.467+0000] {processor.py:830} INFO - Processing file /home/airflow/.local/lib/python3.12/site-packages/airflow/example_dags/example_branch_python_dop_operator_3.py for tasks to queue
[2024-07-12T00:37:32.469+0000] {logging_mixin.py:188} INFO - [2024-07-12T00:37:32.469+0000] {dagbag.py:545} INFO - Filling up the DagBag from /home/airflow/.local/lib/python3.12/site-packages/airflow/example_dags/example_branch_python_dop_operator_3.py
[2024-07-12T00:37:32.476+0000] {processor.py:840} INFO - DAG(s) 'example_branch_dop_operator_v3' retrieved from /home/airflow/.local/lib/python3.12/site-packages/airflow/example_dags/example_branch_python_dop_operator_3.py
[2024-07-12T00:37:32.495+0000] {logging_mixin.py:188} INFO - [2024-07-12T00:37:32.494+0000] {dag.py:3096} INFO - Sync 1 DAGs
[2024-07-12T00:37:32.521+0000] {logging_mixin.py:188} INFO - [2024-07-12T00:37:32.521+0000] {dag.py:3954} INFO - Setting next_dagrun for example_branch_dop_operator_v3 to 2024-07-12 00:36:00+00:00, run_after=2024-07-12 00:37:00+00:00
[2024-07-12T00:37:32.538+0000] {processor.py:183} INFO - Processing /home/airflow/.local/lib/python3.12/site-packages/airflow/example_dags/example_branch_python_dop_operator_3.py took 0.076 seconds
[2024-07-12T00:38:03.065+0000] {processor.py:161} INFO - Started process (PID=321) to work on /home/airflow/.local/lib/python3.12/site-packages/airflow/example_dags/example_branch_python_dop_operator_3.py
[2024-07-12T00:38:03.066+0000] {processor.py:830} INFO - Processing file /home/airflow/.local/lib/python3.12/site-packages/airflow/example_dags/example_branch_python_dop_operator_3.py for tasks to queue
[2024-07-12T00:38:03.067+0000] {logging_mixin.py:188} INFO - [2024-07-12T00:38:03.067+0000] {dagbag.py:545} INFO - Filling up the DagBag from /home/airflow/.local/lib/python3.12/site-packages/airflow/example_dags/example_branch_python_dop_operator_3.py
[2024-07-12T00:38:03.077+0000] {processor.py:840} INFO - DAG(s) 'example_branch_dop_operator_v3' retrieved from /home/airflow/.local/lib/python3.12/site-packages/airflow/example_dags/example_branch_python_dop_operator_3.py
[2024-07-12T00:38:03.094+0000] {logging_mixin.py:188} INFO - [2024-07-12T00:38:03.094+0000] {dag.py:3096} INFO - Sync 1 DAGs
[2024-07-12T00:38:03.118+0000] {logging_mixin.py:188} INFO - [2024-07-12T00:38:03.117+0000] {dag.py:3954} INFO - Setting next_dagrun for example_branch_dop_operator_v3 to 2024-07-12 00:37:00+00:00, run_after=2024-07-12 00:38:00+00:00
[2024-07-12T00:38:03.139+0000] {processor.py:183} INFO - Processing /home/airflow/.local/lib/python3.12/site-packages/airflow/example_dags/example_branch_python_dop_operator_3.py took 0.081 seconds
[2024-07-12T00:38:33.740+0000] {processor.py:161} INFO - Started process (PID=379) to work on /home/airflow/.local/lib/python3.12/site-packages/airflow/example_dags/example_branch_python_dop_operator_3.py
[2024-07-12T00:38:33.741+0000] {processor.py:830} INFO - Processing file /home/airflow/.local/lib/python3.12/site-packages/airflow/example_dags/example_branch_python_dop_operator_3.py for tasks to queue
[2024-07-12T00:38:33.742+0000] {logging_mixin.py:188} INFO - [2024-07-12T00:38:33.742+0000] {dagbag.py:545} INFO - Filling up the DagBag from /home/airflow/.local/lib/python3.12/site-packages/airflow/example_dags/example_branch_python_dop_operator_3.py
[2024-07-12T00:38:33.749+0000] {processor.py:840} INFO - DAG(s) 'example_branch_dop_operator_v3' retrieved from /home/airflow/.local/lib/python3.12/site-packages/airflow/example_dags/example_branch_python_dop_operator_3.py
[2024-07-12T00:38:33.768+0000] {logging_mixin.py:188} INFO - [2024-07-12T00:38:33.767+0000] {dag.py:3096} INFO - Sync 1 DAGs
[2024-07-12T00:38:33.789+0000] {logging_mixin.py:188} INFO - [2024-07-12T00:38:33.789+0000] {dag.py:3954} INFO - Setting next_dagrun for example_branch_dop_operator_v3 to 2024-07-12 00:37:00+00:00, run_after=2024-07-12 00:38:00+00:00
[2024-07-12T00:38:33.806+0000] {processor.py:183} INFO - Processing /home/airflow/.local/lib/python3.12/site-packages/airflow/example_dags/example_branch_python_dop_operator_3.py took 0.071 seconds
[2024-07-12T00:39:04.105+0000] {processor.py:161} INFO - Started process (PID=437) to work on /home/airflow/.local/lib/python3.12/site-packages/airflow/example_dags/example_branch_python_dop_operator_3.py
[2024-07-12T00:39:04.106+0000] {processor.py:830} INFO - Processing file /home/airflow/.local/lib/python3.12/site-packages/airflow/example_dags/example_branch_python_dop_operator_3.py for tasks to queue
[2024-07-12T00:39:04.107+0000] {logging_mixin.py:188} INFO - [2024-07-12T00:39:04.107+0000] {dagbag.py:545} INFO - Filling up the DagBag from /home/airflow/.local/lib/python3.12/site-packages/airflow/example_dags/example_branch_python_dop_operator_3.py
[2024-07-12T00:39:04.115+0000] {processor.py:840} INFO - DAG(s) 'example_branch_dop_operator_v3' retrieved from /home/airflow/.local/lib/python3.12/site-packages/airflow/example_dags/example_branch_python_dop_operator_3.py
[2024-07-12T00:39:04.132+0000] {logging_mixin.py:188} INFO - [2024-07-12T00:39:04.132+0000] {dag.py:3096} INFO - Sync 1 DAGs
[2024-07-12T00:39:04.157+0000] {logging_mixin.py:188} INFO - [2024-07-12T00:39:04.156+0000] {dag.py:3954} INFO - Setting next_dagrun for example_branch_dop_operator_v3 to 2024-07-12 00:38:00+00:00, run_after=2024-07-12 00:39:00+00:00
[2024-07-12T00:39:04.175+0000] {processor.py:183} INFO - Processing /home/airflow/.local/lib/python3.12/site-packages/airflow/example_dags/example_branch_python_dop_operator_3.py took 0.075 seconds
[2024-07-12T00:39:34.414+0000] {processor.py:161} INFO - Started process (PID=495) to work on /home/airflow/.local/lib/python3.12/site-packages/airflow/example_dags/example_branch_python_dop_operator_3.py
[2024-07-12T00:39:34.415+0000] {processor.py:830} INFO - Processing file /home/airflow/.local/lib/python3.12/site-packages/airflow/example_dags/example_branch_python_dop_operator_3.py for tasks to queue
[2024-07-12T00:39:34.417+0000] {logging_mixin.py:188} INFO - [2024-07-12T00:39:34.417+0000] {dagbag.py:545} INFO - Filling up the DagBag from /home/airflow/.local/lib/python3.12/site-packages/airflow/example_dags/example_branch_python_dop_operator_3.py
[2024-07-12T00:39:34.424+0000] {processor.py:840} INFO - DAG(s) 'example_branch_dop_operator_v3' retrieved from /home/airflow/.local/lib/python3.12/site-packages/airflow/example_dags/example_branch_python_dop_operator_3.py
[2024-07-12T00:39:34.445+0000] {logging_mixin.py:188} INFO - [2024-07-12T00:39:34.445+0000] {dag.py:3096} INFO - Sync 1 DAGs
[2024-07-12T00:39:34.491+0000] {logging_mixin.py:188} INFO - [2024-07-12T00:39:34.490+0000] {dag.py:3954} INFO - Setting next_dagrun for example_branch_dop_operator_v3 to 2024-07-12 00:38:00+00:00, run_after=2024-07-12 00:39:00+00:00
[2024-07-12T00:39:34.523+0000] {processor.py:183} INFO - Processing /home/airflow/.local/lib/python3.12/site-packages/airflow/example_dags/example_branch_python_dop_operator_3.py took 0.113 seconds
