[2024-07-12T00:35:41.431+0000] {processor.py:161} INFO - Started process (PID=66) to work on /home/airflow/.local/lib/python3.12/site-packages/airflow/example_dags/example_branch_labels.py
[2024-07-12T00:35:41.433+0000] {processor.py:830} INFO - Processing file /home/airflow/.local/lib/python3.12/site-packages/airflow/example_dags/example_branch_labels.py for tasks to queue
[2024-07-12T00:35:41.435+0000] {logging_mixin.py:188} INFO - [2024-07-12T00:35:41.435+0000] {dagbag.py:545} INFO - Filling up the DagBag from /home/airflow/.local/lib/python3.12/site-packages/airflow/example_dags/example_branch_labels.py
[2024-07-12T00:35:41.450+0000] {processor.py:840} INFO - DAG(s) 'example_branch_labels' retrieved from /home/airflow/.local/lib/python3.12/site-packages/airflow/example_dags/example_branch_labels.py
[2024-07-12T00:35:41.465+0000] {logging_mixin.py:188} INFO - [2024-07-12T00:35:41.465+0000] {dag.py:3096} INFO - Sync 1 DAGs
[2024-07-12T00:35:41.500+0000] {logging_mixin.py:188} INFO - [2024-07-12T00:35:41.500+0000] {dag.py:3954} INFO - Setting next_dagrun for example_branch_labels to 2024-07-11 00:00:00+00:00, run_after=2024-07-12 00:00:00+00:00
[2024-07-12T00:35:41.519+0000] {processor.py:183} INFO - Processing /home/airflow/.local/lib/python3.12/site-packages/airflow/example_dags/example_branch_labels.py took 0.098 seconds
[2024-07-12T00:35:58.268+0000] {processor.py:161} INFO - Started process (PID=53) to work on /home/airflow/.local/lib/python3.12/site-packages/airflow/example_dags/example_branch_labels.py
[2024-07-12T00:35:58.269+0000] {processor.py:830} INFO - Processing file /home/airflow/.local/lib/python3.12/site-packages/airflow/example_dags/example_branch_labels.py for tasks to queue
[2024-07-12T00:35:58.270+0000] {logging_mixin.py:188} INFO - [2024-07-12T00:35:58.270+0000] {dagbag.py:545} INFO - Filling up the DagBag from /home/airflow/.local/lib/python3.12/site-packages/airflow/example_dags/example_branch_labels.py
[2024-07-12T00:35:58.278+0000] {processor.py:840} INFO - DAG(s) 'example_branch_labels' retrieved from /home/airflow/.local/lib/python3.12/site-packages/airflow/example_dags/example_branch_labels.py
[2024-07-12T00:35:58.380+0000] {logging_mixin.py:188} INFO - [2024-07-12T00:35:58.379+0000] {dag.py:3096} INFO - Sync 1 DAGs
[2024-07-12T00:35:58.398+0000] {logging_mixin.py:188} INFO - [2024-07-12T00:35:58.398+0000] {dag.py:3954} INFO - Setting next_dagrun for example_branch_labels to 2024-07-11 00:00:00+00:00, run_after=2024-07-12 00:00:00+00:00
[2024-07-12T00:35:58.415+0000] {processor.py:183} INFO - Processing /home/airflow/.local/lib/python3.12/site-packages/airflow/example_dags/example_branch_labels.py took 0.152 seconds
[2024-07-12T00:36:28.863+0000] {processor.py:161} INFO - Started process (PID=111) to work on /home/airflow/.local/lib/python3.12/site-packages/airflow/example_dags/example_branch_labels.py
[2024-07-12T00:36:28.864+0000] {processor.py:830} INFO - Processing file /home/airflow/.local/lib/python3.12/site-packages/airflow/example_dags/example_branch_labels.py for tasks to queue
[2024-07-12T00:36:28.865+0000] {logging_mixin.py:188} INFO - [2024-07-12T00:36:28.865+0000] {dagbag.py:545} INFO - Filling up the DagBag from /home/airflow/.local/lib/python3.12/site-packages/airflow/example_dags/example_branch_labels.py
[2024-07-12T00:36:28.872+0000] {processor.py:840} INFO - DAG(s) 'example_branch_labels' retrieved from /home/airflow/.local/lib/python3.12/site-packages/airflow/example_dags/example_branch_labels.py
[2024-07-12T00:36:28.889+0000] {logging_mixin.py:188} INFO - [2024-07-12T00:36:28.889+0000] {dag.py:3096} INFO - Sync 1 DAGs
[2024-07-12T00:36:28.908+0000] {logging_mixin.py:188} INFO - [2024-07-12T00:36:28.907+0000] {dag.py:3954} INFO - Setting next_dagrun for example_branch_labels to 2024-07-11 00:00:00+00:00, run_after=2024-07-12 00:00:00+00:00
[2024-07-12T00:36:28.922+0000] {processor.py:183} INFO - Processing /home/airflow/.local/lib/python3.12/site-packages/airflow/example_dags/example_branch_labels.py took 0.064 seconds
[2024-07-12T00:36:59.300+0000] {processor.py:161} INFO - Started process (PID=169) to work on /home/airflow/.local/lib/python3.12/site-packages/airflow/example_dags/example_branch_labels.py
[2024-07-12T00:36:59.301+0000] {processor.py:830} INFO - Processing file /home/airflow/.local/lib/python3.12/site-packages/airflow/example_dags/example_branch_labels.py for tasks to queue
[2024-07-12T00:36:59.304+0000] {logging_mixin.py:188} INFO - [2024-07-12T00:36:59.304+0000] {dagbag.py:545} INFO - Filling up the DagBag from /home/airflow/.local/lib/python3.12/site-packages/airflow/example_dags/example_branch_labels.py
[2024-07-12T00:36:59.312+0000] {processor.py:840} INFO - DAG(s) 'example_branch_labels' retrieved from /home/airflow/.local/lib/python3.12/site-packages/airflow/example_dags/example_branch_labels.py
[2024-07-12T00:36:59.333+0000] {logging_mixin.py:188} INFO - [2024-07-12T00:36:59.333+0000] {dag.py:3096} INFO - Sync 1 DAGs
[2024-07-12T00:36:59.353+0000] {logging_mixin.py:188} INFO - [2024-07-12T00:36:59.353+0000] {dag.py:3954} INFO - Setting next_dagrun for example_branch_labels to 2024-07-11 00:00:00+00:00, run_after=2024-07-12 00:00:00+00:00
[2024-07-12T00:36:59.367+0000] {processor.py:183} INFO - Processing /home/airflow/.local/lib/python3.12/site-packages/airflow/example_dags/example_branch_labels.py took 0.072 seconds
[2024-07-12T00:37:29.820+0000] {processor.py:161} INFO - Started process (PID=227) to work on /home/airflow/.local/lib/python3.12/site-packages/airflow/example_dags/example_branch_labels.py
[2024-07-12T00:37:29.821+0000] {processor.py:830} INFO - Processing file /home/airflow/.local/lib/python3.12/site-packages/airflow/example_dags/example_branch_labels.py for tasks to queue
[2024-07-12T00:37:29.822+0000] {logging_mixin.py:188} INFO - [2024-07-12T00:37:29.822+0000] {dagbag.py:545} INFO - Filling up the DagBag from /home/airflow/.local/lib/python3.12/site-packages/airflow/example_dags/example_branch_labels.py
[2024-07-12T00:37:29.831+0000] {processor.py:840} INFO - DAG(s) 'example_branch_labels' retrieved from /home/airflow/.local/lib/python3.12/site-packages/airflow/example_dags/example_branch_labels.py
[2024-07-12T00:37:29.849+0000] {logging_mixin.py:188} INFO - [2024-07-12T00:37:29.849+0000] {dag.py:3096} INFO - Sync 1 DAGs
[2024-07-12T00:37:29.871+0000] {logging_mixin.py:188} INFO - [2024-07-12T00:37:29.871+0000] {dag.py:3954} INFO - Setting next_dagrun for example_branch_labels to 2024-07-11 00:00:00+00:00, run_after=2024-07-12 00:00:00+00:00
[2024-07-12T00:37:29.887+0000] {processor.py:183} INFO - Processing /home/airflow/.local/lib/python3.12/site-packages/airflow/example_dags/example_branch_labels.py took 0.072 seconds
[2024-07-12T00:38:00.405+0000] {processor.py:161} INFO - Started process (PID=291) to work on /home/airflow/.local/lib/python3.12/site-packages/airflow/example_dags/example_branch_labels.py
[2024-07-12T00:38:00.406+0000] {processor.py:830} INFO - Processing file /home/airflow/.local/lib/python3.12/site-packages/airflow/example_dags/example_branch_labels.py for tasks to queue
[2024-07-12T00:38:00.407+0000] {logging_mixin.py:188} INFO - [2024-07-12T00:38:00.407+0000] {dagbag.py:545} INFO - Filling up the DagBag from /home/airflow/.local/lib/python3.12/site-packages/airflow/example_dags/example_branch_labels.py
[2024-07-12T00:38:00.413+0000] {processor.py:840} INFO - DAG(s) 'example_branch_labels' retrieved from /home/airflow/.local/lib/python3.12/site-packages/airflow/example_dags/example_branch_labels.py
[2024-07-12T00:38:00.429+0000] {logging_mixin.py:188} INFO - [2024-07-12T00:38:00.429+0000] {dag.py:3096} INFO - Sync 1 DAGs
[2024-07-12T00:38:00.450+0000] {logging_mixin.py:188} INFO - [2024-07-12T00:38:00.450+0000] {dag.py:3954} INFO - Setting next_dagrun for example_branch_labels to 2024-07-11 00:00:00+00:00, run_after=2024-07-12 00:00:00+00:00
[2024-07-12T00:38:00.465+0000] {processor.py:183} INFO - Processing /home/airflow/.local/lib/python3.12/site-packages/airflow/example_dags/example_branch_labels.py took 0.064 seconds
[2024-07-12T00:38:31.044+0000] {processor.py:161} INFO - Started process (PID=349) to work on /home/airflow/.local/lib/python3.12/site-packages/airflow/example_dags/example_branch_labels.py
[2024-07-12T00:38:31.045+0000] {processor.py:830} INFO - Processing file /home/airflow/.local/lib/python3.12/site-packages/airflow/example_dags/example_branch_labels.py for tasks to queue
[2024-07-12T00:38:31.046+0000] {logging_mixin.py:188} INFO - [2024-07-12T00:38:31.046+0000] {dagbag.py:545} INFO - Filling up the DagBag from /home/airflow/.local/lib/python3.12/site-packages/airflow/example_dags/example_branch_labels.py
[2024-07-12T00:38:31.052+0000] {processor.py:840} INFO - DAG(s) 'example_branch_labels' retrieved from /home/airflow/.local/lib/python3.12/site-packages/airflow/example_dags/example_branch_labels.py
[2024-07-12T00:38:31.069+0000] {logging_mixin.py:188} INFO - [2024-07-12T00:38:31.069+0000] {dag.py:3096} INFO - Sync 1 DAGs
[2024-07-12T00:38:31.089+0000] {logging_mixin.py:188} INFO - [2024-07-12T00:38:31.089+0000] {dag.py:3954} INFO - Setting next_dagrun for example_branch_labels to 2024-07-11 00:00:00+00:00, run_after=2024-07-12 00:00:00+00:00
[2024-07-12T00:38:31.104+0000] {processor.py:183} INFO - Processing /home/airflow/.local/lib/python3.12/site-packages/airflow/example_dags/example_branch_labels.py took 0.065 seconds
[2024-07-12T00:39:01.236+0000] {processor.py:161} INFO - Started process (PID=407) to work on /home/airflow/.local/lib/python3.12/site-packages/airflow/example_dags/example_branch_labels.py
[2024-07-12T00:39:01.237+0000] {processor.py:830} INFO - Processing file /home/airflow/.local/lib/python3.12/site-packages/airflow/example_dags/example_branch_labels.py for tasks to queue
[2024-07-12T00:39:01.238+0000] {logging_mixin.py:188} INFO - [2024-07-12T00:39:01.238+0000] {dagbag.py:545} INFO - Filling up the DagBag from /home/airflow/.local/lib/python3.12/site-packages/airflow/example_dags/example_branch_labels.py
[2024-07-12T00:39:01.245+0000] {processor.py:840} INFO - DAG(s) 'example_branch_labels' retrieved from /home/airflow/.local/lib/python3.12/site-packages/airflow/example_dags/example_branch_labels.py
[2024-07-12T00:39:01.265+0000] {logging_mixin.py:188} INFO - [2024-07-12T00:39:01.265+0000] {dag.py:3096} INFO - Sync 1 DAGs
[2024-07-12T00:39:01.292+0000] {logging_mixin.py:188} INFO - [2024-07-12T00:39:01.292+0000] {dag.py:3954} INFO - Setting next_dagrun for example_branch_labels to 2024-07-11 00:00:00+00:00, run_after=2024-07-12 00:00:00+00:00
[2024-07-12T00:39:01.314+0000] {processor.py:183} INFO - Processing /home/airflow/.local/lib/python3.12/site-packages/airflow/example_dags/example_branch_labels.py took 0.084 seconds
[2024-07-12T00:39:31.501+0000] {processor.py:161} INFO - Started process (PID=465) to work on /home/airflow/.local/lib/python3.12/site-packages/airflow/example_dags/example_branch_labels.py
[2024-07-12T00:39:31.502+0000] {processor.py:830} INFO - Processing file /home/airflow/.local/lib/python3.12/site-packages/airflow/example_dags/example_branch_labels.py for tasks to queue
[2024-07-12T00:39:31.503+0000] {logging_mixin.py:188} INFO - [2024-07-12T00:39:31.503+0000] {dagbag.py:545} INFO - Filling up the DagBag from /home/airflow/.local/lib/python3.12/site-packages/airflow/example_dags/example_branch_labels.py
[2024-07-12T00:39:31.509+0000] {processor.py:840} INFO - DAG(s) 'example_branch_labels' retrieved from /home/airflow/.local/lib/python3.12/site-packages/airflow/example_dags/example_branch_labels.py
[2024-07-12T00:39:31.526+0000] {logging_mixin.py:188} INFO - [2024-07-12T00:39:31.526+0000] {dag.py:3096} INFO - Sync 1 DAGs
[2024-07-12T00:39:31.546+0000] {logging_mixin.py:188} INFO - [2024-07-12T00:39:31.545+0000] {dag.py:3954} INFO - Setting next_dagrun for example_branch_labels to 2024-07-11 00:00:00+00:00, run_after=2024-07-12 00:00:00+00:00
[2024-07-12T00:39:31.560+0000] {processor.py:183} INFO - Processing /home/airflow/.local/lib/python3.12/site-packages/airflow/example_dags/example_branch_labels.py took 0.064 seconds
