[2024-07-12T00:36:01.962+0000] {processor.py:161} INFO - Started process (PID=96) to work on /home/airflow/.local/lib/python3.12/site-packages/airflow/example_dags/example_subdag_operator.py
[2024-07-12T00:36:01.963+0000] {processor.py:830} INFO - Processing file /home/airflow/.local/lib/python3.12/site-packages/airflow/example_dags/example_subdag_operator.py for tasks to queue
[2024-07-12T00:36:01.964+0000] {logging_mixin.py:188} INFO - [2024-07-12T00:36:01.964+0000] {dagbag.py:545} INFO - Filling up the DagBag from /home/airflow/.local/lib/python3.12/site-packages/airflow/example_dags/example_subdag_operator.py
[2024-07-12T00:36:01.983+0000] {processor.py:840} INFO - DAG(s) 'example_subdag_operator.section-1', 'example_subdag_operator.section-2', 'example_subdag_operator' retrieved from /home/airflow/.local/lib/python3.12/site-packages/airflow/example_dags/example_subdag_operator.py
[2024-07-12T00:36:02.070+0000] {logging_mixin.py:188} INFO - [2024-07-12T00:36:02.070+0000] {dag.py:3096} INFO - Sync 3 DAGs
[2024-07-12T00:36:02.092+0000] {logging_mixin.py:188} INFO - [2024-07-12T00:36:02.092+0000] {dag.py:3954} INFO - Setting next_dagrun for example_subdag_operator to 2022-01-01 00:00:00+00:00, run_after=2022-01-01 00:00:00+00:00
[2024-07-12T00:36:02.095+0000] {logging_mixin.py:188} INFO - [2024-07-12T00:36:02.095+0000] {dag.py:3954} INFO - Setting next_dagrun for example_subdag_operator.section-1 to None, run_after=None
[2024-07-12T00:36:02.097+0000] {logging_mixin.py:188} INFO - [2024-07-12T00:36:02.096+0000] {dag.py:3954} INFO - Setting next_dagrun for example_subdag_operator.section-2 to None, run_after=None
[2024-07-12T00:36:02.104+0000] {logging_mixin.py:188} INFO - [2024-07-12T00:36:02.104+0000] {dag.py:3096} INFO - Sync 2 DAGs
[2024-07-12T00:36:02.110+0000] {logging_mixin.py:188} INFO - [2024-07-12T00:36:02.110+0000] {dag.py:3954} INFO - Setting next_dagrun for example_subdag_operator.section-1 to None, run_after=None
[2024-07-12T00:36:02.110+0000] {logging_mixin.py:188} INFO - [2024-07-12T00:36:02.110+0000] {dag.py:3954} INFO - Setting next_dagrun for example_subdag_operator.section-2 to None, run_after=None
[2024-07-12T00:36:02.119+0000] {processor.py:183} INFO - Processing /home/airflow/.local/lib/python3.12/site-packages/airflow/example_dags/example_subdag_operator.py took 0.162 seconds
[2024-07-12T00:36:32.227+0000] {processor.py:161} INFO - Started process (PID=154) to work on /home/airflow/.local/lib/python3.12/site-packages/airflow/example_dags/example_subdag_operator.py
[2024-07-12T00:36:32.228+0000] {processor.py:830} INFO - Processing file /home/airflow/.local/lib/python3.12/site-packages/airflow/example_dags/example_subdag_operator.py for tasks to queue
[2024-07-12T00:36:32.229+0000] {logging_mixin.py:188} INFO - [2024-07-12T00:36:32.229+0000] {dagbag.py:545} INFO - Filling up the DagBag from /home/airflow/.local/lib/python3.12/site-packages/airflow/example_dags/example_subdag_operator.py
[2024-07-12T00:36:32.250+0000] {processor.py:840} INFO - DAG(s) 'example_subdag_operator.section-1', 'example_subdag_operator.section-2', 'example_subdag_operator' retrieved from /home/airflow/.local/lib/python3.12/site-packages/airflow/example_dags/example_subdag_operator.py
[2024-07-12T00:36:32.267+0000] {logging_mixin.py:188} INFO - [2024-07-12T00:36:32.266+0000] {dag.py:3096} INFO - Sync 3 DAGs
[2024-07-12T00:36:32.290+0000] {logging_mixin.py:188} INFO - [2024-07-12T00:36:32.290+0000] {dag.py:3954} INFO - Setting next_dagrun for example_subdag_operator to 2022-01-01 00:00:00+00:00, run_after=2022-01-01 00:00:00+00:00
[2024-07-12T00:36:32.295+0000] {logging_mixin.py:188} INFO - [2024-07-12T00:36:32.295+0000] {dag.py:3954} INFO - Setting next_dagrun for example_subdag_operator.section-1 to None, run_after=None
[2024-07-12T00:36:32.296+0000] {logging_mixin.py:188} INFO - [2024-07-12T00:36:32.296+0000] {dag.py:3954} INFO - Setting next_dagrun for example_subdag_operator.section-2 to None, run_after=None
[2024-07-12T00:36:32.305+0000] {logging_mixin.py:188} INFO - [2024-07-12T00:36:32.305+0000] {dag.py:3096} INFO - Sync 2 DAGs
[2024-07-12T00:36:32.311+0000] {logging_mixin.py:188} INFO - [2024-07-12T00:36:32.311+0000] {dag.py:3954} INFO - Setting next_dagrun for example_subdag_operator.section-1 to None, run_after=None
[2024-07-12T00:36:32.311+0000] {logging_mixin.py:188} INFO - [2024-07-12T00:36:32.311+0000] {dag.py:3954} INFO - Setting next_dagrun for example_subdag_operator.section-2 to None, run_after=None
[2024-07-12T00:36:32.321+0000] {processor.py:183} INFO - Processing /home/airflow/.local/lib/python3.12/site-packages/airflow/example_dags/example_subdag_operator.py took 0.100 seconds
[2024-07-12T00:37:03.104+0000] {processor.py:161} INFO - Started process (PID=212) to work on /home/airflow/.local/lib/python3.12/site-packages/airflow/example_dags/example_subdag_operator.py
[2024-07-12T00:37:03.105+0000] {processor.py:830} INFO - Processing file /home/airflow/.local/lib/python3.12/site-packages/airflow/example_dags/example_subdag_operator.py for tasks to queue
[2024-07-12T00:37:03.106+0000] {logging_mixin.py:188} INFO - [2024-07-12T00:37:03.106+0000] {dagbag.py:545} INFO - Filling up the DagBag from /home/airflow/.local/lib/python3.12/site-packages/airflow/example_dags/example_subdag_operator.py
[2024-07-12T00:37:03.128+0000] {processor.py:840} INFO - DAG(s) 'example_subdag_operator.section-1', 'example_subdag_operator.section-2', 'example_subdag_operator' retrieved from /home/airflow/.local/lib/python3.12/site-packages/airflow/example_dags/example_subdag_operator.py
[2024-07-12T00:37:03.142+0000] {logging_mixin.py:188} INFO - [2024-07-12T00:37:03.142+0000] {dag.py:3096} INFO - Sync 3 DAGs
[2024-07-12T00:37:03.160+0000] {logging_mixin.py:188} INFO - [2024-07-12T00:37:03.160+0000] {dag.py:3954} INFO - Setting next_dagrun for example_subdag_operator to 2022-01-01 00:00:00+00:00, run_after=2022-01-01 00:00:00+00:00
[2024-07-12T00:37:03.164+0000] {logging_mixin.py:188} INFO - [2024-07-12T00:37:03.163+0000] {dag.py:3954} INFO - Setting next_dagrun for example_subdag_operator.section-1 to None, run_after=None
[2024-07-12T00:37:03.165+0000] {logging_mixin.py:188} INFO - [2024-07-12T00:37:03.165+0000] {dag.py:3954} INFO - Setting next_dagrun for example_subdag_operator.section-2 to None, run_after=None
[2024-07-12T00:37:03.171+0000] {logging_mixin.py:188} INFO - [2024-07-12T00:37:03.171+0000] {dag.py:3096} INFO - Sync 2 DAGs
[2024-07-12T00:37:03.177+0000] {logging_mixin.py:188} INFO - [2024-07-12T00:37:03.176+0000] {dag.py:3954} INFO - Setting next_dagrun for example_subdag_operator.section-1 to None, run_after=None
[2024-07-12T00:37:03.177+0000] {logging_mixin.py:188} INFO - [2024-07-12T00:37:03.177+0000] {dag.py:3954} INFO - Setting next_dagrun for example_subdag_operator.section-2 to None, run_after=None
[2024-07-12T00:37:03.187+0000] {processor.py:183} INFO - Processing /home/airflow/.local/lib/python3.12/site-packages/airflow/example_dags/example_subdag_operator.py took 0.089 seconds
[2024-07-12T00:37:33.778+0000] {processor.py:161} INFO - Started process (PID=270) to work on /home/airflow/.local/lib/python3.12/site-packages/airflow/example_dags/example_subdag_operator.py
[2024-07-12T00:37:33.779+0000] {processor.py:830} INFO - Processing file /home/airflow/.local/lib/python3.12/site-packages/airflow/example_dags/example_subdag_operator.py for tasks to queue
[2024-07-12T00:37:33.781+0000] {logging_mixin.py:188} INFO - [2024-07-12T00:37:33.781+0000] {dagbag.py:545} INFO - Filling up the DagBag from /home/airflow/.local/lib/python3.12/site-packages/airflow/example_dags/example_subdag_operator.py
[2024-07-12T00:37:33.800+0000] {processor.py:840} INFO - DAG(s) 'example_subdag_operator.section-1', 'example_subdag_operator.section-2', 'example_subdag_operator' retrieved from /home/airflow/.local/lib/python3.12/site-packages/airflow/example_dags/example_subdag_operator.py
[2024-07-12T00:37:33.814+0000] {logging_mixin.py:188} INFO - [2024-07-12T00:37:33.814+0000] {dag.py:3096} INFO - Sync 3 DAGs
[2024-07-12T00:37:33.834+0000] {logging_mixin.py:188} INFO - [2024-07-12T00:37:33.834+0000] {dag.py:3954} INFO - Setting next_dagrun for example_subdag_operator to 2022-01-01 00:00:00+00:00, run_after=2022-01-01 00:00:00+00:00
[2024-07-12T00:37:33.837+0000] {logging_mixin.py:188} INFO - [2024-07-12T00:37:33.837+0000] {dag.py:3954} INFO - Setting next_dagrun for example_subdag_operator.section-1 to None, run_after=None
[2024-07-12T00:37:33.838+0000] {logging_mixin.py:188} INFO - [2024-07-12T00:37:33.838+0000] {dag.py:3954} INFO - Setting next_dagrun for example_subdag_operator.section-2 to None, run_after=None
[2024-07-12T00:37:33.844+0000] {logging_mixin.py:188} INFO - [2024-07-12T00:37:33.844+0000] {dag.py:3096} INFO - Sync 2 DAGs
[2024-07-12T00:37:33.848+0000] {logging_mixin.py:188} INFO - [2024-07-12T00:37:33.848+0000] {dag.py:3954} INFO - Setting next_dagrun for example_subdag_operator.section-1 to None, run_after=None
[2024-07-12T00:37:33.849+0000] {logging_mixin.py:188} INFO - [2024-07-12T00:37:33.849+0000] {dag.py:3954} INFO - Setting next_dagrun for example_subdag_operator.section-2 to None, run_after=None
[2024-07-12T00:37:33.860+0000] {processor.py:183} INFO - Processing /home/airflow/.local/lib/python3.12/site-packages/airflow/example_dags/example_subdag_operator.py took 0.086 seconds
[2024-07-12T00:38:04.384+0000] {processor.py:161} INFO - Started process (PID=328) to work on /home/airflow/.local/lib/python3.12/site-packages/airflow/example_dags/example_subdag_operator.py
[2024-07-12T00:38:04.384+0000] {processor.py:830} INFO - Processing file /home/airflow/.local/lib/python3.12/site-packages/airflow/example_dags/example_subdag_operator.py for tasks to queue
[2024-07-12T00:38:04.386+0000] {logging_mixin.py:188} INFO - [2024-07-12T00:38:04.386+0000] {dagbag.py:545} INFO - Filling up the DagBag from /home/airflow/.local/lib/python3.12/site-packages/airflow/example_dags/example_subdag_operator.py
[2024-07-12T00:38:04.405+0000] {processor.py:840} INFO - DAG(s) 'example_subdag_operator.section-1', 'example_subdag_operator.section-2', 'example_subdag_operator' retrieved from /home/airflow/.local/lib/python3.12/site-packages/airflow/example_dags/example_subdag_operator.py
[2024-07-12T00:38:04.422+0000] {logging_mixin.py:188} INFO - [2024-07-12T00:38:04.421+0000] {dag.py:3096} INFO - Sync 3 DAGs
[2024-07-12T00:38:04.440+0000] {logging_mixin.py:188} INFO - [2024-07-12T00:38:04.440+0000] {dag.py:3954} INFO - Setting next_dagrun for example_subdag_operator to 2022-01-01 00:00:00+00:00, run_after=2022-01-01 00:00:00+00:00
[2024-07-12T00:38:04.445+0000] {logging_mixin.py:188} INFO - [2024-07-12T00:38:04.445+0000] {dag.py:3954} INFO - Setting next_dagrun for example_subdag_operator.section-1 to None, run_after=None
[2024-07-12T00:38:04.447+0000] {logging_mixin.py:188} INFO - [2024-07-12T00:38:04.446+0000] {dag.py:3954} INFO - Setting next_dagrun for example_subdag_operator.section-2 to None, run_after=None
[2024-07-12T00:38:04.453+0000] {logging_mixin.py:188} INFO - [2024-07-12T00:38:04.453+0000] {dag.py:3096} INFO - Sync 2 DAGs
[2024-07-12T00:38:04.458+0000] {logging_mixin.py:188} INFO - [2024-07-12T00:38:04.458+0000] {dag.py:3954} INFO - Setting next_dagrun for example_subdag_operator.section-1 to None, run_after=None
[2024-07-12T00:38:04.458+0000] {logging_mixin.py:188} INFO - [2024-07-12T00:38:04.458+0000] {dag.py:3954} INFO - Setting next_dagrun for example_subdag_operator.section-2 to None, run_after=None
[2024-07-12T00:38:04.470+0000] {processor.py:183} INFO - Processing /home/airflow/.local/lib/python3.12/site-packages/airflow/example_dags/example_subdag_operator.py took 0.090 seconds
[2024-07-12T00:38:35.043+0000] {processor.py:161} INFO - Started process (PID=386) to work on /home/airflow/.local/lib/python3.12/site-packages/airflow/example_dags/example_subdag_operator.py
[2024-07-12T00:38:35.044+0000] {processor.py:830} INFO - Processing file /home/airflow/.local/lib/python3.12/site-packages/airflow/example_dags/example_subdag_operator.py for tasks to queue
[2024-07-12T00:38:35.045+0000] {logging_mixin.py:188} INFO - [2024-07-12T00:38:35.045+0000] {dagbag.py:545} INFO - Filling up the DagBag from /home/airflow/.local/lib/python3.12/site-packages/airflow/example_dags/example_subdag_operator.py
[2024-07-12T00:38:35.066+0000] {processor.py:840} INFO - DAG(s) 'example_subdag_operator.section-1', 'example_subdag_operator.section-2', 'example_subdag_operator' retrieved from /home/airflow/.local/lib/python3.12/site-packages/airflow/example_dags/example_subdag_operator.py
[2024-07-12T00:38:35.080+0000] {logging_mixin.py:188} INFO - [2024-07-12T00:38:35.080+0000] {dag.py:3096} INFO - Sync 3 DAGs
[2024-07-12T00:38:35.101+0000] {logging_mixin.py:188} INFO - [2024-07-12T00:38:35.101+0000] {dag.py:3954} INFO - Setting next_dagrun for example_subdag_operator to 2022-01-01 00:00:00+00:00, run_after=2022-01-01 00:00:00+00:00
[2024-07-12T00:38:35.105+0000] {logging_mixin.py:188} INFO - [2024-07-12T00:38:35.105+0000] {dag.py:3954} INFO - Setting next_dagrun for example_subdag_operator.section-1 to None, run_after=None
[2024-07-12T00:38:35.106+0000] {logging_mixin.py:188} INFO - [2024-07-12T00:38:35.106+0000] {dag.py:3954} INFO - Setting next_dagrun for example_subdag_operator.section-2 to None, run_after=None
[2024-07-12T00:38:35.114+0000] {logging_mixin.py:188} INFO - [2024-07-12T00:38:35.114+0000] {dag.py:3096} INFO - Sync 2 DAGs
[2024-07-12T00:38:35.120+0000] {logging_mixin.py:188} INFO - [2024-07-12T00:38:35.120+0000] {dag.py:3954} INFO - Setting next_dagrun for example_subdag_operator.section-1 to None, run_after=None
[2024-07-12T00:38:35.120+0000] {logging_mixin.py:188} INFO - [2024-07-12T00:38:35.120+0000] {dag.py:3954} INFO - Setting next_dagrun for example_subdag_operator.section-2 to None, run_after=None
[2024-07-12T00:38:35.129+0000] {processor.py:183} INFO - Processing /home/airflow/.local/lib/python3.12/site-packages/airflow/example_dags/example_subdag_operator.py took 0.090 seconds
[2024-07-12T00:39:05.412+0000] {processor.py:161} INFO - Started process (PID=444) to work on /home/airflow/.local/lib/python3.12/site-packages/airflow/example_dags/example_subdag_operator.py
[2024-07-12T00:39:05.413+0000] {processor.py:830} INFO - Processing file /home/airflow/.local/lib/python3.12/site-packages/airflow/example_dags/example_subdag_operator.py for tasks to queue
[2024-07-12T00:39:05.420+0000] {logging_mixin.py:188} INFO - [2024-07-12T00:39:05.417+0000] {dagbag.py:545} INFO - Filling up the DagBag from /home/airflow/.local/lib/python3.12/site-packages/airflow/example_dags/example_subdag_operator.py
[2024-07-12T00:39:05.446+0000] {processor.py:840} INFO - DAG(s) 'example_subdag_operator.section-1', 'example_subdag_operator.section-2', 'example_subdag_operator' retrieved from /home/airflow/.local/lib/python3.12/site-packages/airflow/example_dags/example_subdag_operator.py
[2024-07-12T00:39:05.466+0000] {logging_mixin.py:188} INFO - [2024-07-12T00:39:05.466+0000] {dag.py:3096} INFO - Sync 3 DAGs
[2024-07-12T00:39:05.488+0000] {logging_mixin.py:188} INFO - [2024-07-12T00:39:05.487+0000] {dag.py:3954} INFO - Setting next_dagrun for example_subdag_operator to 2022-01-01 00:00:00+00:00, run_after=2022-01-01 00:00:00+00:00
[2024-07-12T00:39:05.492+0000] {logging_mixin.py:188} INFO - [2024-07-12T00:39:05.491+0000] {dag.py:3954} INFO - Setting next_dagrun for example_subdag_operator.section-1 to None, run_after=None
[2024-07-12T00:39:05.493+0000] {logging_mixin.py:188} INFO - [2024-07-12T00:39:05.493+0000] {dag.py:3954} INFO - Setting next_dagrun for example_subdag_operator.section-2 to None, run_after=None
[2024-07-12T00:39:05.499+0000] {logging_mixin.py:188} INFO - [2024-07-12T00:39:05.498+0000] {dag.py:3096} INFO - Sync 2 DAGs
[2024-07-12T00:39:05.504+0000] {logging_mixin.py:188} INFO - [2024-07-12T00:39:05.504+0000] {dag.py:3954} INFO - Setting next_dagrun for example_subdag_operator.section-1 to None, run_after=None
[2024-07-12T00:39:05.505+0000] {logging_mixin.py:188} INFO - [2024-07-12T00:39:05.505+0000] {dag.py:3954} INFO - Setting next_dagrun for example_subdag_operator.section-2 to None, run_after=None
[2024-07-12T00:39:05.517+0000] {processor.py:183} INFO - Processing /home/airflow/.local/lib/python3.12/site-packages/airflow/example_dags/example_subdag_operator.py took 0.111 seconds
[2024-07-12T00:39:35.904+0000] {processor.py:161} INFO - Started process (PID=502) to work on /home/airflow/.local/lib/python3.12/site-packages/airflow/example_dags/example_subdag_operator.py
[2024-07-12T00:39:35.904+0000] {processor.py:830} INFO - Processing file /home/airflow/.local/lib/python3.12/site-packages/airflow/example_dags/example_subdag_operator.py for tasks to queue
[2024-07-12T00:39:35.906+0000] {logging_mixin.py:188} INFO - [2024-07-12T00:39:35.906+0000] {dagbag.py:545} INFO - Filling up the DagBag from /home/airflow/.local/lib/python3.12/site-packages/airflow/example_dags/example_subdag_operator.py
[2024-07-12T00:39:35.932+0000] {processor.py:840} INFO - DAG(s) 'example_subdag_operator.section-1', 'example_subdag_operator.section-2', 'example_subdag_operator' retrieved from /home/airflow/.local/lib/python3.12/site-packages/airflow/example_dags/example_subdag_operator.py
[2024-07-12T00:39:35.948+0000] {logging_mixin.py:188} INFO - [2024-07-12T00:39:35.947+0000] {dag.py:3096} INFO - Sync 3 DAGs
[2024-07-12T00:39:35.972+0000] {logging_mixin.py:188} INFO - [2024-07-12T00:39:35.972+0000] {dag.py:3954} INFO - Setting next_dagrun for example_subdag_operator to 2022-01-01 00:00:00+00:00, run_after=2022-01-01 00:00:00+00:00
[2024-07-12T00:39:35.978+0000] {logging_mixin.py:188} INFO - [2024-07-12T00:39:35.978+0000] {dag.py:3954} INFO - Setting next_dagrun for example_subdag_operator.section-1 to None, run_after=None
[2024-07-12T00:39:35.981+0000] {logging_mixin.py:188} INFO - [2024-07-12T00:39:35.980+0000] {dag.py:3954} INFO - Setting next_dagrun for example_subdag_operator.section-2 to None, run_after=None
[2024-07-12T00:39:35.987+0000] {logging_mixin.py:188} INFO - [2024-07-12T00:39:35.987+0000] {dag.py:3096} INFO - Sync 2 DAGs
[2024-07-12T00:39:35.993+0000] {logging_mixin.py:188} INFO - [2024-07-12T00:39:35.992+0000] {dag.py:3954} INFO - Setting next_dagrun for example_subdag_operator.section-1 to None, run_after=None
[2024-07-12T00:39:35.994+0000] {logging_mixin.py:188} INFO - [2024-07-12T00:39:35.994+0000] {dag.py:3954} INFO - Setting next_dagrun for example_subdag_operator.section-2 to None, run_after=None
[2024-07-12T00:39:36.007+0000] {processor.py:183} INFO - Processing /home/airflow/.local/lib/python3.12/site-packages/airflow/example_dags/example_subdag_operator.py took 0.108 seconds
