[2024-07-12T00:35:59.439+0000] {processor.py:161} INFO - Started process (PID=63) to work on /home/airflow/.local/lib/python3.12/site-packages/airflow/example_dags/example_skip_dag.py
[2024-07-12T00:35:59.440+0000] {processor.py:830} INFO - Processing file /home/airflow/.local/lib/python3.12/site-packages/airflow/example_dags/example_skip_dag.py for tasks to queue
[2024-07-12T00:35:59.441+0000] {logging_mixin.py:188} INFO - [2024-07-12T00:35:59.441+0000] {dagbag.py:545} INFO - Filling up the DagBag from /home/airflow/.local/lib/python3.12/site-packages/airflow/example_dags/example_skip_dag.py
[2024-07-12T00:35:59.448+0000] {processor.py:840} INFO - DAG(s) 'example_skip_dag' retrieved from /home/airflow/.local/lib/python3.12/site-packages/airflow/example_dags/example_skip_dag.py
[2024-07-12T00:35:59.546+0000] {logging_mixin.py:188} INFO - [2024-07-12T00:35:59.546+0000] {dag.py:3096} INFO - Sync 1 DAGs
[2024-07-12T00:35:59.565+0000] {logging_mixin.py:188} INFO - [2024-07-12T00:35:59.565+0000] {dag.py:3954} INFO - Setting next_dagrun for example_skip_dag to 2024-07-11 00:00:00+00:00, run_after=2024-07-12 00:00:00+00:00
[2024-07-12T00:35:59.581+0000] {processor.py:183} INFO - Processing /home/airflow/.local/lib/python3.12/site-packages/airflow/example_dags/example_skip_dag.py took 0.149 seconds
[2024-07-12T00:36:30.556+0000] {processor.py:161} INFO - Started process (PID=127) to work on /home/airflow/.local/lib/python3.12/site-packages/airflow/example_dags/example_skip_dag.py
[2024-07-12T00:36:30.557+0000] {processor.py:830} INFO - Processing file /home/airflow/.local/lib/python3.12/site-packages/airflow/example_dags/example_skip_dag.py for tasks to queue
[2024-07-12T00:36:30.559+0000] {logging_mixin.py:188} INFO - [2024-07-12T00:36:30.559+0000] {dagbag.py:545} INFO - Filling up the DagBag from /home/airflow/.local/lib/python3.12/site-packages/airflow/example_dags/example_skip_dag.py
[2024-07-12T00:36:30.565+0000] {processor.py:840} INFO - DAG(s) 'example_skip_dag' retrieved from /home/airflow/.local/lib/python3.12/site-packages/airflow/example_dags/example_skip_dag.py
[2024-07-12T00:36:30.587+0000] {logging_mixin.py:188} INFO - [2024-07-12T00:36:30.587+0000] {dag.py:3096} INFO - Sync 1 DAGs
[2024-07-12T00:36:30.612+0000] {logging_mixin.py:188} INFO - [2024-07-12T00:36:30.612+0000] {dag.py:3954} INFO - Setting next_dagrun for example_skip_dag to 2024-07-11 00:00:00+00:00, run_after=2024-07-12 00:00:00+00:00
[2024-07-12T00:36:30.644+0000] {processor.py:183} INFO - Processing /home/airflow/.local/lib/python3.12/site-packages/airflow/example_dags/example_skip_dag.py took 0.092 seconds
[2024-07-12T00:37:00.835+0000] {processor.py:161} INFO - Started process (PID=185) to work on /home/airflow/.local/lib/python3.12/site-packages/airflow/example_dags/example_skip_dag.py
[2024-07-12T00:37:00.836+0000] {processor.py:830} INFO - Processing file /home/airflow/.local/lib/python3.12/site-packages/airflow/example_dags/example_skip_dag.py for tasks to queue
[2024-07-12T00:37:00.838+0000] {logging_mixin.py:188} INFO - [2024-07-12T00:37:00.837+0000] {dagbag.py:545} INFO - Filling up the DagBag from /home/airflow/.local/lib/python3.12/site-packages/airflow/example_dags/example_skip_dag.py
[2024-07-12T00:37:00.844+0000] {processor.py:840} INFO - DAG(s) 'example_skip_dag' retrieved from /home/airflow/.local/lib/python3.12/site-packages/airflow/example_dags/example_skip_dag.py
[2024-07-12T00:37:00.865+0000] {logging_mixin.py:188} INFO - [2024-07-12T00:37:00.865+0000] {dag.py:3096} INFO - Sync 1 DAGs
[2024-07-12T00:37:00.889+0000] {logging_mixin.py:188} INFO - [2024-07-12T00:37:00.888+0000] {dag.py:3954} INFO - Setting next_dagrun for example_skip_dag to 2024-07-11 00:00:00+00:00, run_after=2024-07-12 00:00:00+00:00
[2024-07-12T00:37:00.907+0000] {processor.py:183} INFO - Processing /home/airflow/.local/lib/python3.12/site-packages/airflow/example_dags/example_skip_dag.py took 0.078 seconds
[2024-07-12T00:37:31.520+0000] {processor.py:161} INFO - Started process (PID=243) to work on /home/airflow/.local/lib/python3.12/site-packages/airflow/example_dags/example_skip_dag.py
[2024-07-12T00:37:31.520+0000] {processor.py:830} INFO - Processing file /home/airflow/.local/lib/python3.12/site-packages/airflow/example_dags/example_skip_dag.py for tasks to queue
[2024-07-12T00:37:31.522+0000] {logging_mixin.py:188} INFO - [2024-07-12T00:37:31.522+0000] {dagbag.py:545} INFO - Filling up the DagBag from /home/airflow/.local/lib/python3.12/site-packages/airflow/example_dags/example_skip_dag.py
[2024-07-12T00:37:31.527+0000] {processor.py:840} INFO - DAG(s) 'example_skip_dag' retrieved from /home/airflow/.local/lib/python3.12/site-packages/airflow/example_dags/example_skip_dag.py
[2024-07-12T00:37:31.544+0000] {logging_mixin.py:188} INFO - [2024-07-12T00:37:31.544+0000] {dag.py:3096} INFO - Sync 1 DAGs
[2024-07-12T00:37:31.562+0000] {logging_mixin.py:188} INFO - [2024-07-12T00:37:31.562+0000] {dag.py:3954} INFO - Setting next_dagrun for example_skip_dag to 2024-07-11 00:00:00+00:00, run_after=2024-07-12 00:00:00+00:00
[2024-07-12T00:37:31.580+0000] {processor.py:183} INFO - Processing /home/airflow/.local/lib/python3.12/site-packages/airflow/example_dags/example_skip_dag.py took 0.065 seconds
[2024-07-12T00:38:02.003+0000] {processor.py:161} INFO - Started process (PID=301) to work on /home/airflow/.local/lib/python3.12/site-packages/airflow/example_dags/example_skip_dag.py
[2024-07-12T00:38:02.003+0000] {processor.py:830} INFO - Processing file /home/airflow/.local/lib/python3.12/site-packages/airflow/example_dags/example_skip_dag.py for tasks to queue
[2024-07-12T00:38:02.005+0000] {logging_mixin.py:188} INFO - [2024-07-12T00:38:02.005+0000] {dagbag.py:545} INFO - Filling up the DagBag from /home/airflow/.local/lib/python3.12/site-packages/airflow/example_dags/example_skip_dag.py
[2024-07-12T00:38:02.011+0000] {processor.py:840} INFO - DAG(s) 'example_skip_dag' retrieved from /home/airflow/.local/lib/python3.12/site-packages/airflow/example_dags/example_skip_dag.py
[2024-07-12T00:38:02.030+0000] {logging_mixin.py:188} INFO - [2024-07-12T00:38:02.029+0000] {dag.py:3096} INFO - Sync 1 DAGs
[2024-07-12T00:38:02.050+0000] {logging_mixin.py:188} INFO - [2024-07-12T00:38:02.049+0000] {dag.py:3954} INFO - Setting next_dagrun for example_skip_dag to 2024-07-11 00:00:00+00:00, run_after=2024-07-12 00:00:00+00:00
[2024-07-12T00:38:02.067+0000] {processor.py:183} INFO - Processing /home/airflow/.local/lib/python3.12/site-packages/airflow/example_dags/example_skip_dag.py took 0.069 seconds
[2024-07-12T00:38:32.744+0000] {processor.py:161} INFO - Started process (PID=359) to work on /home/airflow/.local/lib/python3.12/site-packages/airflow/example_dags/example_skip_dag.py
[2024-07-12T00:38:32.745+0000] {processor.py:830} INFO - Processing file /home/airflow/.local/lib/python3.12/site-packages/airflow/example_dags/example_skip_dag.py for tasks to queue
[2024-07-12T00:38:32.746+0000] {logging_mixin.py:188} INFO - [2024-07-12T00:38:32.746+0000] {dagbag.py:545} INFO - Filling up the DagBag from /home/airflow/.local/lib/python3.12/site-packages/airflow/example_dags/example_skip_dag.py
[2024-07-12T00:38:32.752+0000] {processor.py:840} INFO - DAG(s) 'example_skip_dag' retrieved from /home/airflow/.local/lib/python3.12/site-packages/airflow/example_dags/example_skip_dag.py
[2024-07-12T00:38:32.772+0000] {logging_mixin.py:188} INFO - [2024-07-12T00:38:32.772+0000] {dag.py:3096} INFO - Sync 1 DAGs
[2024-07-12T00:38:32.792+0000] {logging_mixin.py:188} INFO - [2024-07-12T00:38:32.792+0000] {dag.py:3954} INFO - Setting next_dagrun for example_skip_dag to 2024-07-11 00:00:00+00:00, run_after=2024-07-12 00:00:00+00:00
[2024-07-12T00:38:32.809+0000] {processor.py:183} INFO - Processing /home/airflow/.local/lib/python3.12/site-packages/airflow/example_dags/example_skip_dag.py took 0.070 seconds
[2024-07-12T00:39:02.951+0000] {processor.py:161} INFO - Started process (PID=417) to work on /home/airflow/.local/lib/python3.12/site-packages/airflow/example_dags/example_skip_dag.py
[2024-07-12T00:39:02.951+0000] {processor.py:830} INFO - Processing file /home/airflow/.local/lib/python3.12/site-packages/airflow/example_dags/example_skip_dag.py for tasks to queue
[2024-07-12T00:39:02.954+0000] {logging_mixin.py:188} INFO - [2024-07-12T00:39:02.954+0000] {dagbag.py:545} INFO - Filling up the DagBag from /home/airflow/.local/lib/python3.12/site-packages/airflow/example_dags/example_skip_dag.py
[2024-07-12T00:39:02.961+0000] {processor.py:840} INFO - DAG(s) 'example_skip_dag' retrieved from /home/airflow/.local/lib/python3.12/site-packages/airflow/example_dags/example_skip_dag.py
[2024-07-12T00:39:02.981+0000] {logging_mixin.py:188} INFO - [2024-07-12T00:39:02.980+0000] {dag.py:3096} INFO - Sync 1 DAGs
[2024-07-12T00:39:03.001+0000] {logging_mixin.py:188} INFO - [2024-07-12T00:39:03.001+0000] {dag.py:3954} INFO - Setting next_dagrun for example_skip_dag to 2024-07-11 00:00:00+00:00, run_after=2024-07-12 00:00:00+00:00
[2024-07-12T00:39:03.018+0000] {processor.py:183} INFO - Processing /home/airflow/.local/lib/python3.12/site-packages/airflow/example_dags/example_skip_dag.py took 0.073 seconds
[2024-07-12T00:39:33.172+0000] {processor.py:161} INFO - Started process (PID=475) to work on /home/airflow/.local/lib/python3.12/site-packages/airflow/example_dags/example_skip_dag.py
[2024-07-12T00:39:33.173+0000] {processor.py:830} INFO - Processing file /home/airflow/.local/lib/python3.12/site-packages/airflow/example_dags/example_skip_dag.py for tasks to queue
[2024-07-12T00:39:33.176+0000] {logging_mixin.py:188} INFO - [2024-07-12T00:39:33.175+0000] {dagbag.py:545} INFO - Filling up the DagBag from /home/airflow/.local/lib/python3.12/site-packages/airflow/example_dags/example_skip_dag.py
[2024-07-12T00:39:33.186+0000] {processor.py:840} INFO - DAG(s) 'example_skip_dag' retrieved from /home/airflow/.local/lib/python3.12/site-packages/airflow/example_dags/example_skip_dag.py
[2024-07-12T00:39:33.208+0000] {logging_mixin.py:188} INFO - [2024-07-12T00:39:33.208+0000] {dag.py:3096} INFO - Sync 1 DAGs
[2024-07-12T00:39:33.234+0000] {logging_mixin.py:188} INFO - [2024-07-12T00:39:33.234+0000] {dag.py:3954} INFO - Setting next_dagrun for example_skip_dag to 2024-07-11 00:00:00+00:00, run_after=2024-07-12 00:00:00+00:00
[2024-07-12T00:39:33.254+0000] {processor.py:183} INFO - Processing /home/airflow/.local/lib/python3.12/site-packages/airflow/example_dags/example_skip_dag.py took 0.089 seconds
