[2024-07-12T00:35:59.078+0000] {processor.py:161} INFO - Started process (PID=60) to work on /home/airflow/.local/lib/python3.12/site-packages/airflow/example_dags/example_task_group.py
[2024-07-12T00:35:59.079+0000] {processor.py:830} INFO - Processing file /home/airflow/.local/lib/python3.12/site-packages/airflow/example_dags/example_task_group.py for tasks to queue
[2024-07-12T00:35:59.080+0000] {logging_mixin.py:188} INFO - [2024-07-12T00:35:59.080+0000] {dagbag.py:545} INFO - Filling up the DagBag from /home/airflow/.local/lib/python3.12/site-packages/airflow/example_dags/example_task_group.py
[2024-07-12T00:35:59.092+0000] {processor.py:840} INFO - DAG(s) 'example_task_group' retrieved from /home/airflow/.local/lib/python3.12/site-packages/airflow/example_dags/example_task_group.py
[2024-07-12T00:35:59.203+0000] {logging_mixin.py:188} INFO - [2024-07-12T00:35:59.202+0000] {dag.py:3096} INFO - Sync 1 DAGs
[2024-07-12T00:35:59.221+0000] {logging_mixin.py:188} INFO - [2024-07-12T00:35:59.221+0000] {dag.py:3954} INFO - Setting next_dagrun for example_task_group to 2024-07-11 00:00:00+00:00, run_after=2024-07-12 00:00:00+00:00
[2024-07-12T00:35:59.241+0000] {processor.py:183} INFO - Processing /home/airflow/.local/lib/python3.12/site-packages/airflow/example_dags/example_task_group.py took 0.168 seconds
[2024-07-12T00:36:29.372+0000] {processor.py:161} INFO - Started process (PID=118) to work on /home/airflow/.local/lib/python3.12/site-packages/airflow/example_dags/example_task_group.py
[2024-07-12T00:36:29.373+0000] {processor.py:830} INFO - Processing file /home/airflow/.local/lib/python3.12/site-packages/airflow/example_dags/example_task_group.py for tasks to queue
[2024-07-12T00:36:29.374+0000] {logging_mixin.py:188} INFO - [2024-07-12T00:36:29.374+0000] {dagbag.py:545} INFO - Filling up the DagBag from /home/airflow/.local/lib/python3.12/site-packages/airflow/example_dags/example_task_group.py
[2024-07-12T00:36:29.380+0000] {processor.py:840} INFO - DAG(s) 'example_task_group' retrieved from /home/airflow/.local/lib/python3.12/site-packages/airflow/example_dags/example_task_group.py
[2024-07-12T00:36:29.397+0000] {logging_mixin.py:188} INFO - [2024-07-12T00:36:29.397+0000] {dag.py:3096} INFO - Sync 1 DAGs
[2024-07-12T00:36:29.416+0000] {logging_mixin.py:188} INFO - [2024-07-12T00:36:29.416+0000] {dag.py:3954} INFO - Setting next_dagrun for example_task_group to 2024-07-11 00:00:00+00:00, run_after=2024-07-12 00:00:00+00:00
[2024-07-12T00:36:29.430+0000] {processor.py:183} INFO - Processing /home/airflow/.local/lib/python3.12/site-packages/airflow/example_dags/example_task_group.py took 0.063 seconds
[2024-07-12T00:36:59.646+0000] {processor.py:161} INFO - Started process (PID=176) to work on /home/airflow/.local/lib/python3.12/site-packages/airflow/example_dags/example_task_group.py
[2024-07-12T00:36:59.647+0000] {processor.py:830} INFO - Processing file /home/airflow/.local/lib/python3.12/site-packages/airflow/example_dags/example_task_group.py for tasks to queue
[2024-07-12T00:36:59.648+0000] {logging_mixin.py:188} INFO - [2024-07-12T00:36:59.648+0000] {dagbag.py:545} INFO - Filling up the DagBag from /home/airflow/.local/lib/python3.12/site-packages/airflow/example_dags/example_task_group.py
[2024-07-12T00:36:59.654+0000] {processor.py:840} INFO - DAG(s) 'example_task_group' retrieved from /home/airflow/.local/lib/python3.12/site-packages/airflow/example_dags/example_task_group.py
[2024-07-12T00:36:59.672+0000] {logging_mixin.py:188} INFO - [2024-07-12T00:36:59.671+0000] {dag.py:3096} INFO - Sync 1 DAGs
[2024-07-12T00:36:59.690+0000] {logging_mixin.py:188} INFO - [2024-07-12T00:36:59.690+0000] {dag.py:3954} INFO - Setting next_dagrun for example_task_group to 2024-07-11 00:00:00+00:00, run_after=2024-07-12 00:00:00+00:00
[2024-07-12T00:36:59.705+0000] {processor.py:183} INFO - Processing /home/airflow/.local/lib/python3.12/site-packages/airflow/example_dags/example_task_group.py took 0.063 seconds
[2024-07-12T00:37:30.333+0000] {processor.py:161} INFO - Started process (PID=240) to work on /home/airflow/.local/lib/python3.12/site-packages/airflow/example_dags/example_task_group.py
[2024-07-12T00:37:30.334+0000] {processor.py:830} INFO - Processing file /home/airflow/.local/lib/python3.12/site-packages/airflow/example_dags/example_task_group.py for tasks to queue
[2024-07-12T00:37:30.336+0000] {logging_mixin.py:188} INFO - [2024-07-12T00:37:30.335+0000] {dagbag.py:545} INFO - Filling up the DagBag from /home/airflow/.local/lib/python3.12/site-packages/airflow/example_dags/example_task_group.py
[2024-07-12T00:37:30.343+0000] {processor.py:840} INFO - DAG(s) 'example_task_group' retrieved from /home/airflow/.local/lib/python3.12/site-packages/airflow/example_dags/example_task_group.py
[2024-07-12T00:37:30.361+0000] {logging_mixin.py:188} INFO - [2024-07-12T00:37:30.360+0000] {dag.py:3096} INFO - Sync 1 DAGs
[2024-07-12T00:37:30.381+0000] {logging_mixin.py:188} INFO - [2024-07-12T00:37:30.381+0000] {dag.py:3954} INFO - Setting next_dagrun for example_task_group to 2024-07-11 00:00:00+00:00, run_after=2024-07-12 00:00:00+00:00
[2024-07-12T00:37:30.398+0000] {processor.py:183} INFO - Processing /home/airflow/.local/lib/python3.12/site-packages/airflow/example_dags/example_task_group.py took 0.069 seconds
[2024-07-12T00:38:00.833+0000] {processor.py:161} INFO - Started process (PID=298) to work on /home/airflow/.local/lib/python3.12/site-packages/airflow/example_dags/example_task_group.py
[2024-07-12T00:38:00.833+0000] {processor.py:830} INFO - Processing file /home/airflow/.local/lib/python3.12/site-packages/airflow/example_dags/example_task_group.py for tasks to queue
[2024-07-12T00:38:00.835+0000] {logging_mixin.py:188} INFO - [2024-07-12T00:38:00.835+0000] {dagbag.py:545} INFO - Filling up the DagBag from /home/airflow/.local/lib/python3.12/site-packages/airflow/example_dags/example_task_group.py
[2024-07-12T00:38:00.843+0000] {processor.py:840} INFO - DAG(s) 'example_task_group' retrieved from /home/airflow/.local/lib/python3.12/site-packages/airflow/example_dags/example_task_group.py
[2024-07-12T00:38:00.862+0000] {logging_mixin.py:188} INFO - [2024-07-12T00:38:00.862+0000] {dag.py:3096} INFO - Sync 1 DAGs
[2024-07-12T00:38:00.882+0000] {logging_mixin.py:188} INFO - [2024-07-12T00:38:00.882+0000] {dag.py:3954} INFO - Setting next_dagrun for example_task_group to 2024-07-11 00:00:00+00:00, run_after=2024-07-12 00:00:00+00:00
[2024-07-12T00:38:00.898+0000] {processor.py:183} INFO - Processing /home/airflow/.local/lib/python3.12/site-packages/airflow/example_dags/example_task_group.py took 0.071 seconds
[2024-07-12T00:38:31.506+0000] {processor.py:161} INFO - Started process (PID=356) to work on /home/airflow/.local/lib/python3.12/site-packages/airflow/example_dags/example_task_group.py
[2024-07-12T00:38:31.507+0000] {processor.py:830} INFO - Processing file /home/airflow/.local/lib/python3.12/site-packages/airflow/example_dags/example_task_group.py for tasks to queue
[2024-07-12T00:38:31.508+0000] {logging_mixin.py:188} INFO - [2024-07-12T00:38:31.508+0000] {dagbag.py:545} INFO - Filling up the DagBag from /home/airflow/.local/lib/python3.12/site-packages/airflow/example_dags/example_task_group.py
[2024-07-12T00:38:31.516+0000] {processor.py:840} INFO - DAG(s) 'example_task_group' retrieved from /home/airflow/.local/lib/python3.12/site-packages/airflow/example_dags/example_task_group.py
[2024-07-12T00:38:31.534+0000] {logging_mixin.py:188} INFO - [2024-07-12T00:38:31.533+0000] {dag.py:3096} INFO - Sync 1 DAGs
[2024-07-12T00:38:31.553+0000] {logging_mixin.py:188} INFO - [2024-07-12T00:38:31.553+0000] {dag.py:3954} INFO - Setting next_dagrun for example_task_group to 2024-07-11 00:00:00+00:00, run_after=2024-07-12 00:00:00+00:00
[2024-07-12T00:38:31.570+0000] {processor.py:183} INFO - Processing /home/airflow/.local/lib/python3.12/site-packages/airflow/example_dags/example_task_group.py took 0.070 seconds
[2024-07-12T00:39:01.661+0000] {processor.py:161} INFO - Started process (PID=414) to work on /home/airflow/.local/lib/python3.12/site-packages/airflow/example_dags/example_task_group.py
[2024-07-12T00:39:01.662+0000] {processor.py:830} INFO - Processing file /home/airflow/.local/lib/python3.12/site-packages/airflow/example_dags/example_task_group.py for tasks to queue
[2024-07-12T00:39:01.663+0000] {logging_mixin.py:188} INFO - [2024-07-12T00:39:01.663+0000] {dagbag.py:545} INFO - Filling up the DagBag from /home/airflow/.local/lib/python3.12/site-packages/airflow/example_dags/example_task_group.py
[2024-07-12T00:39:01.670+0000] {processor.py:840} INFO - DAG(s) 'example_task_group' retrieved from /home/airflow/.local/lib/python3.12/site-packages/airflow/example_dags/example_task_group.py
[2024-07-12T00:39:01.690+0000] {logging_mixin.py:188} INFO - [2024-07-12T00:39:01.690+0000] {dag.py:3096} INFO - Sync 1 DAGs
[2024-07-12T00:39:01.710+0000] {logging_mixin.py:188} INFO - [2024-07-12T00:39:01.710+0000] {dag.py:3954} INFO - Setting next_dagrun for example_task_group to 2024-07-11 00:00:00+00:00, run_after=2024-07-12 00:00:00+00:00
[2024-07-12T00:39:01.727+0000] {processor.py:183} INFO - Processing /home/airflow/.local/lib/python3.12/site-packages/airflow/example_dags/example_task_group.py took 0.072 seconds
[2024-07-12T00:39:31.769+0000] {processor.py:161} INFO - Started process (PID=471) to work on /home/airflow/.local/lib/python3.12/site-packages/airflow/example_dags/example_task_group.py
[2024-07-12T00:39:31.770+0000] {processor.py:830} INFO - Processing file /home/airflow/.local/lib/python3.12/site-packages/airflow/example_dags/example_task_group.py for tasks to queue
[2024-07-12T00:39:31.772+0000] {logging_mixin.py:188} INFO - [2024-07-12T00:39:31.771+0000] {dagbag.py:545} INFO - Filling up the DagBag from /home/airflow/.local/lib/python3.12/site-packages/airflow/example_dags/example_task_group.py
[2024-07-12T00:39:31.777+0000] {processor.py:840} INFO - DAG(s) 'example_task_group' retrieved from /home/airflow/.local/lib/python3.12/site-packages/airflow/example_dags/example_task_group.py
[2024-07-12T00:39:31.795+0000] {logging_mixin.py:188} INFO - [2024-07-12T00:39:31.795+0000] {dag.py:3096} INFO - Sync 1 DAGs
[2024-07-12T00:39:31.816+0000] {logging_mixin.py:188} INFO - [2024-07-12T00:39:31.816+0000] {dag.py:3954} INFO - Setting next_dagrun for example_task_group to 2024-07-11 00:00:00+00:00, run_after=2024-07-12 00:00:00+00:00
[2024-07-12T00:39:31.831+0000] {processor.py:183} INFO - Processing /home/airflow/.local/lib/python3.12/site-packages/airflow/example_dags/example_task_group.py took 0.066 seconds
