[2024-07-12T00:36:00.689+0000] {processor.py:161} INFO - Started process (PID=83) to work on /home/airflow/.local/lib/python3.12/site-packages/airflow/example_dags/example_branch_operator.py
[2024-07-12T00:36:00.690+0000] {processor.py:830} INFO - Processing file /home/airflow/.local/lib/python3.12/site-packages/airflow/example_dags/example_branch_operator.py for tasks to queue
[2024-07-12T00:36:00.692+0000] {logging_mixin.py:188} INFO - [2024-07-12T00:36:00.692+0000] {dagbag.py:545} INFO - Filling up the DagBag from /home/airflow/.local/lib/python3.12/site-packages/airflow/example_dags/example_branch_operator.py
[2024-07-12T00:36:00.717+0000] {processor.py:840} INFO - DAG(s) 'example_branch_operator' retrieved from /home/airflow/.local/lib/python3.12/site-packages/airflow/example_dags/example_branch_operator.py
[2024-07-12T00:36:00.855+0000] {logging_mixin.py:188} INFO - [2024-07-12T00:36:00.855+0000] {dag.py:3096} INFO - Sync 1 DAGs
[2024-07-12T00:36:00.880+0000] {logging_mixin.py:188} INFO - [2024-07-12T00:36:00.880+0000] {dag.py:3954} INFO - Setting next_dagrun for example_branch_operator to 2024-07-11 00:00:00+00:00, run_after=2024-07-12 00:00:00+00:00
[2024-07-12T00:36:00.899+0000] {processor.py:183} INFO - Processing /home/airflow/.local/lib/python3.12/site-packages/airflow/example_dags/example_branch_operator.py took 0.217 seconds
[2024-07-12T00:36:31.234+0000] {processor.py:161} INFO - Started process (PID=141) to work on /home/airflow/.local/lib/python3.12/site-packages/airflow/example_dags/example_branch_operator.py
[2024-07-12T00:36:31.235+0000] {processor.py:830} INFO - Processing file /home/airflow/.local/lib/python3.12/site-packages/airflow/example_dags/example_branch_operator.py for tasks to queue
[2024-07-12T00:36:31.237+0000] {logging_mixin.py:188} INFO - [2024-07-12T00:36:31.237+0000] {dagbag.py:545} INFO - Filling up the DagBag from /home/airflow/.local/lib/python3.12/site-packages/airflow/example_dags/example_branch_operator.py
[2024-07-12T00:36:31.253+0000] {processor.py:840} INFO - DAG(s) 'example_branch_operator' retrieved from /home/airflow/.local/lib/python3.12/site-packages/airflow/example_dags/example_branch_operator.py
[2024-07-12T00:36:31.285+0000] {logging_mixin.py:188} INFO - [2024-07-12T00:36:31.284+0000] {dag.py:3096} INFO - Sync 1 DAGs
[2024-07-12T00:36:31.309+0000] {logging_mixin.py:188} INFO - [2024-07-12T00:36:31.308+0000] {dag.py:3954} INFO - Setting next_dagrun for example_branch_operator to 2024-07-11 00:00:00+00:00, run_after=2024-07-12 00:00:00+00:00
[2024-07-12T00:36:31.324+0000] {processor.py:183} INFO - Processing /home/airflow/.local/lib/python3.12/site-packages/airflow/example_dags/example_branch_operator.py took 0.094 seconds
[2024-07-12T00:37:01.456+0000] {processor.py:161} INFO - Started process (PID=199) to work on /home/airflow/.local/lib/python3.12/site-packages/airflow/example_dags/example_branch_operator.py
[2024-07-12T00:37:01.457+0000] {processor.py:830} INFO - Processing file /home/airflow/.local/lib/python3.12/site-packages/airflow/example_dags/example_branch_operator.py for tasks to queue
[2024-07-12T00:37:01.458+0000] {logging_mixin.py:188} INFO - [2024-07-12T00:37:01.458+0000] {dagbag.py:545} INFO - Filling up the DagBag from /home/airflow/.local/lib/python3.12/site-packages/airflow/example_dags/example_branch_operator.py
[2024-07-12T00:37:01.473+0000] {processor.py:840} INFO - DAG(s) 'example_branch_operator' retrieved from /home/airflow/.local/lib/python3.12/site-packages/airflow/example_dags/example_branch_operator.py
[2024-07-12T00:37:01.499+0000] {logging_mixin.py:188} INFO - [2024-07-12T00:37:01.499+0000] {dag.py:3096} INFO - Sync 1 DAGs
[2024-07-12T00:37:01.520+0000] {logging_mixin.py:188} INFO - [2024-07-12T00:37:01.519+0000] {dag.py:3954} INFO - Setting next_dagrun for example_branch_operator to 2024-07-11 00:00:00+00:00, run_after=2024-07-12 00:00:00+00:00
[2024-07-12T00:37:01.536+0000] {processor.py:183} INFO - Processing /home/airflow/.local/lib/python3.12/site-packages/airflow/example_dags/example_branch_operator.py took 0.085 seconds
[2024-07-12T00:37:32.194+0000] {processor.py:161} INFO - Started process (PID=257) to work on /home/airflow/.local/lib/python3.12/site-packages/airflow/example_dags/example_branch_operator.py
[2024-07-12T00:37:32.195+0000] {processor.py:830} INFO - Processing file /home/airflow/.local/lib/python3.12/site-packages/airflow/example_dags/example_branch_operator.py for tasks to queue
[2024-07-12T00:37:32.196+0000] {logging_mixin.py:188} INFO - [2024-07-12T00:37:32.196+0000] {dagbag.py:545} INFO - Filling up the DagBag from /home/airflow/.local/lib/python3.12/site-packages/airflow/example_dags/example_branch_operator.py
[2024-07-12T00:37:32.210+0000] {processor.py:840} INFO - DAG(s) 'example_branch_operator' retrieved from /home/airflow/.local/lib/python3.12/site-packages/airflow/example_dags/example_branch_operator.py
[2024-07-12T00:37:32.235+0000] {logging_mixin.py:188} INFO - [2024-07-12T00:37:32.235+0000] {dag.py:3096} INFO - Sync 1 DAGs
[2024-07-12T00:37:32.255+0000] {logging_mixin.py:188} INFO - [2024-07-12T00:37:32.254+0000] {dag.py:3954} INFO - Setting next_dagrun for example_branch_operator to 2024-07-11 00:00:00+00:00, run_after=2024-07-12 00:00:00+00:00
[2024-07-12T00:37:32.270+0000] {processor.py:183} INFO - Processing /home/airflow/.local/lib/python3.12/site-packages/airflow/example_dags/example_branch_operator.py took 0.080 seconds
[2024-07-12T00:38:02.769+0000] {processor.py:161} INFO - Started process (PID=315) to work on /home/airflow/.local/lib/python3.12/site-packages/airflow/example_dags/example_branch_operator.py
[2024-07-12T00:38:02.770+0000] {processor.py:830} INFO - Processing file /home/airflow/.local/lib/python3.12/site-packages/airflow/example_dags/example_branch_operator.py for tasks to queue
[2024-07-12T00:38:02.772+0000] {logging_mixin.py:188} INFO - [2024-07-12T00:38:02.771+0000] {dagbag.py:545} INFO - Filling up the DagBag from /home/airflow/.local/lib/python3.12/site-packages/airflow/example_dags/example_branch_operator.py
[2024-07-12T00:38:02.785+0000] {processor.py:840} INFO - DAG(s) 'example_branch_operator' retrieved from /home/airflow/.local/lib/python3.12/site-packages/airflow/example_dags/example_branch_operator.py
[2024-07-12T00:38:02.812+0000] {logging_mixin.py:188} INFO - [2024-07-12T00:38:02.812+0000] {dag.py:3096} INFO - Sync 1 DAGs
[2024-07-12T00:38:02.833+0000] {logging_mixin.py:188} INFO - [2024-07-12T00:38:02.833+0000] {dag.py:3954} INFO - Setting next_dagrun for example_branch_operator to 2024-07-11 00:00:00+00:00, run_after=2024-07-12 00:00:00+00:00
[2024-07-12T00:38:02.851+0000] {processor.py:183} INFO - Processing /home/airflow/.local/lib/python3.12/site-packages/airflow/example_dags/example_branch_operator.py took 0.086 seconds
[2024-07-12T00:38:33.464+0000] {processor.py:161} INFO - Started process (PID=373) to work on /home/airflow/.local/lib/python3.12/site-packages/airflow/example_dags/example_branch_operator.py
[2024-07-12T00:38:33.464+0000] {processor.py:830} INFO - Processing file /home/airflow/.local/lib/python3.12/site-packages/airflow/example_dags/example_branch_operator.py for tasks to queue
[2024-07-12T00:38:33.466+0000] {logging_mixin.py:188} INFO - [2024-07-12T00:38:33.466+0000] {dagbag.py:545} INFO - Filling up the DagBag from /home/airflow/.local/lib/python3.12/site-packages/airflow/example_dags/example_branch_operator.py
[2024-07-12T00:38:33.480+0000] {processor.py:840} INFO - DAG(s) 'example_branch_operator' retrieved from /home/airflow/.local/lib/python3.12/site-packages/airflow/example_dags/example_branch_operator.py
[2024-07-12T00:38:33.505+0000] {logging_mixin.py:188} INFO - [2024-07-12T00:38:33.505+0000] {dag.py:3096} INFO - Sync 1 DAGs
[2024-07-12T00:38:33.525+0000] {logging_mixin.py:188} INFO - [2024-07-12T00:38:33.525+0000] {dag.py:3954} INFO - Setting next_dagrun for example_branch_operator to 2024-07-11 00:00:00+00:00, run_after=2024-07-12 00:00:00+00:00
[2024-07-12T00:38:33.543+0000] {processor.py:183} INFO - Processing /home/airflow/.local/lib/python3.12/site-packages/airflow/example_dags/example_branch_operator.py took 0.083 seconds
[2024-07-12T00:39:03.827+0000] {processor.py:161} INFO - Started process (PID=431) to work on /home/airflow/.local/lib/python3.12/site-packages/airflow/example_dags/example_branch_operator.py
[2024-07-12T00:39:03.828+0000] {processor.py:830} INFO - Processing file /home/airflow/.local/lib/python3.12/site-packages/airflow/example_dags/example_branch_operator.py for tasks to queue
[2024-07-12T00:39:03.829+0000] {logging_mixin.py:188} INFO - [2024-07-12T00:39:03.829+0000] {dagbag.py:545} INFO - Filling up the DagBag from /home/airflow/.local/lib/python3.12/site-packages/airflow/example_dags/example_branch_operator.py
[2024-07-12T00:39:03.844+0000] {processor.py:840} INFO - DAG(s) 'example_branch_operator' retrieved from /home/airflow/.local/lib/python3.12/site-packages/airflow/example_dags/example_branch_operator.py
[2024-07-12T00:39:03.875+0000] {logging_mixin.py:188} INFO - [2024-07-12T00:39:03.875+0000] {dag.py:3096} INFO - Sync 1 DAGs
[2024-07-12T00:39:03.895+0000] {logging_mixin.py:188} INFO - [2024-07-12T00:39:03.895+0000] {dag.py:3954} INFO - Setting next_dagrun for example_branch_operator to 2024-07-11 00:00:00+00:00, run_after=2024-07-12 00:00:00+00:00
[2024-07-12T00:39:03.914+0000] {processor.py:183} INFO - Processing /home/airflow/.local/lib/python3.12/site-packages/airflow/example_dags/example_branch_operator.py took 0.091 seconds
[2024-07-12T00:39:34.017+0000] {processor.py:161} INFO - Started process (PID=489) to work on /home/airflow/.local/lib/python3.12/site-packages/airflow/example_dags/example_branch_operator.py
[2024-07-12T00:39:34.023+0000] {processor.py:830} INFO - Processing file /home/airflow/.local/lib/python3.12/site-packages/airflow/example_dags/example_branch_operator.py for tasks to queue
[2024-07-12T00:39:34.026+0000] {logging_mixin.py:188} INFO - [2024-07-12T00:39:34.025+0000] {dagbag.py:545} INFO - Filling up the DagBag from /home/airflow/.local/lib/python3.12/site-packages/airflow/example_dags/example_branch_operator.py
[2024-07-12T00:39:34.058+0000] {processor.py:840} INFO - DAG(s) 'example_branch_operator' retrieved from /home/airflow/.local/lib/python3.12/site-packages/airflow/example_dags/example_branch_operator.py
[2024-07-12T00:39:34.117+0000] {logging_mixin.py:188} INFO - [2024-07-12T00:39:34.117+0000] {dag.py:3096} INFO - Sync 1 DAGs
[2024-07-12T00:39:34.153+0000] {logging_mixin.py:188} INFO - [2024-07-12T00:39:34.153+0000] {dag.py:3954} INFO - Setting next_dagrun for example_branch_operator to 2024-07-11 00:00:00+00:00, run_after=2024-07-12 00:00:00+00:00
[2024-07-12T00:39:34.176+0000] {processor.py:183} INFO - Processing /home/airflow/.local/lib/python3.12/site-packages/airflow/example_dags/example_branch_operator.py took 0.166 seconds
