[2024-07-12T00:35:59.116+0000] {processor.py:161} INFO - Started process (PID=61) to work on /home/airflow/.local/lib/python3.12/site-packages/airflow/example_dags/example_datasets.py
[2024-07-12T00:35:59.117+0000] {processor.py:830} INFO - Processing file /home/airflow/.local/lib/python3.12/site-packages/airflow/example_dags/example_datasets.py for tasks to queue
[2024-07-12T00:35:59.118+0000] {logging_mixin.py:188} INFO - [2024-07-12T00:35:59.118+0000] {dagbag.py:545} INFO - Filling up the DagBag from /home/airflow/.local/lib/python3.12/site-packages/airflow/example_dags/example_datasets.py
[2024-07-12T00:35:59.135+0000] {processor.py:840} INFO - DAG(s) 'dataset_consumes_1_never_scheduled', 'dataset_produces_1', 'dataset_produces_2', 'dataset_consumes_1', 'consume_1_or_both_2_and_3_with_dataset_expressions', 'dataset_consumes_1_and_2', 'consume_1_and_2_with_dataset_expressions', 'consume_1_or_2_with_dataset_expressions', 'conditional_dataset_and_time_based_timetable', 'dataset_consumes_unknown_never_scheduled' retrieved from /home/airflow/.local/lib/python3.12/site-packages/airflow/example_dags/example_datasets.py
[2024-07-12T00:35:59.334+0000] {logging_mixin.py:188} INFO - [2024-07-12T00:35:59.334+0000] {dag.py:3096} INFO - Sync 10 DAGs
[2024-07-12T00:35:59.358+0000] {logging_mixin.py:188} INFO - [2024-07-12T00:35:59.357+0000] {dag.py:3954} INFO - Setting next_dagrun for conditional_dataset_and_time_based_timetable to 2024-07-10 01:00:00+00:00, run_after=2024-07-10 01:00:00+00:00
[2024-07-12T00:35:59.360+0000] {logging_mixin.py:188} INFO - [2024-07-12T00:35:59.360+0000] {dag.py:3954} INFO - Setting next_dagrun for consume_1_and_2_with_dataset_expressions to None, run_after=None
[2024-07-12T00:35:59.362+0000] {logging_mixin.py:188} INFO - [2024-07-12T00:35:59.361+0000] {dag.py:3954} INFO - Setting next_dagrun for consume_1_or_2_with_dataset_expressions to None, run_after=None
[2024-07-12T00:35:59.363+0000] {logging_mixin.py:188} INFO - [2024-07-12T00:35:59.363+0000] {dag.py:3954} INFO - Setting next_dagrun for consume_1_or_both_2_and_3_with_dataset_expressions to None, run_after=None
[2024-07-12T00:35:59.364+0000] {logging_mixin.py:188} INFO - [2024-07-12T00:35:59.364+0000] {dag.py:3954} INFO - Setting next_dagrun for dataset_consumes_1 to None, run_after=None
[2024-07-12T00:35:59.365+0000] {logging_mixin.py:188} INFO - [2024-07-12T00:35:59.365+0000] {dag.py:3954} INFO - Setting next_dagrun for dataset_consumes_1_and_2 to None, run_after=None
[2024-07-12T00:35:59.366+0000] {logging_mixin.py:188} INFO - [2024-07-12T00:35:59.366+0000] {dag.py:3954} INFO - Setting next_dagrun for dataset_consumes_1_never_scheduled to None, run_after=None
[2024-07-12T00:35:59.367+0000] {logging_mixin.py:188} INFO - [2024-07-12T00:35:59.367+0000] {dag.py:3954} INFO - Setting next_dagrun for dataset_consumes_unknown_never_scheduled to None, run_after=None
[2024-07-12T00:35:59.369+0000] {logging_mixin.py:188} INFO - [2024-07-12T00:35:59.369+0000] {dag.py:3954} INFO - Setting next_dagrun for dataset_produces_1 to 2024-07-11 00:00:00+00:00, run_after=2024-07-12 00:00:00+00:00
[2024-07-12T00:35:59.370+0000] {logging_mixin.py:188} INFO - [2024-07-12T00:35:59.370+0000] {dag.py:3954} INFO - Setting next_dagrun for dataset_produces_2 to None, run_after=None
[2024-07-12T00:35:59.408+0000] {processor.py:183} INFO - Processing /home/airflow/.local/lib/python3.12/site-packages/airflow/example_dags/example_datasets.py took 0.297 seconds
[2024-07-12T00:36:29.456+0000] {processor.py:161} INFO - Started process (PID=119) to work on /home/airflow/.local/lib/python3.12/site-packages/airflow/example_dags/example_datasets.py
[2024-07-12T00:36:29.457+0000] {processor.py:830} INFO - Processing file /home/airflow/.local/lib/python3.12/site-packages/airflow/example_dags/example_datasets.py for tasks to queue
[2024-07-12T00:36:29.458+0000] {logging_mixin.py:188} INFO - [2024-07-12T00:36:29.458+0000] {dagbag.py:545} INFO - Filling up the DagBag from /home/airflow/.local/lib/python3.12/site-packages/airflow/example_dags/example_datasets.py
[2024-07-12T00:36:29.469+0000] {processor.py:840} INFO - DAG(s) 'consume_1_and_2_with_dataset_expressions', 'dataset_consumes_1', 'consume_1_or_both_2_and_3_with_dataset_expressions', 'conditional_dataset_and_time_based_timetable', 'dataset_consumes_unknown_never_scheduled', 'dataset_consumes_1_never_scheduled', 'dataset_produces_2', 'consume_1_or_2_with_dataset_expressions', 'dataset_consumes_1_and_2', 'dataset_produces_1' retrieved from /home/airflow/.local/lib/python3.12/site-packages/airflow/example_dags/example_datasets.py
[2024-07-12T00:36:29.511+0000] {logging_mixin.py:188} INFO - [2024-07-12T00:36:29.511+0000] {dag.py:3096} INFO - Sync 10 DAGs
[2024-07-12T00:36:29.534+0000] {logging_mixin.py:188} INFO - [2024-07-12T00:36:29.533+0000] {dag.py:3954} INFO - Setting next_dagrun for conditional_dataset_and_time_based_timetable to 2024-07-10 01:00:00+00:00, run_after=2024-07-10 01:00:00+00:00
[2024-07-12T00:36:29.538+0000] {logging_mixin.py:188} INFO - [2024-07-12T00:36:29.537+0000] {dag.py:3954} INFO - Setting next_dagrun for consume_1_and_2_with_dataset_expressions to None, run_after=None
[2024-07-12T00:36:29.539+0000] {logging_mixin.py:188} INFO - [2024-07-12T00:36:29.539+0000] {dag.py:3954} INFO - Setting next_dagrun for consume_1_or_2_with_dataset_expressions to None, run_after=None
[2024-07-12T00:36:29.540+0000] {logging_mixin.py:188} INFO - [2024-07-12T00:36:29.540+0000] {dag.py:3954} INFO - Setting next_dagrun for consume_1_or_both_2_and_3_with_dataset_expressions to None, run_after=None
[2024-07-12T00:36:29.541+0000] {logging_mixin.py:188} INFO - [2024-07-12T00:36:29.541+0000] {dag.py:3954} INFO - Setting next_dagrun for dataset_consumes_1 to None, run_after=None
[2024-07-12T00:36:29.542+0000] {logging_mixin.py:188} INFO - [2024-07-12T00:36:29.542+0000] {dag.py:3954} INFO - Setting next_dagrun for dataset_consumes_1_and_2 to None, run_after=None
[2024-07-12T00:36:29.543+0000] {logging_mixin.py:188} INFO - [2024-07-12T00:36:29.543+0000] {dag.py:3954} INFO - Setting next_dagrun for dataset_consumes_1_never_scheduled to None, run_after=None
[2024-07-12T00:36:29.544+0000] {logging_mixin.py:188} INFO - [2024-07-12T00:36:29.544+0000] {dag.py:3954} INFO - Setting next_dagrun for dataset_consumes_unknown_never_scheduled to None, run_after=None
[2024-07-12T00:36:29.547+0000] {logging_mixin.py:188} INFO - [2024-07-12T00:36:29.546+0000] {dag.py:3954} INFO - Setting next_dagrun for dataset_produces_1 to 2024-07-11 00:00:00+00:00, run_after=2024-07-12 00:00:00+00:00
[2024-07-12T00:36:29.548+0000] {logging_mixin.py:188} INFO - [2024-07-12T00:36:29.547+0000] {dag.py:3954} INFO - Setting next_dagrun for dataset_produces_2 to None, run_after=None
[2024-07-12T00:36:29.573+0000] {processor.py:183} INFO - Processing /home/airflow/.local/lib/python3.12/site-packages/airflow/example_dags/example_datasets.py took 0.121 seconds
[2024-07-12T00:36:59.813+0000] {processor.py:161} INFO - Started process (PID=178) to work on /home/airflow/.local/lib/python3.12/site-packages/airflow/example_dags/example_datasets.py
[2024-07-12T00:36:59.813+0000] {processor.py:830} INFO - Processing file /home/airflow/.local/lib/python3.12/site-packages/airflow/example_dags/example_datasets.py for tasks to queue
[2024-07-12T00:36:59.815+0000] {logging_mixin.py:188} INFO - [2024-07-12T00:36:59.815+0000] {dagbag.py:545} INFO - Filling up the DagBag from /home/airflow/.local/lib/python3.12/site-packages/airflow/example_dags/example_datasets.py
[2024-07-12T00:36:59.826+0000] {processor.py:840} INFO - DAG(s) 'consume_1_and_2_with_dataset_expressions', 'conditional_dataset_and_time_based_timetable', 'dataset_consumes_unknown_never_scheduled', 'dataset_consumes_1_and_2', 'consume_1_or_2_with_dataset_expressions', 'dataset_produces_1', 'consume_1_or_both_2_and_3_with_dataset_expressions', 'dataset_consumes_1_never_scheduled', 'dataset_produces_2', 'dataset_consumes_1' retrieved from /home/airflow/.local/lib/python3.12/site-packages/airflow/example_dags/example_datasets.py
[2024-07-12T00:36:59.863+0000] {logging_mixin.py:188} INFO - [2024-07-12T00:36:59.863+0000] {dag.py:3096} INFO - Sync 10 DAGs
[2024-07-12T00:36:59.883+0000] {logging_mixin.py:188} INFO - [2024-07-12T00:36:59.883+0000] {dag.py:3954} INFO - Setting next_dagrun for conditional_dataset_and_time_based_timetable to 2024-07-10 01:00:00+00:00, run_after=2024-07-10 01:00:00+00:00
[2024-07-12T00:36:59.887+0000] {logging_mixin.py:188} INFO - [2024-07-12T00:36:59.887+0000] {dag.py:3954} INFO - Setting next_dagrun for consume_1_and_2_with_dataset_expressions to None, run_after=None
[2024-07-12T00:36:59.888+0000] {logging_mixin.py:188} INFO - [2024-07-12T00:36:59.888+0000] {dag.py:3954} INFO - Setting next_dagrun for consume_1_or_2_with_dataset_expressions to None, run_after=None
[2024-07-12T00:36:59.889+0000] {logging_mixin.py:188} INFO - [2024-07-12T00:36:59.889+0000] {dag.py:3954} INFO - Setting next_dagrun for consume_1_or_both_2_and_3_with_dataset_expressions to None, run_after=None
[2024-07-12T00:36:59.890+0000] {logging_mixin.py:188} INFO - [2024-07-12T00:36:59.890+0000] {dag.py:3954} INFO - Setting next_dagrun for dataset_consumes_1 to None, run_after=None
[2024-07-12T00:36:59.891+0000] {logging_mixin.py:188} INFO - [2024-07-12T00:36:59.891+0000] {dag.py:3954} INFO - Setting next_dagrun for dataset_consumes_1_and_2 to None, run_after=None
[2024-07-12T00:36:59.892+0000] {logging_mixin.py:188} INFO - [2024-07-12T00:36:59.892+0000] {dag.py:3954} INFO - Setting next_dagrun for dataset_consumes_1_never_scheduled to None, run_after=None
[2024-07-12T00:36:59.893+0000] {logging_mixin.py:188} INFO - [2024-07-12T00:36:59.893+0000] {dag.py:3954} INFO - Setting next_dagrun for dataset_consumes_unknown_never_scheduled to None, run_after=None
[2024-07-12T00:36:59.895+0000] {logging_mixin.py:188} INFO - [2024-07-12T00:36:59.895+0000] {dag.py:3954} INFO - Setting next_dagrun for dataset_produces_1 to 2024-07-11 00:00:00+00:00, run_after=2024-07-12 00:00:00+00:00
[2024-07-12T00:36:59.896+0000] {logging_mixin.py:188} INFO - [2024-07-12T00:36:59.896+0000] {dag.py:3954} INFO - Setting next_dagrun for dataset_produces_2 to None, run_after=None
[2024-07-12T00:36:59.921+0000] {processor.py:183} INFO - Processing /home/airflow/.local/lib/python3.12/site-packages/airflow/example_dags/example_datasets.py took 0.113 seconds
[2024-07-12T00:37:30.396+0000] {processor.py:161} INFO - Started process (PID=241) to work on /home/airflow/.local/lib/python3.12/site-packages/airflow/example_dags/example_datasets.py
[2024-07-12T00:37:30.397+0000] {processor.py:830} INFO - Processing file /home/airflow/.local/lib/python3.12/site-packages/airflow/example_dags/example_datasets.py for tasks to queue
[2024-07-12T00:37:30.399+0000] {logging_mixin.py:188} INFO - [2024-07-12T00:37:30.398+0000] {dagbag.py:545} INFO - Filling up the DagBag from /home/airflow/.local/lib/python3.12/site-packages/airflow/example_dags/example_datasets.py
[2024-07-12T00:37:30.414+0000] {processor.py:840} INFO - DAG(s) 'consume_1_or_both_2_and_3_with_dataset_expressions', 'consume_1_and_2_with_dataset_expressions', 'dataset_consumes_unknown_never_scheduled', 'dataset_consumes_1_never_scheduled', 'conditional_dataset_and_time_based_timetable', 'dataset_produces_1', 'dataset_consumes_1_and_2', 'consume_1_or_2_with_dataset_expressions', 'dataset_produces_2', 'dataset_consumes_1' retrieved from /home/airflow/.local/lib/python3.12/site-packages/airflow/example_dags/example_datasets.py
[2024-07-12T00:37:30.457+0000] {logging_mixin.py:188} INFO - [2024-07-12T00:37:30.456+0000] {dag.py:3096} INFO - Sync 10 DAGs
[2024-07-12T00:37:30.480+0000] {logging_mixin.py:188} INFO - [2024-07-12T00:37:30.479+0000] {dag.py:3954} INFO - Setting next_dagrun for conditional_dataset_and_time_based_timetable to 2024-07-10 01:00:00+00:00, run_after=2024-07-10 01:00:00+00:00
[2024-07-12T00:37:30.483+0000] {logging_mixin.py:188} INFO - [2024-07-12T00:37:30.483+0000] {dag.py:3954} INFO - Setting next_dagrun for consume_1_and_2_with_dataset_expressions to None, run_after=None
[2024-07-12T00:37:30.485+0000] {logging_mixin.py:188} INFO - [2024-07-12T00:37:30.485+0000] {dag.py:3954} INFO - Setting next_dagrun for consume_1_or_2_with_dataset_expressions to None, run_after=None
[2024-07-12T00:37:30.487+0000] {logging_mixin.py:188} INFO - [2024-07-12T00:37:30.487+0000] {dag.py:3954} INFO - Setting next_dagrun for consume_1_or_both_2_and_3_with_dataset_expressions to None, run_after=None
[2024-07-12T00:37:30.488+0000] {logging_mixin.py:188} INFO - [2024-07-12T00:37:30.488+0000] {dag.py:3954} INFO - Setting next_dagrun for dataset_consumes_1 to None, run_after=None
[2024-07-12T00:37:30.490+0000] {logging_mixin.py:188} INFO - [2024-07-12T00:37:30.490+0000] {dag.py:3954} INFO - Setting next_dagrun for dataset_consumes_1_and_2 to None, run_after=None
[2024-07-12T00:37:30.491+0000] {logging_mixin.py:188} INFO - [2024-07-12T00:37:30.491+0000] {dag.py:3954} INFO - Setting next_dagrun for dataset_consumes_1_never_scheduled to None, run_after=None
[2024-07-12T00:37:30.492+0000] {logging_mixin.py:188} INFO - [2024-07-12T00:37:30.492+0000] {dag.py:3954} INFO - Setting next_dagrun for dataset_consumes_unknown_never_scheduled to None, run_after=None
[2024-07-12T00:37:30.495+0000] {logging_mixin.py:188} INFO - [2024-07-12T00:37:30.495+0000] {dag.py:3954} INFO - Setting next_dagrun for dataset_produces_1 to 2024-07-11 00:00:00+00:00, run_after=2024-07-12 00:00:00+00:00
[2024-07-12T00:37:30.496+0000] {logging_mixin.py:188} INFO - [2024-07-12T00:37:30.496+0000] {dag.py:3954} INFO - Setting next_dagrun for dataset_produces_2 to None, run_after=None
[2024-07-12T00:37:30.523+0000] {processor.py:183} INFO - Processing /home/airflow/.local/lib/python3.12/site-packages/airflow/example_dags/example_datasets.py took 0.133 seconds
[2024-07-12T00:38:00.848+0000] {processor.py:161} INFO - Started process (PID=299) to work on /home/airflow/.local/lib/python3.12/site-packages/airflow/example_dags/example_datasets.py
[2024-07-12T00:38:00.849+0000] {processor.py:830} INFO - Processing file /home/airflow/.local/lib/python3.12/site-packages/airflow/example_dags/example_datasets.py for tasks to queue
[2024-07-12T00:38:00.850+0000] {logging_mixin.py:188} INFO - [2024-07-12T00:38:00.850+0000] {dagbag.py:545} INFO - Filling up the DagBag from /home/airflow/.local/lib/python3.12/site-packages/airflow/example_dags/example_datasets.py
[2024-07-12T00:38:00.864+0000] {processor.py:840} INFO - DAG(s) 'dataset_consumes_1', 'dataset_produces_1', 'dataset_consumes_unknown_never_scheduled', 'consume_1_or_2_with_dataset_expressions', 'consume_1_or_both_2_and_3_with_dataset_expressions', 'dataset_produces_2', 'conditional_dataset_and_time_based_timetable', 'dataset_consumes_1_and_2', 'dataset_consumes_1_never_scheduled', 'consume_1_and_2_with_dataset_expressions' retrieved from /home/airflow/.local/lib/python3.12/site-packages/airflow/example_dags/example_datasets.py
[2024-07-12T00:38:00.907+0000] {logging_mixin.py:188} INFO - [2024-07-12T00:38:00.906+0000] {dag.py:3096} INFO - Sync 10 DAGs
[2024-07-12T00:38:00.928+0000] {logging_mixin.py:188} INFO - [2024-07-12T00:38:00.928+0000] {dag.py:3954} INFO - Setting next_dagrun for conditional_dataset_and_time_based_timetable to 2024-07-10 01:00:00+00:00, run_after=2024-07-10 01:00:00+00:00
[2024-07-12T00:38:00.932+0000] {logging_mixin.py:188} INFO - [2024-07-12T00:38:00.932+0000] {dag.py:3954} INFO - Setting next_dagrun for consume_1_and_2_with_dataset_expressions to None, run_after=None
[2024-07-12T00:38:00.933+0000] {logging_mixin.py:188} INFO - [2024-07-12T00:38:00.933+0000] {dag.py:3954} INFO - Setting next_dagrun for consume_1_or_2_with_dataset_expressions to None, run_after=None
[2024-07-12T00:38:00.934+0000] {logging_mixin.py:188} INFO - [2024-07-12T00:38:00.934+0000] {dag.py:3954} INFO - Setting next_dagrun for consume_1_or_both_2_and_3_with_dataset_expressions to None, run_after=None
[2024-07-12T00:38:00.935+0000] {logging_mixin.py:188} INFO - [2024-07-12T00:38:00.935+0000] {dag.py:3954} INFO - Setting next_dagrun for dataset_consumes_1 to None, run_after=None
[2024-07-12T00:38:00.937+0000] {logging_mixin.py:188} INFO - [2024-07-12T00:38:00.937+0000] {dag.py:3954} INFO - Setting next_dagrun for dataset_consumes_1_and_2 to None, run_after=None
[2024-07-12T00:38:00.938+0000] {logging_mixin.py:188} INFO - [2024-07-12T00:38:00.938+0000] {dag.py:3954} INFO - Setting next_dagrun for dataset_consumes_1_never_scheduled to None, run_after=None
[2024-07-12T00:38:00.939+0000] {logging_mixin.py:188} INFO - [2024-07-12T00:38:00.939+0000] {dag.py:3954} INFO - Setting next_dagrun for dataset_consumes_unknown_never_scheduled to None, run_after=None
[2024-07-12T00:38:00.941+0000] {logging_mixin.py:188} INFO - [2024-07-12T00:38:00.941+0000] {dag.py:3954} INFO - Setting next_dagrun for dataset_produces_1 to 2024-07-11 00:00:00+00:00, run_after=2024-07-12 00:00:00+00:00
[2024-07-12T00:38:00.942+0000] {logging_mixin.py:188} INFO - [2024-07-12T00:38:00.941+0000] {dag.py:3954} INFO - Setting next_dagrun for dataset_produces_2 to None, run_after=None
[2024-07-12T00:38:00.970+0000] {processor.py:183} INFO - Processing /home/airflow/.local/lib/python3.12/site-packages/airflow/example_dags/example_datasets.py took 0.126 seconds
[2024-07-12T00:38:31.591+0000] {processor.py:161} INFO - Started process (PID=357) to work on /home/airflow/.local/lib/python3.12/site-packages/airflow/example_dags/example_datasets.py
[2024-07-12T00:38:31.592+0000] {processor.py:830} INFO - Processing file /home/airflow/.local/lib/python3.12/site-packages/airflow/example_dags/example_datasets.py for tasks to queue
[2024-07-12T00:38:31.593+0000] {logging_mixin.py:188} INFO - [2024-07-12T00:38:31.593+0000] {dagbag.py:545} INFO - Filling up the DagBag from /home/airflow/.local/lib/python3.12/site-packages/airflow/example_dags/example_datasets.py
[2024-07-12T00:38:31.605+0000] {processor.py:840} INFO - DAG(s) 'dataset_consumes_1', 'dataset_consumes_1_never_scheduled', 'dataset_consumes_unknown_never_scheduled', 'dataset_consumes_1_and_2', 'consume_1_or_both_2_and_3_with_dataset_expressions', 'conditional_dataset_and_time_based_timetable', 'consume_1_and_2_with_dataset_expressions', 'consume_1_or_2_with_dataset_expressions', 'dataset_produces_2', 'dataset_produces_1' retrieved from /home/airflow/.local/lib/python3.12/site-packages/airflow/example_dags/example_datasets.py
[2024-07-12T00:38:31.645+0000] {logging_mixin.py:188} INFO - [2024-07-12T00:38:31.645+0000] {dag.py:3096} INFO - Sync 10 DAGs
[2024-07-12T00:38:31.666+0000] {logging_mixin.py:188} INFO - [2024-07-12T00:38:31.666+0000] {dag.py:3954} INFO - Setting next_dagrun for conditional_dataset_and_time_based_timetable to 2024-07-10 01:00:00+00:00, run_after=2024-07-10 01:00:00+00:00
[2024-07-12T00:38:31.670+0000] {logging_mixin.py:188} INFO - [2024-07-12T00:38:31.669+0000] {dag.py:3954} INFO - Setting next_dagrun for consume_1_and_2_with_dataset_expressions to None, run_after=None
[2024-07-12T00:38:31.671+0000] {logging_mixin.py:188} INFO - [2024-07-12T00:38:31.671+0000] {dag.py:3954} INFO - Setting next_dagrun for consume_1_or_2_with_dataset_expressions to None, run_after=None
[2024-07-12T00:38:31.672+0000] {logging_mixin.py:188} INFO - [2024-07-12T00:38:31.672+0000] {dag.py:3954} INFO - Setting next_dagrun for consume_1_or_both_2_and_3_with_dataset_expressions to None, run_after=None
[2024-07-12T00:38:31.673+0000] {logging_mixin.py:188} INFO - [2024-07-12T00:38:31.673+0000] {dag.py:3954} INFO - Setting next_dagrun for dataset_consumes_1 to None, run_after=None
[2024-07-12T00:38:31.674+0000] {logging_mixin.py:188} INFO - [2024-07-12T00:38:31.674+0000] {dag.py:3954} INFO - Setting next_dagrun for dataset_consumes_1_and_2 to None, run_after=None
[2024-07-12T00:38:31.676+0000] {logging_mixin.py:188} INFO - [2024-07-12T00:38:31.675+0000] {dag.py:3954} INFO - Setting next_dagrun for dataset_consumes_1_never_scheduled to None, run_after=None
[2024-07-12T00:38:31.677+0000] {logging_mixin.py:188} INFO - [2024-07-12T00:38:31.677+0000] {dag.py:3954} INFO - Setting next_dagrun for dataset_consumes_unknown_never_scheduled to None, run_after=None
[2024-07-12T00:38:31.679+0000] {logging_mixin.py:188} INFO - [2024-07-12T00:38:31.678+0000] {dag.py:3954} INFO - Setting next_dagrun for dataset_produces_1 to 2024-07-11 00:00:00+00:00, run_after=2024-07-12 00:00:00+00:00
[2024-07-12T00:38:31.680+0000] {logging_mixin.py:188} INFO - [2024-07-12T00:38:31.680+0000] {dag.py:3954} INFO - Setting next_dagrun for dataset_produces_2 to None, run_after=None
[2024-07-12T00:38:31.708+0000] {processor.py:183} INFO - Processing /home/airflow/.local/lib/python3.12/site-packages/airflow/example_dags/example_datasets.py took 0.121 seconds
[2024-07-12T00:39:01.753+0000] {processor.py:161} INFO - Started process (PID=415) to work on /home/airflow/.local/lib/python3.12/site-packages/airflow/example_dags/example_datasets.py
[2024-07-12T00:39:01.754+0000] {processor.py:830} INFO - Processing file /home/airflow/.local/lib/python3.12/site-packages/airflow/example_dags/example_datasets.py for tasks to queue
[2024-07-12T00:39:01.755+0000] {logging_mixin.py:188} INFO - [2024-07-12T00:39:01.755+0000] {dagbag.py:545} INFO - Filling up the DagBag from /home/airflow/.local/lib/python3.12/site-packages/airflow/example_dags/example_datasets.py
[2024-07-12T00:39:01.767+0000] {processor.py:840} INFO - DAG(s) 'dataset_consumes_1_never_scheduled', 'dataset_produces_2', 'dataset_consumes_1', 'consume_1_and_2_with_dataset_expressions', 'consume_1_or_both_2_and_3_with_dataset_expressions', 'conditional_dataset_and_time_based_timetable', 'dataset_consumes_1_and_2', 'dataset_consumes_unknown_never_scheduled', 'consume_1_or_2_with_dataset_expressions', 'dataset_produces_1' retrieved from /home/airflow/.local/lib/python3.12/site-packages/airflow/example_dags/example_datasets.py
[2024-07-12T00:39:01.811+0000] {logging_mixin.py:188} INFO - [2024-07-12T00:39:01.811+0000] {dag.py:3096} INFO - Sync 10 DAGs
[2024-07-12T00:39:01.835+0000] {logging_mixin.py:188} INFO - [2024-07-12T00:39:01.835+0000] {dag.py:3954} INFO - Setting next_dagrun for conditional_dataset_and_time_based_timetable to 2024-07-10 01:00:00+00:00, run_after=2024-07-10 01:00:00+00:00
[2024-07-12T00:39:01.839+0000] {logging_mixin.py:188} INFO - [2024-07-12T00:39:01.839+0000] {dag.py:3954} INFO - Setting next_dagrun for consume_1_and_2_with_dataset_expressions to None, run_after=None
[2024-07-12T00:39:01.840+0000] {logging_mixin.py:188} INFO - [2024-07-12T00:39:01.840+0000] {dag.py:3954} INFO - Setting next_dagrun for consume_1_or_2_with_dataset_expressions to None, run_after=None
[2024-07-12T00:39:01.842+0000] {logging_mixin.py:188} INFO - [2024-07-12T00:39:01.842+0000] {dag.py:3954} INFO - Setting next_dagrun for consume_1_or_both_2_and_3_with_dataset_expressions to None, run_after=None
[2024-07-12T00:39:01.843+0000] {logging_mixin.py:188} INFO - [2024-07-12T00:39:01.843+0000] {dag.py:3954} INFO - Setting next_dagrun for dataset_consumes_1 to None, run_after=None
[2024-07-12T00:39:01.844+0000] {logging_mixin.py:188} INFO - [2024-07-12T00:39:01.844+0000] {dag.py:3954} INFO - Setting next_dagrun for dataset_consumes_1_and_2 to None, run_after=None
[2024-07-12T00:39:01.845+0000] {logging_mixin.py:188} INFO - [2024-07-12T00:39:01.845+0000] {dag.py:3954} INFO - Setting next_dagrun for dataset_consumes_1_never_scheduled to None, run_after=None
[2024-07-12T00:39:01.847+0000] {logging_mixin.py:188} INFO - [2024-07-12T00:39:01.846+0000] {dag.py:3954} INFO - Setting next_dagrun for dataset_consumes_unknown_never_scheduled to None, run_after=None
[2024-07-12T00:39:01.850+0000] {logging_mixin.py:188} INFO - [2024-07-12T00:39:01.850+0000] {dag.py:3954} INFO - Setting next_dagrun for dataset_produces_1 to 2024-07-11 00:00:00+00:00, run_after=2024-07-12 00:00:00+00:00
[2024-07-12T00:39:01.851+0000] {logging_mixin.py:188} INFO - [2024-07-12T00:39:01.851+0000] {dag.py:3954} INFO - Setting next_dagrun for dataset_produces_2 to None, run_after=None
[2024-07-12T00:39:01.883+0000] {processor.py:183} INFO - Processing /home/airflow/.local/lib/python3.12/site-packages/airflow/example_dags/example_datasets.py took 0.135 seconds
[2024-07-12T00:39:32.844+0000] {processor.py:161} INFO - Started process (PID=473) to work on /home/airflow/.local/lib/python3.12/site-packages/airflow/example_dags/example_datasets.py
[2024-07-12T00:39:32.846+0000] {processor.py:830} INFO - Processing file /home/airflow/.local/lib/python3.12/site-packages/airflow/example_dags/example_datasets.py for tasks to queue
[2024-07-12T00:39:32.850+0000] {logging_mixin.py:188} INFO - [2024-07-12T00:39:32.848+0000] {dagbag.py:545} INFO - Filling up the DagBag from /home/airflow/.local/lib/python3.12/site-packages/airflow/example_dags/example_datasets.py
[2024-07-12T00:39:32.869+0000] {processor.py:840} INFO - DAG(s) 'dataset_consumes_1_never_scheduled', 'dataset_produces_2', 'consume_1_and_2_with_dataset_expressions', 'dataset_consumes_unknown_never_scheduled', 'dataset_consumes_1', 'consume_1_or_2_with_dataset_expressions', 'dataset_produces_1', 'consume_1_or_both_2_and_3_with_dataset_expressions', 'conditional_dataset_and_time_based_timetable', 'dataset_consumes_1_and_2' retrieved from /home/airflow/.local/lib/python3.12/site-packages/airflow/example_dags/example_datasets.py
[2024-07-12T00:39:32.926+0000] {logging_mixin.py:188} INFO - [2024-07-12T00:39:32.926+0000] {dag.py:3096} INFO - Sync 10 DAGs
[2024-07-12T00:39:32.955+0000] {logging_mixin.py:188} INFO - [2024-07-12T00:39:32.954+0000] {dag.py:3954} INFO - Setting next_dagrun for conditional_dataset_and_time_based_timetable to 2024-07-10 01:00:00+00:00, run_after=2024-07-10 01:00:00+00:00
[2024-07-12T00:39:32.961+0000] {logging_mixin.py:188} INFO - [2024-07-12T00:39:32.960+0000] {dag.py:3954} INFO - Setting next_dagrun for consume_1_and_2_with_dataset_expressions to None, run_after=None
[2024-07-12T00:39:32.962+0000] {logging_mixin.py:188} INFO - [2024-07-12T00:39:32.962+0000] {dag.py:3954} INFO - Setting next_dagrun for consume_1_or_2_with_dataset_expressions to None, run_after=None
[2024-07-12T00:39:32.964+0000] {logging_mixin.py:188} INFO - [2024-07-12T00:39:32.964+0000] {dag.py:3954} INFO - Setting next_dagrun for consume_1_or_both_2_and_3_with_dataset_expressions to None, run_after=None
[2024-07-12T00:39:32.965+0000] {logging_mixin.py:188} INFO - [2024-07-12T00:39:32.965+0000] {dag.py:3954} INFO - Setting next_dagrun for dataset_consumes_1 to None, run_after=None
[2024-07-12T00:39:32.967+0000] {logging_mixin.py:188} INFO - [2024-07-12T00:39:32.967+0000] {dag.py:3954} INFO - Setting next_dagrun for dataset_consumes_1_and_2 to None, run_after=None
[2024-07-12T00:39:32.968+0000] {logging_mixin.py:188} INFO - [2024-07-12T00:39:32.968+0000] {dag.py:3954} INFO - Setting next_dagrun for dataset_consumes_1_never_scheduled to None, run_after=None
[2024-07-12T00:39:32.969+0000] {logging_mixin.py:188} INFO - [2024-07-12T00:39:32.969+0000] {dag.py:3954} INFO - Setting next_dagrun for dataset_consumes_unknown_never_scheduled to None, run_after=None
[2024-07-12T00:39:32.972+0000] {logging_mixin.py:188} INFO - [2024-07-12T00:39:32.972+0000] {dag.py:3954} INFO - Setting next_dagrun for dataset_produces_1 to 2024-07-11 00:00:00+00:00, run_after=2024-07-12 00:00:00+00:00
[2024-07-12T00:39:32.973+0000] {logging_mixin.py:188} INFO - [2024-07-12T00:39:32.973+0000] {dag.py:3954} INFO - Setting next_dagrun for dataset_produces_2 to None, run_after=None
[2024-07-12T00:39:33.007+0000] {processor.py:183} INFO - Processing /home/airflow/.local/lib/python3.12/site-packages/airflow/example_dags/example_datasets.py took 0.169 seconds
