[2024-07-12T00:35:59.265+0000] {processor.py:161} INFO - Started process (PID=62) to work on /home/airflow/.local/lib/python3.12/site-packages/airflow/example_dags/example_complex.py
[2024-07-12T00:35:59.266+0000] {processor.py:830} INFO - Processing file /home/airflow/.local/lib/python3.12/site-packages/airflow/example_dags/example_complex.py for tasks to queue
[2024-07-12T00:35:59.267+0000] {logging_mixin.py:188} INFO - [2024-07-12T00:35:59.267+0000] {dagbag.py:545} INFO - Filling up the DagBag from /home/airflow/.local/lib/python3.12/site-packages/airflow/example_dags/example_complex.py
[2024-07-12T00:35:59.279+0000] {processor.py:840} INFO - DAG(s) 'example_complex' retrieved from /home/airflow/.local/lib/python3.12/site-packages/airflow/example_dags/example_complex.py
[2024-07-12T00:35:59.389+0000] {logging_mixin.py:188} INFO - [2024-07-12T00:35:59.389+0000] {dag.py:3096} INFO - Sync 1 DAGs
[2024-07-12T00:35:59.403+0000] {logging_mixin.py:188} INFO - [2024-07-12T00:35:59.403+0000] {dag.py:3954} INFO - Setting next_dagrun for example_complex to None, run_after=None
[2024-07-12T00:35:59.427+0000] {processor.py:183} INFO - Processing /home/airflow/.local/lib/python3.12/site-packages/airflow/example_dags/example_complex.py took 0.167 seconds
[2024-07-12T00:36:29.457+0000] {processor.py:161} INFO - Started process (PID=120) to work on /home/airflow/.local/lib/python3.12/site-packages/airflow/example_dags/example_complex.py
[2024-07-12T00:36:29.458+0000] {processor.py:830} INFO - Processing file /home/airflow/.local/lib/python3.12/site-packages/airflow/example_dags/example_complex.py for tasks to queue
[2024-07-12T00:36:29.460+0000] {logging_mixin.py:188} INFO - [2024-07-12T00:36:29.459+0000] {dagbag.py:545} INFO - Filling up the DagBag from /home/airflow/.local/lib/python3.12/site-packages/airflow/example_dags/example_complex.py
[2024-07-12T00:36:29.469+0000] {processor.py:840} INFO - DAG(s) 'example_complex' retrieved from /home/airflow/.local/lib/python3.12/site-packages/airflow/example_dags/example_complex.py
[2024-07-12T00:36:29.499+0000] {logging_mixin.py:188} INFO - [2024-07-12T00:36:29.499+0000] {dag.py:3096} INFO - Sync 1 DAGs
[2024-07-12T00:36:29.511+0000] {logging_mixin.py:188} INFO - [2024-07-12T00:36:29.511+0000] {dag.py:3954} INFO - Setting next_dagrun for example_complex to None, run_after=None
[2024-07-12T00:36:29.527+0000] {processor.py:183} INFO - Processing /home/airflow/.local/lib/python3.12/site-packages/airflow/example_dags/example_complex.py took 0.074 seconds
[2024-07-12T00:36:59.727+0000] {processor.py:161} INFO - Started process (PID=177) to work on /home/airflow/.local/lib/python3.12/site-packages/airflow/example_dags/example_complex.py
[2024-07-12T00:36:59.728+0000] {processor.py:830} INFO - Processing file /home/airflow/.local/lib/python3.12/site-packages/airflow/example_dags/example_complex.py for tasks to queue
[2024-07-12T00:36:59.729+0000] {logging_mixin.py:188} INFO - [2024-07-12T00:36:59.729+0000] {dagbag.py:545} INFO - Filling up the DagBag from /home/airflow/.local/lib/python3.12/site-packages/airflow/example_dags/example_complex.py
[2024-07-12T00:36:59.742+0000] {processor.py:840} INFO - DAG(s) 'example_complex' retrieved from /home/airflow/.local/lib/python3.12/site-packages/airflow/example_dags/example_complex.py
[2024-07-12T00:36:59.772+0000] {logging_mixin.py:188} INFO - [2024-07-12T00:36:59.772+0000] {dag.py:3096} INFO - Sync 1 DAGs
[2024-07-12T00:36:59.784+0000] {logging_mixin.py:188} INFO - [2024-07-12T00:36:59.784+0000] {dag.py:3954} INFO - Setting next_dagrun for example_complex to None, run_after=None
[2024-07-12T00:36:59.800+0000] {processor.py:183} INFO - Processing /home/airflow/.local/lib/python3.12/site-packages/airflow/example_dags/example_complex.py took 0.078 seconds
[2024-07-12T00:37:30.422+0000] {processor.py:161} INFO - Started process (PID=242) to work on /home/airflow/.local/lib/python3.12/site-packages/airflow/example_dags/example_complex.py
[2024-07-12T00:37:30.422+0000] {processor.py:830} INFO - Processing file /home/airflow/.local/lib/python3.12/site-packages/airflow/example_dags/example_complex.py for tasks to queue
[2024-07-12T00:37:30.424+0000] {logging_mixin.py:188} INFO - [2024-07-12T00:37:30.424+0000] {dagbag.py:545} INFO - Filling up the DagBag from /home/airflow/.local/lib/python3.12/site-packages/airflow/example_dags/example_complex.py
[2024-07-12T00:37:30.433+0000] {processor.py:840} INFO - DAG(s) 'example_complex' retrieved from /home/airflow/.local/lib/python3.12/site-packages/airflow/example_dags/example_complex.py
[2024-07-12T00:37:30.462+0000] {logging_mixin.py:188} INFO - [2024-07-12T00:37:30.461+0000] {dag.py:3096} INFO - Sync 1 DAGs
[2024-07-12T00:37:30.473+0000] {logging_mixin.py:188} INFO - [2024-07-12T00:37:30.473+0000] {dag.py:3954} INFO - Setting next_dagrun for example_complex to None, run_after=None
[2024-07-12T00:37:30.491+0000] {processor.py:183} INFO - Processing /home/airflow/.local/lib/python3.12/site-packages/airflow/example_dags/example_complex.py took 0.074 seconds
[2024-07-12T00:38:00.920+0000] {processor.py:161} INFO - Started process (PID=300) to work on /home/airflow/.local/lib/python3.12/site-packages/airflow/example_dags/example_complex.py
[2024-07-12T00:38:00.920+0000] {processor.py:830} INFO - Processing file /home/airflow/.local/lib/python3.12/site-packages/airflow/example_dags/example_complex.py for tasks to queue
[2024-07-12T00:38:00.922+0000] {logging_mixin.py:188} INFO - [2024-07-12T00:38:00.922+0000] {dagbag.py:545} INFO - Filling up the DagBag from /home/airflow/.local/lib/python3.12/site-packages/airflow/example_dags/example_complex.py
[2024-07-12T00:38:00.931+0000] {processor.py:840} INFO - DAG(s) 'example_complex' retrieved from /home/airflow/.local/lib/python3.12/site-packages/airflow/example_dags/example_complex.py
[2024-07-12T00:38:00.959+0000] {logging_mixin.py:188} INFO - [2024-07-12T00:38:00.959+0000] {dag.py:3096} INFO - Sync 1 DAGs
[2024-07-12T00:38:00.971+0000] {logging_mixin.py:188} INFO - [2024-07-12T00:38:00.971+0000] {dag.py:3954} INFO - Setting next_dagrun for example_complex to None, run_after=None
[2024-07-12T00:38:00.987+0000] {processor.py:183} INFO - Processing /home/airflow/.local/lib/python3.12/site-packages/airflow/example_dags/example_complex.py took 0.071 seconds
[2024-07-12T00:38:31.733+0000] {processor.py:161} INFO - Started process (PID=358) to work on /home/airflow/.local/lib/python3.12/site-packages/airflow/example_dags/example_complex.py
[2024-07-12T00:38:31.734+0000] {processor.py:830} INFO - Processing file /home/airflow/.local/lib/python3.12/site-packages/airflow/example_dags/example_complex.py for tasks to queue
[2024-07-12T00:38:31.735+0000] {logging_mixin.py:188} INFO - [2024-07-12T00:38:31.735+0000] {dagbag.py:545} INFO - Filling up the DagBag from /home/airflow/.local/lib/python3.12/site-packages/airflow/example_dags/example_complex.py
[2024-07-12T00:38:31.744+0000] {processor.py:840} INFO - DAG(s) 'example_complex' retrieved from /home/airflow/.local/lib/python3.12/site-packages/airflow/example_dags/example_complex.py
[2024-07-12T00:38:31.770+0000] {logging_mixin.py:188} INFO - [2024-07-12T00:38:31.770+0000] {dag.py:3096} INFO - Sync 1 DAGs
[2024-07-12T00:38:31.781+0000] {logging_mixin.py:188} INFO - [2024-07-12T00:38:31.781+0000] {dag.py:3954} INFO - Setting next_dagrun for example_complex to None, run_after=None
[2024-07-12T00:38:31.795+0000] {processor.py:183} INFO - Processing /home/airflow/.local/lib/python3.12/site-packages/airflow/example_dags/example_complex.py took 0.067 seconds
[2024-07-12T00:39:01.917+0000] {processor.py:161} INFO - Started process (PID=416) to work on /home/airflow/.local/lib/python3.12/site-packages/airflow/example_dags/example_complex.py
[2024-07-12T00:39:01.918+0000] {processor.py:830} INFO - Processing file /home/airflow/.local/lib/python3.12/site-packages/airflow/example_dags/example_complex.py for tasks to queue
[2024-07-12T00:39:01.919+0000] {logging_mixin.py:188} INFO - [2024-07-12T00:39:01.919+0000] {dagbag.py:545} INFO - Filling up the DagBag from /home/airflow/.local/lib/python3.12/site-packages/airflow/example_dags/example_complex.py
[2024-07-12T00:39:01.931+0000] {processor.py:840} INFO - DAG(s) 'example_complex' retrieved from /home/airflow/.local/lib/python3.12/site-packages/airflow/example_dags/example_complex.py
[2024-07-12T00:39:01.961+0000] {logging_mixin.py:188} INFO - [2024-07-12T00:39:01.960+0000] {dag.py:3096} INFO - Sync 1 DAGs
[2024-07-12T00:39:01.972+0000] {logging_mixin.py:188} INFO - [2024-07-12T00:39:01.972+0000] {dag.py:3954} INFO - Setting next_dagrun for example_complex to None, run_after=None
[2024-07-12T00:39:01.991+0000] {processor.py:183} INFO - Processing /home/airflow/.local/lib/python3.12/site-packages/airflow/example_dags/example_complex.py took 0.080 seconds
[2024-07-12T00:39:33.034+0000] {processor.py:161} INFO - Started process (PID=474) to work on /home/airflow/.local/lib/python3.12/site-packages/airflow/example_dags/example_complex.py
[2024-07-12T00:39:33.035+0000] {processor.py:830} INFO - Processing file /home/airflow/.local/lib/python3.12/site-packages/airflow/example_dags/example_complex.py for tasks to queue
[2024-07-12T00:39:33.037+0000] {logging_mixin.py:188} INFO - [2024-07-12T00:39:33.036+0000] {dagbag.py:545} INFO - Filling up the DagBag from /home/airflow/.local/lib/python3.12/site-packages/airflow/example_dags/example_complex.py
[2024-07-12T00:39:33.049+0000] {processor.py:840} INFO - DAG(s) 'example_complex' retrieved from /home/airflow/.local/lib/python3.12/site-packages/airflow/example_dags/example_complex.py
[2024-07-12T00:39:33.091+0000] {logging_mixin.py:188} INFO - [2024-07-12T00:39:33.091+0000] {dag.py:3096} INFO - Sync 1 DAGs
[2024-07-12T00:39:33.106+0000] {logging_mixin.py:188} INFO - [2024-07-12T00:39:33.106+0000] {dag.py:3954} INFO - Setting next_dagrun for example_complex to None, run_after=None
[2024-07-12T00:39:33.128+0000] {processor.py:183} INFO - Processing /home/airflow/.local/lib/python3.12/site-packages/airflow/example_dags/example_complex.py took 0.101 seconds
