[2024-07-12T00:35:59.463+0000] {processor.py:161} INFO - Started process (PID=64) to work on /home/airflow/.local/lib/python3.12/site-packages/airflow/example_dags/example_sensors.py
[2024-07-12T00:35:59.463+0000] {processor.py:830} INFO - Processing file /home/airflow/.local/lib/python3.12/site-packages/airflow/example_dags/example_sensors.py for tasks to queue
[2024-07-12T00:35:59.465+0000] {logging_mixin.py:188} INFO - [2024-07-12T00:35:59.465+0000] {dagbag.py:545} INFO - Filling up the DagBag from /home/airflow/.local/lib/python3.12/site-packages/airflow/example_dags/example_sensors.py
[2024-07-12T00:35:59.475+0000] {processor.py:840} INFO - DAG(s) 'example_sensors' retrieved from /home/airflow/.local/lib/python3.12/site-packages/airflow/example_dags/example_sensors.py
[2024-07-12T00:35:59.580+0000] {logging_mixin.py:188} INFO - [2024-07-12T00:35:59.580+0000] {dag.py:3096} INFO - Sync 1 DAGs
[2024-07-12T00:35:59.590+0000] {logging_mixin.py:188} INFO - [2024-07-12T00:35:59.590+0000] {dag.py:3954} INFO - Setting next_dagrun for example_sensors to None, run_after=None
[2024-07-12T00:35:59.607+0000] {processor.py:183} INFO - Processing /home/airflow/.local/lib/python3.12/site-packages/airflow/example_dags/example_sensors.py took 0.149 seconds
[2024-07-12T00:36:30.557+0000] {processor.py:161} INFO - Started process (PID=128) to work on /home/airflow/.local/lib/python3.12/site-packages/airflow/example_dags/example_sensors.py
[2024-07-12T00:36:30.557+0000] {processor.py:830} INFO - Processing file /home/airflow/.local/lib/python3.12/site-packages/airflow/example_dags/example_sensors.py for tasks to queue
[2024-07-12T00:36:30.559+0000] {logging_mixin.py:188} INFO - [2024-07-12T00:36:30.559+0000] {dagbag.py:545} INFO - Filling up the DagBag from /home/airflow/.local/lib/python3.12/site-packages/airflow/example_dags/example_sensors.py
[2024-07-12T00:36:30.570+0000] {processor.py:840} INFO - DAG(s) 'example_sensors' retrieved from /home/airflow/.local/lib/python3.12/site-packages/airflow/example_dags/example_sensors.py
[2024-07-12T00:36:30.593+0000] {logging_mixin.py:188} INFO - [2024-07-12T00:36:30.593+0000] {dag.py:3096} INFO - Sync 1 DAGs
[2024-07-12T00:36:30.608+0000] {logging_mixin.py:188} INFO - [2024-07-12T00:36:30.607+0000] {dag.py:3954} INFO - Setting next_dagrun for example_sensors to None, run_after=None
[2024-07-12T00:36:30.628+0000] {processor.py:183} INFO - Processing /home/airflow/.local/lib/python3.12/site-packages/airflow/example_dags/example_sensors.py took 0.075 seconds
[2024-07-12T00:37:00.837+0000] {processor.py:161} INFO - Started process (PID=186) to work on /home/airflow/.local/lib/python3.12/site-packages/airflow/example_dags/example_sensors.py
[2024-07-12T00:37:00.838+0000] {processor.py:830} INFO - Processing file /home/airflow/.local/lib/python3.12/site-packages/airflow/example_dags/example_sensors.py for tasks to queue
[2024-07-12T00:37:00.839+0000] {logging_mixin.py:188} INFO - [2024-07-12T00:37:00.839+0000] {dagbag.py:545} INFO - Filling up the DagBag from /home/airflow/.local/lib/python3.12/site-packages/airflow/example_dags/example_sensors.py
[2024-07-12T00:37:00.848+0000] {processor.py:840} INFO - DAG(s) 'example_sensors' retrieved from /home/airflow/.local/lib/python3.12/site-packages/airflow/example_dags/example_sensors.py
[2024-07-12T00:37:00.874+0000] {logging_mixin.py:188} INFO - [2024-07-12T00:37:00.873+0000] {dag.py:3096} INFO - Sync 1 DAGs
[2024-07-12T00:37:00.888+0000] {logging_mixin.py:188} INFO - [2024-07-12T00:37:00.887+0000] {dag.py:3954} INFO - Setting next_dagrun for example_sensors to None, run_after=None
[2024-07-12T00:37:00.907+0000] {processor.py:183} INFO - Processing /home/airflow/.local/lib/python3.12/site-packages/airflow/example_dags/example_sensors.py took 0.076 seconds
[2024-07-12T00:37:31.521+0000] {processor.py:161} INFO - Started process (PID=244) to work on /home/airflow/.local/lib/python3.12/site-packages/airflow/example_dags/example_sensors.py
[2024-07-12T00:37:31.522+0000] {processor.py:830} INFO - Processing file /home/airflow/.local/lib/python3.12/site-packages/airflow/example_dags/example_sensors.py for tasks to queue
[2024-07-12T00:37:31.523+0000] {logging_mixin.py:188} INFO - [2024-07-12T00:37:31.523+0000] {dagbag.py:545} INFO - Filling up the DagBag from /home/airflow/.local/lib/python3.12/site-packages/airflow/example_dags/example_sensors.py
[2024-07-12T00:37:31.530+0000] {processor.py:840} INFO - DAG(s) 'example_sensors' retrieved from /home/airflow/.local/lib/python3.12/site-packages/airflow/example_dags/example_sensors.py
[2024-07-12T00:37:31.552+0000] {logging_mixin.py:188} INFO - [2024-07-12T00:37:31.551+0000] {dag.py:3096} INFO - Sync 1 DAGs
[2024-07-12T00:37:31.563+0000] {logging_mixin.py:188} INFO - [2024-07-12T00:37:31.562+0000] {dag.py:3954} INFO - Setting next_dagrun for example_sensors to None, run_after=None
[2024-07-12T00:37:31.580+0000] {processor.py:183} INFO - Processing /home/airflow/.local/lib/python3.12/site-packages/airflow/example_dags/example_sensors.py took 0.064 seconds
[2024-07-12T00:38:02.002+0000] {processor.py:161} INFO - Started process (PID=302) to work on /home/airflow/.local/lib/python3.12/site-packages/airflow/example_dags/example_sensors.py
[2024-07-12T00:38:02.003+0000] {processor.py:830} INFO - Processing file /home/airflow/.local/lib/python3.12/site-packages/airflow/example_dags/example_sensors.py for tasks to queue
[2024-07-12T00:38:02.005+0000] {logging_mixin.py:188} INFO - [2024-07-12T00:38:02.005+0000] {dagbag.py:545} INFO - Filling up the DagBag from /home/airflow/.local/lib/python3.12/site-packages/airflow/example_dags/example_sensors.py
[2024-07-12T00:38:02.013+0000] {processor.py:840} INFO - DAG(s) 'example_sensors' retrieved from /home/airflow/.local/lib/python3.12/site-packages/airflow/example_dags/example_sensors.py
[2024-07-12T00:38:02.034+0000] {logging_mixin.py:188} INFO - [2024-07-12T00:38:02.034+0000] {dag.py:3096} INFO - Sync 1 DAGs
[2024-07-12T00:38:02.047+0000] {logging_mixin.py:188} INFO - [2024-07-12T00:38:02.046+0000] {dag.py:3954} INFO - Setting next_dagrun for example_sensors to None, run_after=None
[2024-07-12T00:38:02.063+0000] {processor.py:183} INFO - Processing /home/airflow/.local/lib/python3.12/site-packages/airflow/example_dags/example_sensors.py took 0.065 seconds
[2024-07-12T00:38:32.746+0000] {processor.py:161} INFO - Started process (PID=360) to work on /home/airflow/.local/lib/python3.12/site-packages/airflow/example_dags/example_sensors.py
[2024-07-12T00:38:32.746+0000] {processor.py:830} INFO - Processing file /home/airflow/.local/lib/python3.12/site-packages/airflow/example_dags/example_sensors.py for tasks to queue
[2024-07-12T00:38:32.748+0000] {logging_mixin.py:188} INFO - [2024-07-12T00:38:32.748+0000] {dagbag.py:545} INFO - Filling up the DagBag from /home/airflow/.local/lib/python3.12/site-packages/airflow/example_dags/example_sensors.py
[2024-07-12T00:38:32.758+0000] {processor.py:840} INFO - DAG(s) 'example_sensors' retrieved from /home/airflow/.local/lib/python3.12/site-packages/airflow/example_dags/example_sensors.py
[2024-07-12T00:38:32.779+0000] {logging_mixin.py:188} INFO - [2024-07-12T00:38:32.779+0000] {dag.py:3096} INFO - Sync 1 DAGs
[2024-07-12T00:38:32.791+0000] {logging_mixin.py:188} INFO - [2024-07-12T00:38:32.791+0000] {dag.py:3954} INFO - Setting next_dagrun for example_sensors to None, run_after=None
[2024-07-12T00:38:32.809+0000] {processor.py:183} INFO - Processing /home/airflow/.local/lib/python3.12/site-packages/airflow/example_dags/example_sensors.py took 0.068 seconds
[2024-07-12T00:39:02.953+0000] {processor.py:161} INFO - Started process (PID=418) to work on /home/airflow/.local/lib/python3.12/site-packages/airflow/example_dags/example_sensors.py
[2024-07-12T00:39:02.954+0000] {processor.py:830} INFO - Processing file /home/airflow/.local/lib/python3.12/site-packages/airflow/example_dags/example_sensors.py for tasks to queue
[2024-07-12T00:39:02.956+0000] {logging_mixin.py:188} INFO - [2024-07-12T00:39:02.955+0000] {dagbag.py:545} INFO - Filling up the DagBag from /home/airflow/.local/lib/python3.12/site-packages/airflow/example_dags/example_sensors.py
[2024-07-12T00:39:02.965+0000] {processor.py:840} INFO - DAG(s) 'example_sensors' retrieved from /home/airflow/.local/lib/python3.12/site-packages/airflow/example_dags/example_sensors.py
[2024-07-12T00:39:02.989+0000] {logging_mixin.py:188} INFO - [2024-07-12T00:39:02.988+0000] {dag.py:3096} INFO - Sync 1 DAGs
[2024-07-12T00:39:03.000+0000] {logging_mixin.py:188} INFO - [2024-07-12T00:39:02.999+0000] {dag.py:3954} INFO - Setting next_dagrun for example_sensors to None, run_after=None
[2024-07-12T00:39:03.017+0000] {processor.py:183} INFO - Processing /home/airflow/.local/lib/python3.12/site-packages/airflow/example_dags/example_sensors.py took 0.070 seconds
[2024-07-12T00:39:33.189+0000] {processor.py:161} INFO - Started process (PID=476) to work on /home/airflow/.local/lib/python3.12/site-packages/airflow/example_dags/example_sensors.py
[2024-07-12T00:39:33.190+0000] {processor.py:830} INFO - Processing file /home/airflow/.local/lib/python3.12/site-packages/airflow/example_dags/example_sensors.py for tasks to queue
[2024-07-12T00:39:33.192+0000] {logging_mixin.py:188} INFO - [2024-07-12T00:39:33.192+0000] {dagbag.py:545} INFO - Filling up the DagBag from /home/airflow/.local/lib/python3.12/site-packages/airflow/example_dags/example_sensors.py
[2024-07-12T00:39:33.202+0000] {processor.py:840} INFO - DAG(s) 'example_sensors' retrieved from /home/airflow/.local/lib/python3.12/site-packages/airflow/example_dags/example_sensors.py
[2024-07-12T00:39:33.230+0000] {logging_mixin.py:188} INFO - [2024-07-12T00:39:33.230+0000] {dag.py:3096} INFO - Sync 1 DAGs
[2024-07-12T00:39:33.247+0000] {logging_mixin.py:188} INFO - [2024-07-12T00:39:33.247+0000] {dag.py:3954} INFO - Setting next_dagrun for example_sensors to None, run_after=None
[2024-07-12T00:39:33.268+0000] {processor.py:183} INFO - Processing /home/airflow/.local/lib/python3.12/site-packages/airflow/example_dags/example_sensors.py took 0.084 seconds
