[2024-07-12T00:35:58.901+0000] {processor.py:161} INFO - Started process (PID=59) to work on /home/airflow/.local/lib/python3.12/site-packages/airflow/example_dags/example_bash_decorator.py
[2024-07-12T00:35:58.902+0000] {processor.py:830} INFO - Processing file /home/airflow/.local/lib/python3.12/site-packages/airflow/example_dags/example_bash_decorator.py for tasks to queue
[2024-07-12T00:35:58.904+0000] {logging_mixin.py:188} INFO - [2024-07-12T00:35:58.903+0000] {dagbag.py:545} INFO - Filling up the DagBag from /home/airflow/.local/lib/python3.12/site-packages/airflow/example_dags/example_bash_decorator.py
[2024-07-12T00:35:58.918+0000] {processor.py:840} INFO - DAG(s) 'example_bash_decorator' retrieved from /home/airflow/.local/lib/python3.12/site-packages/airflow/example_dags/example_bash_decorator.py
[2024-07-12T00:35:59.024+0000] {logging_mixin.py:188} INFO - [2024-07-12T00:35:59.024+0000] {dag.py:3096} INFO - Sync 1 DAGs
[2024-07-12T00:35:59.035+0000] {logging_mixin.py:188} INFO - [2024-07-12T00:35:59.035+0000] {dag.py:3954} INFO - Setting next_dagrun for example_bash_decorator to None, run_after=None
[2024-07-12T00:35:59.054+0000] {processor.py:183} INFO - Processing /home/airflow/.local/lib/python3.12/site-packages/airflow/example_dags/example_bash_decorator.py took 0.157 seconds
[2024-07-12T00:36:29.110+0000] {processor.py:161} INFO - Started process (PID=116) to work on /home/airflow/.local/lib/python3.12/site-packages/airflow/example_dags/example_bash_decorator.py
[2024-07-12T00:36:29.111+0000] {processor.py:830} INFO - Processing file /home/airflow/.local/lib/python3.12/site-packages/airflow/example_dags/example_bash_decorator.py for tasks to queue
[2024-07-12T00:36:29.113+0000] {logging_mixin.py:188} INFO - [2024-07-12T00:36:29.113+0000] {dagbag.py:545} INFO - Filling up the DagBag from /home/airflow/.local/lib/python3.12/site-packages/airflow/example_dags/example_bash_decorator.py
[2024-07-12T00:36:29.128+0000] {processor.py:840} INFO - DAG(s) 'example_bash_decorator' retrieved from /home/airflow/.local/lib/python3.12/site-packages/airflow/example_dags/example_bash_decorator.py
[2024-07-12T00:36:29.152+0000] {logging_mixin.py:188} INFO - [2024-07-12T00:36:29.151+0000] {dag.py:3096} INFO - Sync 1 DAGs
[2024-07-12T00:36:29.164+0000] {logging_mixin.py:188} INFO - [2024-07-12T00:36:29.164+0000] {dag.py:3954} INFO - Setting next_dagrun for example_bash_decorator to None, run_after=None
[2024-07-12T00:36:29.180+0000] {processor.py:183} INFO - Processing /home/airflow/.local/lib/python3.12/site-packages/airflow/example_dags/example_bash_decorator.py took 0.075 seconds
[2024-07-12T00:36:59.563+0000] {processor.py:161} INFO - Started process (PID=174) to work on /home/airflow/.local/lib/python3.12/site-packages/airflow/example_dags/example_bash_decorator.py
[2024-07-12T00:36:59.564+0000] {processor.py:830} INFO - Processing file /home/airflow/.local/lib/python3.12/site-packages/airflow/example_dags/example_bash_decorator.py for tasks to queue
[2024-07-12T00:36:59.566+0000] {logging_mixin.py:188} INFO - [2024-07-12T00:36:59.566+0000] {dagbag.py:545} INFO - Filling up the DagBag from /home/airflow/.local/lib/python3.12/site-packages/airflow/example_dags/example_bash_decorator.py
[2024-07-12T00:36:59.577+0000] {processor.py:840} INFO - DAG(s) 'example_bash_decorator' retrieved from /home/airflow/.local/lib/python3.12/site-packages/airflow/example_dags/example_bash_decorator.py
[2024-07-12T00:36:59.596+0000] {logging_mixin.py:188} INFO - [2024-07-12T00:36:59.596+0000] {dag.py:3096} INFO - Sync 1 DAGs
[2024-07-12T00:36:59.607+0000] {logging_mixin.py:188} INFO - [2024-07-12T00:36:59.607+0000] {dag.py:3954} INFO - Setting next_dagrun for example_bash_decorator to None, run_after=None
[2024-07-12T00:36:59.622+0000] {processor.py:183} INFO - Processing /home/airflow/.local/lib/python3.12/site-packages/airflow/example_dags/example_bash_decorator.py took 0.064 seconds
[2024-07-12T00:37:30.216+0000] {processor.py:161} INFO - Started process (PID=239) to work on /home/airflow/.local/lib/python3.12/site-packages/airflow/example_dags/example_bash_decorator.py
[2024-07-12T00:37:30.219+0000] {processor.py:830} INFO - Processing file /home/airflow/.local/lib/python3.12/site-packages/airflow/example_dags/example_bash_decorator.py for tasks to queue
[2024-07-12T00:37:30.222+0000] {logging_mixin.py:188} INFO - [2024-07-12T00:37:30.222+0000] {dagbag.py:545} INFO - Filling up the DagBag from /home/airflow/.local/lib/python3.12/site-packages/airflow/example_dags/example_bash_decorator.py
[2024-07-12T00:37:30.240+0000] {processor.py:840} INFO - DAG(s) 'example_bash_decorator' retrieved from /home/airflow/.local/lib/python3.12/site-packages/airflow/example_dags/example_bash_decorator.py
[2024-07-12T00:37:30.272+0000] {logging_mixin.py:188} INFO - [2024-07-12T00:37:30.272+0000] {dag.py:3096} INFO - Sync 1 DAGs
[2024-07-12T00:37:30.289+0000] {logging_mixin.py:188} INFO - [2024-07-12T00:37:30.289+0000] {dag.py:3954} INFO - Setting next_dagrun for example_bash_decorator to None, run_after=None
[2024-07-12T00:37:30.311+0000] {processor.py:183} INFO - Processing /home/airflow/.local/lib/python3.12/site-packages/airflow/example_dags/example_bash_decorator.py took 0.103 seconds
[2024-07-12T00:38:00.760+0000] {processor.py:161} INFO - Started process (PID=297) to work on /home/airflow/.local/lib/python3.12/site-packages/airflow/example_dags/example_bash_decorator.py
[2024-07-12T00:38:00.760+0000] {processor.py:830} INFO - Processing file /home/airflow/.local/lib/python3.12/site-packages/airflow/example_dags/example_bash_decorator.py for tasks to queue
[2024-07-12T00:38:00.762+0000] {logging_mixin.py:188} INFO - [2024-07-12T00:38:00.762+0000] {dagbag.py:545} INFO - Filling up the DagBag from /home/airflow/.local/lib/python3.12/site-packages/airflow/example_dags/example_bash_decorator.py
[2024-07-12T00:38:00.773+0000] {processor.py:840} INFO - DAG(s) 'example_bash_decorator' retrieved from /home/airflow/.local/lib/python3.12/site-packages/airflow/example_dags/example_bash_decorator.py
[2024-07-12T00:38:00.795+0000] {logging_mixin.py:188} INFO - [2024-07-12T00:38:00.794+0000] {dag.py:3096} INFO - Sync 1 DAGs
[2024-07-12T00:38:00.807+0000] {logging_mixin.py:188} INFO - [2024-07-12T00:38:00.807+0000] {dag.py:3954} INFO - Setting next_dagrun for example_bash_decorator to None, run_after=None
[2024-07-12T00:38:00.824+0000] {processor.py:183} INFO - Processing /home/airflow/.local/lib/python3.12/site-packages/airflow/example_dags/example_bash_decorator.py took 0.069 seconds
[2024-07-12T00:38:31.425+0000] {processor.py:161} INFO - Started process (PID=355) to work on /home/airflow/.local/lib/python3.12/site-packages/airflow/example_dags/example_bash_decorator.py
[2024-07-12T00:38:31.426+0000] {processor.py:830} INFO - Processing file /home/airflow/.local/lib/python3.12/site-packages/airflow/example_dags/example_bash_decorator.py for tasks to queue
[2024-07-12T00:38:31.427+0000] {logging_mixin.py:188} INFO - [2024-07-12T00:38:31.427+0000] {dagbag.py:545} INFO - Filling up the DagBag from /home/airflow/.local/lib/python3.12/site-packages/airflow/example_dags/example_bash_decorator.py
[2024-07-12T00:38:31.438+0000] {processor.py:840} INFO - DAG(s) 'example_bash_decorator' retrieved from /home/airflow/.local/lib/python3.12/site-packages/airflow/example_dags/example_bash_decorator.py
[2024-07-12T00:38:31.457+0000] {logging_mixin.py:188} INFO - [2024-07-12T00:38:31.457+0000] {dag.py:3096} INFO - Sync 1 DAGs
[2024-07-12T00:38:31.467+0000] {logging_mixin.py:188} INFO - [2024-07-12T00:38:31.467+0000] {dag.py:3954} INFO - Setting next_dagrun for example_bash_decorator to None, run_after=None
[2024-07-12T00:38:31.483+0000] {processor.py:183} INFO - Processing /home/airflow/.local/lib/python3.12/site-packages/airflow/example_dags/example_bash_decorator.py took 0.063 seconds
[2024-07-12T00:39:01.568+0000] {processor.py:161} INFO - Started process (PID=412) to work on /home/airflow/.local/lib/python3.12/site-packages/airflow/example_dags/example_bash_decorator.py
[2024-07-12T00:39:01.569+0000] {processor.py:830} INFO - Processing file /home/airflow/.local/lib/python3.12/site-packages/airflow/example_dags/example_bash_decorator.py for tasks to queue
[2024-07-12T00:39:01.570+0000] {logging_mixin.py:188} INFO - [2024-07-12T00:39:01.570+0000] {dagbag.py:545} INFO - Filling up the DagBag from /home/airflow/.local/lib/python3.12/site-packages/airflow/example_dags/example_bash_decorator.py
[2024-07-12T00:39:01.581+0000] {processor.py:840} INFO - DAG(s) 'example_bash_decorator' retrieved from /home/airflow/.local/lib/python3.12/site-packages/airflow/example_dags/example_bash_decorator.py
[2024-07-12T00:39:01.602+0000] {logging_mixin.py:188} INFO - [2024-07-12T00:39:01.602+0000] {dag.py:3096} INFO - Sync 1 DAGs
[2024-07-12T00:39:01.614+0000] {logging_mixin.py:188} INFO - [2024-07-12T00:39:01.614+0000] {dag.py:3954} INFO - Setting next_dagrun for example_bash_decorator to None, run_after=None
[2024-07-12T00:39:01.630+0000] {processor.py:183} INFO - Processing /home/airflow/.local/lib/python3.12/site-packages/airflow/example_dags/example_bash_decorator.py took 0.068 seconds
[2024-07-12T00:39:31.743+0000] {processor.py:161} INFO - Started process (PID=470) to work on /home/airflow/.local/lib/python3.12/site-packages/airflow/example_dags/example_bash_decorator.py
[2024-07-12T00:39:31.744+0000] {processor.py:830} INFO - Processing file /home/airflow/.local/lib/python3.12/site-packages/airflow/example_dags/example_bash_decorator.py for tasks to queue
[2024-07-12T00:39:31.745+0000] {logging_mixin.py:188} INFO - [2024-07-12T00:39:31.745+0000] {dagbag.py:545} INFO - Filling up the DagBag from /home/airflow/.local/lib/python3.12/site-packages/airflow/example_dags/example_bash_decorator.py
[2024-07-12T00:39:31.759+0000] {processor.py:840} INFO - DAG(s) 'example_bash_decorator' retrieved from /home/airflow/.local/lib/python3.12/site-packages/airflow/example_dags/example_bash_decorator.py
[2024-07-12T00:39:31.779+0000] {logging_mixin.py:188} INFO - [2024-07-12T00:39:31.779+0000] {dag.py:3096} INFO - Sync 1 DAGs
[2024-07-12T00:39:31.790+0000] {logging_mixin.py:188} INFO - [2024-07-12T00:39:31.790+0000] {dag.py:3954} INFO - Setting next_dagrun for example_bash_decorator to None, run_after=None
[2024-07-12T00:39:31.806+0000] {processor.py:183} INFO - Processing /home/airflow/.local/lib/python3.12/site-packages/airflow/example_dags/example_bash_decorator.py took 0.068 seconds
