[2024-07-12T00:36:00.977+0000] {processor.py:161} INFO - Started process (PID=86) to work on /home/airflow/.local/lib/python3.12/site-packages/airflow/example_dags/example_bash_operator.py
[2024-07-12T00:36:00.978+0000] {processor.py:830} INFO - Processing file /home/airflow/.local/lib/python3.12/site-packages/airflow/example_dags/example_bash_operator.py for tasks to queue
[2024-07-12T00:36:00.980+0000] {logging_mixin.py:188} INFO - [2024-07-12T00:36:00.980+0000] {dagbag.py:545} INFO - Filling up the DagBag from /home/airflow/.local/lib/python3.12/site-packages/airflow/example_dags/example_bash_operator.py
[2024-07-12T00:36:00.996+0000] {processor.py:840} INFO - DAG(s) 'example_bash_operator' retrieved from /home/airflow/.local/lib/python3.12/site-packages/airflow/example_dags/example_bash_operator.py
[2024-07-12T00:36:01.140+0000] {logging_mixin.py:188} INFO - [2024-07-12T00:36:01.140+0000] {dag.py:3096} INFO - Sync 1 DAGs
[2024-07-12T00:36:01.167+0000] {logging_mixin.py:188} INFO - [2024-07-12T00:36:01.167+0000] {dag.py:3954} INFO - Setting next_dagrun for example_bash_operator to 2024-07-11 00:00:00+00:00, run_after=2024-07-12 00:00:00+00:00
[2024-07-12T00:36:01.190+0000] {processor.py:183} INFO - Processing /home/airflow/.local/lib/python3.12/site-packages/airflow/example_dags/example_bash_operator.py took 0.220 seconds
[2024-07-12T00:36:31.381+0000] {processor.py:161} INFO - Started process (PID=144) to work on /home/airflow/.local/lib/python3.12/site-packages/airflow/example_dags/example_bash_operator.py
[2024-07-12T00:36:31.381+0000] {processor.py:830} INFO - Processing file /home/airflow/.local/lib/python3.12/site-packages/airflow/example_dags/example_bash_operator.py for tasks to queue
[2024-07-12T00:36:31.383+0000] {logging_mixin.py:188} INFO - [2024-07-12T00:36:31.383+0000] {dagbag.py:545} INFO - Filling up the DagBag from /home/airflow/.local/lib/python3.12/site-packages/airflow/example_dags/example_bash_operator.py
[2024-07-12T00:36:31.393+0000] {processor.py:840} INFO - DAG(s) 'example_bash_operator' retrieved from /home/airflow/.local/lib/python3.12/site-packages/airflow/example_dags/example_bash_operator.py
[2024-07-12T00:36:31.423+0000] {logging_mixin.py:188} INFO - [2024-07-12T00:36:31.423+0000] {dag.py:3096} INFO - Sync 1 DAGs
[2024-07-12T00:36:31.446+0000] {logging_mixin.py:188} INFO - [2024-07-12T00:36:31.446+0000] {dag.py:3954} INFO - Setting next_dagrun for example_bash_operator to 2024-07-11 00:00:00+00:00, run_after=2024-07-12 00:00:00+00:00
[2024-07-12T00:36:31.463+0000] {processor.py:183} INFO - Processing /home/airflow/.local/lib/python3.12/site-packages/airflow/example_dags/example_bash_operator.py took 0.088 seconds
[2024-07-12T00:37:01.587+0000] {processor.py:161} INFO - Started process (PID=202) to work on /home/airflow/.local/lib/python3.12/site-packages/airflow/example_dags/example_bash_operator.py
[2024-07-12T00:37:01.588+0000] {processor.py:830} INFO - Processing file /home/airflow/.local/lib/python3.12/site-packages/airflow/example_dags/example_bash_operator.py for tasks to queue
[2024-07-12T00:37:01.590+0000] {logging_mixin.py:188} INFO - [2024-07-12T00:37:01.589+0000] {dagbag.py:545} INFO - Filling up the DagBag from /home/airflow/.local/lib/python3.12/site-packages/airflow/example_dags/example_bash_operator.py
[2024-07-12T00:37:01.599+0000] {processor.py:840} INFO - DAG(s) 'example_bash_operator' retrieved from /home/airflow/.local/lib/python3.12/site-packages/airflow/example_dags/example_bash_operator.py
[2024-07-12T00:37:01.624+0000] {logging_mixin.py:188} INFO - [2024-07-12T00:37:01.624+0000] {dag.py:3096} INFO - Sync 1 DAGs
[2024-07-12T00:37:01.645+0000] {logging_mixin.py:188} INFO - [2024-07-12T00:37:01.645+0000] {dag.py:3954} INFO - Setting next_dagrun for example_bash_operator to 2024-07-11 00:00:00+00:00, run_after=2024-07-12 00:00:00+00:00
[2024-07-12T00:37:01.660+0000] {processor.py:183} INFO - Processing /home/airflow/.local/lib/python3.12/site-packages/airflow/example_dags/example_bash_operator.py took 0.078 seconds
[2024-07-12T00:37:32.318+0000] {processor.py:161} INFO - Started process (PID=260) to work on /home/airflow/.local/lib/python3.12/site-packages/airflow/example_dags/example_bash_operator.py
[2024-07-12T00:37:32.319+0000] {processor.py:830} INFO - Processing file /home/airflow/.local/lib/python3.12/site-packages/airflow/example_dags/example_bash_operator.py for tasks to queue
[2024-07-12T00:37:32.320+0000] {logging_mixin.py:188} INFO - [2024-07-12T00:37:32.320+0000] {dagbag.py:545} INFO - Filling up the DagBag from /home/airflow/.local/lib/python3.12/site-packages/airflow/example_dags/example_bash_operator.py
[2024-07-12T00:37:32.331+0000] {processor.py:840} INFO - DAG(s) 'example_bash_operator' retrieved from /home/airflow/.local/lib/python3.12/site-packages/airflow/example_dags/example_bash_operator.py
[2024-07-12T00:37:32.360+0000] {logging_mixin.py:188} INFO - [2024-07-12T00:37:32.359+0000] {dag.py:3096} INFO - Sync 1 DAGs
[2024-07-12T00:37:32.380+0000] {logging_mixin.py:188} INFO - [2024-07-12T00:37:32.380+0000] {dag.py:3954} INFO - Setting next_dagrun for example_bash_operator to 2024-07-11 00:00:00+00:00, run_after=2024-07-12 00:00:00+00:00
[2024-07-12T00:37:32.394+0000] {processor.py:183} INFO - Processing /home/airflow/.local/lib/python3.12/site-packages/airflow/example_dags/example_bash_operator.py took 0.081 seconds
[2024-07-12T00:38:02.875+0000] {processor.py:161} INFO - Started process (PID=318) to work on /home/airflow/.local/lib/python3.12/site-packages/airflow/example_dags/example_bash_operator.py
[2024-07-12T00:38:02.876+0000] {processor.py:830} INFO - Processing file /home/airflow/.local/lib/python3.12/site-packages/airflow/example_dags/example_bash_operator.py for tasks to queue
[2024-07-12T00:38:02.877+0000] {logging_mixin.py:188} INFO - [2024-07-12T00:38:02.877+0000] {dagbag.py:545} INFO - Filling up the DagBag from /home/airflow/.local/lib/python3.12/site-packages/airflow/example_dags/example_bash_operator.py
[2024-07-12T00:38:02.887+0000] {processor.py:840} INFO - DAG(s) 'example_bash_operator' retrieved from /home/airflow/.local/lib/python3.12/site-packages/airflow/example_dags/example_bash_operator.py
[2024-07-12T00:38:02.912+0000] {logging_mixin.py:188} INFO - [2024-07-12T00:38:02.912+0000] {dag.py:3096} INFO - Sync 1 DAGs
[2024-07-12T00:38:02.937+0000] {logging_mixin.py:188} INFO - [2024-07-12T00:38:02.936+0000] {dag.py:3954} INFO - Setting next_dagrun for example_bash_operator to 2024-07-11 00:00:00+00:00, run_after=2024-07-12 00:00:00+00:00
[2024-07-12T00:38:02.954+0000] {processor.py:183} INFO - Processing /home/airflow/.local/lib/python3.12/site-packages/airflow/example_dags/example_bash_operator.py took 0.084 seconds
[2024-07-12T00:38:33.566+0000] {processor.py:161} INFO - Started process (PID=376) to work on /home/airflow/.local/lib/python3.12/site-packages/airflow/example_dags/example_bash_operator.py
[2024-07-12T00:38:33.567+0000] {processor.py:830} INFO - Processing file /home/airflow/.local/lib/python3.12/site-packages/airflow/example_dags/example_bash_operator.py for tasks to queue
[2024-07-12T00:38:33.568+0000] {logging_mixin.py:188} INFO - [2024-07-12T00:38:33.568+0000] {dagbag.py:545} INFO - Filling up the DagBag from /home/airflow/.local/lib/python3.12/site-packages/airflow/example_dags/example_bash_operator.py
[2024-07-12T00:38:33.578+0000] {processor.py:840} INFO - DAG(s) 'example_bash_operator' retrieved from /home/airflow/.local/lib/python3.12/site-packages/airflow/example_dags/example_bash_operator.py
[2024-07-12T00:38:33.605+0000] {logging_mixin.py:188} INFO - [2024-07-12T00:38:33.605+0000] {dag.py:3096} INFO - Sync 1 DAGs
[2024-07-12T00:38:33.628+0000] {logging_mixin.py:188} INFO - [2024-07-12T00:38:33.628+0000] {dag.py:3954} INFO - Setting next_dagrun for example_bash_operator to 2024-07-11 00:00:00+00:00, run_after=2024-07-12 00:00:00+00:00
[2024-07-12T00:38:33.646+0000] {processor.py:183} INFO - Processing /home/airflow/.local/lib/python3.12/site-packages/airflow/example_dags/example_bash_operator.py took 0.085 seconds
[2024-07-12T00:39:03.937+0000] {processor.py:161} INFO - Started process (PID=434) to work on /home/airflow/.local/lib/python3.12/site-packages/airflow/example_dags/example_bash_operator.py
[2024-07-12T00:39:03.938+0000] {processor.py:830} INFO - Processing file /home/airflow/.local/lib/python3.12/site-packages/airflow/example_dags/example_bash_operator.py for tasks to queue
[2024-07-12T00:39:03.940+0000] {logging_mixin.py:188} INFO - [2024-07-12T00:39:03.939+0000] {dagbag.py:545} INFO - Filling up the DagBag from /home/airflow/.local/lib/python3.12/site-packages/airflow/example_dags/example_bash_operator.py
[2024-07-12T00:39:03.949+0000] {processor.py:840} INFO - DAG(s) 'example_bash_operator' retrieved from /home/airflow/.local/lib/python3.12/site-packages/airflow/example_dags/example_bash_operator.py
[2024-07-12T00:39:03.975+0000] {logging_mixin.py:188} INFO - [2024-07-12T00:39:03.974+0000] {dag.py:3096} INFO - Sync 1 DAGs
[2024-07-12T00:39:03.998+0000] {logging_mixin.py:188} INFO - [2024-07-12T00:39:03.998+0000] {dag.py:3954} INFO - Setting next_dagrun for example_bash_operator to 2024-07-11 00:00:00+00:00, run_after=2024-07-12 00:00:00+00:00
[2024-07-12T00:39:04.016+0000] {processor.py:183} INFO - Processing /home/airflow/.local/lib/python3.12/site-packages/airflow/example_dags/example_bash_operator.py took 0.084 seconds
[2024-07-12T00:39:34.209+0000] {processor.py:161} INFO - Started process (PID=492) to work on /home/airflow/.local/lib/python3.12/site-packages/airflow/example_dags/example_bash_operator.py
[2024-07-12T00:39:34.211+0000] {processor.py:830} INFO - Processing file /home/airflow/.local/lib/python3.12/site-packages/airflow/example_dags/example_bash_operator.py for tasks to queue
[2024-07-12T00:39:34.213+0000] {logging_mixin.py:188} INFO - [2024-07-12T00:39:34.213+0000] {dagbag.py:545} INFO - Filling up the DagBag from /home/airflow/.local/lib/python3.12/site-packages/airflow/example_dags/example_bash_operator.py
[2024-07-12T00:39:34.227+0000] {processor.py:840} INFO - DAG(s) 'example_bash_operator' retrieved from /home/airflow/.local/lib/python3.12/site-packages/airflow/example_dags/example_bash_operator.py
[2024-07-12T00:39:34.258+0000] {logging_mixin.py:188} INFO - [2024-07-12T00:39:34.257+0000] {dag.py:3096} INFO - Sync 1 DAGs
[2024-07-12T00:39:34.286+0000] {logging_mixin.py:188} INFO - [2024-07-12T00:39:34.286+0000] {dag.py:3954} INFO - Setting next_dagrun for example_bash_operator to 2024-07-11 00:00:00+00:00, run_after=2024-07-12 00:00:00+00:00
[2024-07-12T00:39:34.305+0000] {processor.py:183} INFO - Processing /home/airflow/.local/lib/python3.12/site-packages/airflow/example_dags/example_bash_operator.py took 0.102 seconds
