[2024-07-12T00:35:59.810+0000] {processor.py:161} INFO - Started process (PID=68) to work on /home/airflow/.local/lib/python3.12/site-packages/airflow/example_dags/tutorial.py
[2024-07-12T00:35:59.813+0000] {processor.py:830} INFO - Processing file /home/airflow/.local/lib/python3.12/site-packages/airflow/example_dags/tutorial.py for tasks to queue
[2024-07-12T00:35:59.815+0000] {logging_mixin.py:188} INFO - [2024-07-12T00:35:59.815+0000] {dagbag.py:545} INFO - Filling up the DagBag from /home/airflow/.local/lib/python3.12/site-packages/airflow/example_dags/tutorial.py
[2024-07-12T00:35:59.822+0000] {processor.py:840} INFO - DAG(s) 'tutorial' retrieved from /home/airflow/.local/lib/python3.12/site-packages/airflow/example_dags/tutorial.py
[2024-07-12T00:35:59.923+0000] {logging_mixin.py:188} INFO - [2024-07-12T00:35:59.923+0000] {dag.py:3096} INFO - Sync 1 DAGs
[2024-07-12T00:35:59.943+0000] {logging_mixin.py:188} INFO - [2024-07-12T00:35:59.943+0000] {dag.py:3954} INFO - Setting next_dagrun for tutorial to 2024-07-11 00:00:00+00:00, run_after=2024-07-12 00:00:00+00:00
[2024-07-12T00:35:59.964+0000] {processor.py:183} INFO - Processing /home/airflow/.local/lib/python3.12/site-packages/airflow/example_dags/tutorial.py took 0.158 seconds
[2024-07-12T00:36:30.788+0000] {processor.py:161} INFO - Started process (PID=132) to work on /home/airflow/.local/lib/python3.12/site-packages/airflow/example_dags/tutorial.py
[2024-07-12T00:36:30.789+0000] {processor.py:830} INFO - Processing file /home/airflow/.local/lib/python3.12/site-packages/airflow/example_dags/tutorial.py for tasks to queue
[2024-07-12T00:36:30.791+0000] {logging_mixin.py:188} INFO - [2024-07-12T00:36:30.790+0000] {dagbag.py:545} INFO - Filling up the DagBag from /home/airflow/.local/lib/python3.12/site-packages/airflow/example_dags/tutorial.py
[2024-07-12T00:36:30.796+0000] {processor.py:840} INFO - DAG(s) 'tutorial' retrieved from /home/airflow/.local/lib/python3.12/site-packages/airflow/example_dags/tutorial.py
[2024-07-12T00:36:30.815+0000] {logging_mixin.py:188} INFO - [2024-07-12T00:36:30.814+0000] {dag.py:3096} INFO - Sync 1 DAGs
[2024-07-12T00:36:30.839+0000] {logging_mixin.py:188} INFO - [2024-07-12T00:36:30.839+0000] {dag.py:3954} INFO - Setting next_dagrun for tutorial to 2024-07-11 00:00:00+00:00, run_after=2024-07-12 00:00:00+00:00
[2024-07-12T00:36:30.857+0000] {processor.py:183} INFO - Processing /home/airflow/.local/lib/python3.12/site-packages/airflow/example_dags/tutorial.py took 0.074 seconds
[2024-07-12T00:37:01.059+0000] {processor.py:161} INFO - Started process (PID=190) to work on /home/airflow/.local/lib/python3.12/site-packages/airflow/example_dags/tutorial.py
[2024-07-12T00:37:01.060+0000] {processor.py:830} INFO - Processing file /home/airflow/.local/lib/python3.12/site-packages/airflow/example_dags/tutorial.py for tasks to queue
[2024-07-12T00:37:01.062+0000] {logging_mixin.py:188} INFO - [2024-07-12T00:37:01.061+0000] {dagbag.py:545} INFO - Filling up the DagBag from /home/airflow/.local/lib/python3.12/site-packages/airflow/example_dags/tutorial.py
[2024-07-12T00:37:01.067+0000] {processor.py:840} INFO - DAG(s) 'tutorial' retrieved from /home/airflow/.local/lib/python3.12/site-packages/airflow/example_dags/tutorial.py
[2024-07-12T00:37:01.083+0000] {logging_mixin.py:188} INFO - [2024-07-12T00:37:01.083+0000] {dag.py:3096} INFO - Sync 1 DAGs
[2024-07-12T00:37:01.105+0000] {logging_mixin.py:188} INFO - [2024-07-12T00:37:01.105+0000] {dag.py:3954} INFO - Setting next_dagrun for tutorial to 2024-07-11 00:00:00+00:00, run_after=2024-07-12 00:00:00+00:00
[2024-07-12T00:37:01.122+0000] {processor.py:183} INFO - Processing /home/airflow/.local/lib/python3.12/site-packages/airflow/example_dags/tutorial.py took 0.068 seconds
[2024-07-12T00:37:31.746+0000] {processor.py:161} INFO - Started process (PID=248) to work on /home/airflow/.local/lib/python3.12/site-packages/airflow/example_dags/tutorial.py
[2024-07-12T00:37:31.747+0000] {processor.py:830} INFO - Processing file /home/airflow/.local/lib/python3.12/site-packages/airflow/example_dags/tutorial.py for tasks to queue
[2024-07-12T00:37:31.748+0000] {logging_mixin.py:188} INFO - [2024-07-12T00:37:31.748+0000] {dagbag.py:545} INFO - Filling up the DagBag from /home/airflow/.local/lib/python3.12/site-packages/airflow/example_dags/tutorial.py
[2024-07-12T00:37:31.755+0000] {processor.py:840} INFO - DAG(s) 'tutorial' retrieved from /home/airflow/.local/lib/python3.12/site-packages/airflow/example_dags/tutorial.py
[2024-07-12T00:37:31.773+0000] {logging_mixin.py:188} INFO - [2024-07-12T00:37:31.773+0000] {dag.py:3096} INFO - Sync 1 DAGs
[2024-07-12T00:37:31.797+0000] {logging_mixin.py:188} INFO - [2024-07-12T00:37:31.797+0000] {dag.py:3954} INFO - Setting next_dagrun for tutorial to 2024-07-11 00:00:00+00:00, run_after=2024-07-12 00:00:00+00:00
[2024-07-12T00:37:31.813+0000] {processor.py:183} INFO - Processing /home/airflow/.local/lib/python3.12/site-packages/airflow/example_dags/tutorial.py took 0.074 seconds
[2024-07-12T00:38:02.290+0000] {processor.py:161} INFO - Started process (PID=306) to work on /home/airflow/.local/lib/python3.12/site-packages/airflow/example_dags/tutorial.py
[2024-07-12T00:38:02.291+0000] {processor.py:830} INFO - Processing file /home/airflow/.local/lib/python3.12/site-packages/airflow/example_dags/tutorial.py for tasks to queue
[2024-07-12T00:38:02.292+0000] {logging_mixin.py:188} INFO - [2024-07-12T00:38:02.292+0000] {dagbag.py:545} INFO - Filling up the DagBag from /home/airflow/.local/lib/python3.12/site-packages/airflow/example_dags/tutorial.py
[2024-07-12T00:38:02.297+0000] {processor.py:840} INFO - DAG(s) 'tutorial' retrieved from /home/airflow/.local/lib/python3.12/site-packages/airflow/example_dags/tutorial.py
[2024-07-12T00:38:02.314+0000] {logging_mixin.py:188} INFO - [2024-07-12T00:38:02.314+0000] {dag.py:3096} INFO - Sync 1 DAGs
[2024-07-12T00:38:02.334+0000] {logging_mixin.py:188} INFO - [2024-07-12T00:38:02.334+0000] {dag.py:3954} INFO - Setting next_dagrun for tutorial to 2024-07-11 00:00:00+00:00, run_after=2024-07-12 00:00:00+00:00
[2024-07-12T00:38:02.349+0000] {processor.py:183} INFO - Processing /home/airflow/.local/lib/python3.12/site-packages/airflow/example_dags/tutorial.py took 0.065 seconds
[2024-07-12T00:38:33.020+0000] {processor.py:161} INFO - Started process (PID=364) to work on /home/airflow/.local/lib/python3.12/site-packages/airflow/example_dags/tutorial.py
[2024-07-12T00:38:33.021+0000] {processor.py:830} INFO - Processing file /home/airflow/.local/lib/python3.12/site-packages/airflow/example_dags/tutorial.py for tasks to queue
[2024-07-12T00:38:33.022+0000] {logging_mixin.py:188} INFO - [2024-07-12T00:38:33.022+0000] {dagbag.py:545} INFO - Filling up the DagBag from /home/airflow/.local/lib/python3.12/site-packages/airflow/example_dags/tutorial.py
[2024-07-12T00:38:33.029+0000] {processor.py:840} INFO - DAG(s) 'tutorial' retrieved from /home/airflow/.local/lib/python3.12/site-packages/airflow/example_dags/tutorial.py
[2024-07-12T00:38:33.047+0000] {logging_mixin.py:188} INFO - [2024-07-12T00:38:33.047+0000] {dag.py:3096} INFO - Sync 1 DAGs
[2024-07-12T00:38:33.067+0000] {logging_mixin.py:188} INFO - [2024-07-12T00:38:33.067+0000] {dag.py:3954} INFO - Setting next_dagrun for tutorial to 2024-07-11 00:00:00+00:00, run_after=2024-07-12 00:00:00+00:00
[2024-07-12T00:38:33.084+0000] {processor.py:183} INFO - Processing /home/airflow/.local/lib/python3.12/site-packages/airflow/example_dags/tutorial.py took 0.069 seconds
[2024-07-12T00:39:03.279+0000] {processor.py:161} INFO - Started process (PID=422) to work on /home/airflow/.local/lib/python3.12/site-packages/airflow/example_dags/tutorial.py
[2024-07-12T00:39:03.280+0000] {processor.py:830} INFO - Processing file /home/airflow/.local/lib/python3.12/site-packages/airflow/example_dags/tutorial.py for tasks to queue
[2024-07-12T00:39:03.282+0000] {logging_mixin.py:188} INFO - [2024-07-12T00:39:03.282+0000] {dagbag.py:545} INFO - Filling up the DagBag from /home/airflow/.local/lib/python3.12/site-packages/airflow/example_dags/tutorial.py
[2024-07-12T00:39:03.288+0000] {processor.py:840} INFO - DAG(s) 'tutorial' retrieved from /home/airflow/.local/lib/python3.12/site-packages/airflow/example_dags/tutorial.py
[2024-07-12T00:39:03.309+0000] {logging_mixin.py:188} INFO - [2024-07-12T00:39:03.308+0000] {dag.py:3096} INFO - Sync 1 DAGs
[2024-07-12T00:39:03.344+0000] {logging_mixin.py:188} INFO - [2024-07-12T00:39:03.344+0000] {dag.py:3954} INFO - Setting next_dagrun for tutorial to 2024-07-11 00:00:00+00:00, run_after=2024-07-12 00:00:00+00:00
[2024-07-12T00:39:03.364+0000] {processor.py:183} INFO - Processing /home/airflow/.local/lib/python3.12/site-packages/airflow/example_dags/tutorial.py took 0.090 seconds
[2024-07-12T00:39:33.414+0000] {processor.py:161} INFO - Started process (PID=480) to work on /home/airflow/.local/lib/python3.12/site-packages/airflow/example_dags/tutorial.py
[2024-07-12T00:39:33.415+0000] {processor.py:830} INFO - Processing file /home/airflow/.local/lib/python3.12/site-packages/airflow/example_dags/tutorial.py for tasks to queue
[2024-07-12T00:39:33.417+0000] {logging_mixin.py:188} INFO - [2024-07-12T00:39:33.417+0000] {dagbag.py:545} INFO - Filling up the DagBag from /home/airflow/.local/lib/python3.12/site-packages/airflow/example_dags/tutorial.py
[2024-07-12T00:39:33.422+0000] {processor.py:840} INFO - DAG(s) 'tutorial' retrieved from /home/airflow/.local/lib/python3.12/site-packages/airflow/example_dags/tutorial.py
[2024-07-12T00:39:33.442+0000] {logging_mixin.py:188} INFO - [2024-07-12T00:39:33.442+0000] {dag.py:3096} INFO - Sync 1 DAGs
[2024-07-12T00:39:33.467+0000] {logging_mixin.py:188} INFO - [2024-07-12T00:39:33.467+0000] {dag.py:3954} INFO - Setting next_dagrun for tutorial to 2024-07-11 00:00:00+00:00, run_after=2024-07-12 00:00:00+00:00
[2024-07-12T00:39:33.489+0000] {processor.py:183} INFO - Processing /home/airflow/.local/lib/python3.12/site-packages/airflow/example_dags/tutorial.py took 0.083 seconds
