[2024-07-12T22:07:57.395+0000] {local_task_job_runner.py:120} INFO - ::group::Pre task execution logs
[2024-07-12T22:07:57.410+0000] {taskinstance.py:2076} INFO - Dependencies all met for dep_context=non-requeueable deps ti=<TaskInstance: upload_and_invoke_lambda.invoke_lambda_unzip manual__2024-07-12T22:02:45.537691+00:00 [queued]>
[2024-07-12T22:07:57.419+0000] {taskinstance.py:2076} INFO - Dependencies all met for dep_context=requeueable deps ti=<TaskInstance: upload_and_invoke_lambda.invoke_lambda_unzip manual__2024-07-12T22:02:45.537691+00:00 [queued]>
[2024-07-12T22:07:57.419+0000] {taskinstance.py:2306} INFO - Starting attempt 2 of 2
[2024-07-12T22:07:57.432+0000] {taskinstance.py:2330} INFO - Executing <Task(LambdaInvokeFunctionOperator): invoke_lambda_unzip> on 2024-07-12 22:02:45.537691+00:00
[2024-07-12T22:07:57.437+0000] {warnings.py:112} WARNING - /home/***/.local/lib/python3.12/site-packages/***/task/task_runner/standard_task_runner.py:61: DeprecationWarning: This process (pid=1961) is multi-threaded, use of fork() may lead to deadlocks in the child.
  pid = os.fork()

[2024-07-12T22:07:57.438+0000] {standard_task_runner.py:63} INFO - Started process 1962 to run task
[2024-07-12T22:07:57.438+0000] {standard_task_runner.py:90} INFO - Running: ['***', 'tasks', 'run', 'upload_and_invoke_lambda', 'invoke_lambda_unzip', 'manual__2024-07-12T22:02:45.537691+00:00', '--job-id', '235', '--raw', '--subdir', 'DAGS_FOLDER/stream_upload_to_s3.py', '--cfg-path', '/tmp/tmpyt2rtqzt']
[2024-07-12T22:07:57.439+0000] {standard_task_runner.py:91} INFO - Job 235: Subtask invoke_lambda_unzip
[2024-07-12T22:07:57.474+0000] {task_command.py:426} INFO - Running <TaskInstance: upload_and_invoke_lambda.invoke_lambda_unzip manual__2024-07-12T22:02:45.537691+00:00 [running]> on host e900ffca6a6f
[2024-07-12T22:07:57.559+0000] {taskinstance.py:2648} INFO - Exporting env vars: AIRFLOW_CTX_DAG_OWNER='***' AIRFLOW_CTX_DAG_ID='upload_and_invoke_lambda' AIRFLOW_CTX_TASK_ID='invoke_lambda_unzip' AIRFLOW_CTX_EXECUTION_DATE='2024-07-12T22:02:45.537691+00:00' AIRFLOW_CTX_TRY_NUMBER='2' AIRFLOW_CTX_DAG_RUN_ID='manual__2024-07-12T22:02:45.537691+00:00'
[2024-07-12T22:07:57.560+0000] {taskinstance.py:430} INFO - ::endgroup::
[2024-07-12T22:07:57.570+0000] {lambda_function.py:217} INFO - Invoking AWS Lambda function: ***-lamda-unzip with payload: {"s3_key": "ipl_matches.zip"}
[2024-07-12T22:07:57.578+0000] {base.py:84} INFO - Using connection ID 's3-bucket-conn' for task execution.
[2024-07-12T22:07:57.579+0000] {connection_wrapper.py:384} INFO - AWS Connection (conn_id='s3-bucket-conn', conn_type='aws') credentials retrieved from login and password.
[2024-07-12T22:08:56.637+0000] {lambda_function.py:226} INFO - Lambda response metadata: {'RequestId': '0f8a4e67-f0a8-4577-923d-a7cbbd8b891a', 'HTTPStatusCode': 200, 'HTTPHeaders': {'date': 'Fri, 12 Jul 2024 22:08:57 GMT', 'content-type': 'application/json', 'content-length': '71', 'connection': 'keep-alive', 'x-amzn-requestid': '0f8a4e67-f0a8-4577-923d-a7cbbd8b891a', 'x-amzn-remapped-content-length': '0', 'x-amz-executed-version': '$LATEST', 'x-amzn-trace-id': 'root=1-6691a93f-5bd9181b103d884e63632b9e;parent=1e7d3a456647c3f3;sampled=0;lineage=101f7269:0'}, 'RetryAttempts': 0}
[2024-07-12T22:08:56.639+0000] {lambda_function.py:250} INFO - Lambda function invocation succeeded: {'RequestId': '0f8a4e67-f0a8-4577-923d-a7cbbd8b891a', 'HTTPStatusCode': 200, 'HTTPHeaders': {'date': 'Fri, 12 Jul 2024 22:08:57 GMT', 'content-type': 'application/json', 'content-length': '71', 'connection': 'keep-alive', 'x-amzn-requestid': '0f8a4e67-f0a8-4577-923d-a7cbbd8b891a', 'x-amzn-remapped-content-length': '0', 'x-amz-executed-version': '$LATEST', 'x-amzn-trace-id': 'root=1-6691a93f-5bd9181b103d884e63632b9e;parent=1e7d3a456647c3f3;sampled=0;lineage=101f7269:0'}, 'RetryAttempts': 0}
[2024-07-12T22:08:56.639+0000] {taskinstance.py:441} INFO - ::group::Post task execution logs
[2024-07-12T22:08:56.671+0000] {taskinstance.py:1206} INFO - Marking task as SUCCESS. dag_id=upload_and_invoke_lambda, task_id=invoke_lambda_unzip, run_id=manual__2024-07-12T22:02:45.537691+00:00, execution_date=20240712T220245, start_date=20240712T220757, end_date=20240712T220856
[2024-07-12T22:08:56.723+0000] {local_task_job_runner.py:240} INFO - Task exited with return code 0
[2024-07-12T22:08:56.735+0000] {taskinstance.py:3503} INFO - 0 downstream tasks scheduled from follow-on schedule check
[2024-07-12T22:08:56.737+0000] {local_task_job_runner.py:222} INFO - ::endgroup::
