[2024-07-12T05:06:13.622+0000] {processor.py:161} INFO - Started process (PID=60) to work on /opt/airflow/dags/download_upload.py
[2024-07-12T05:06:13.623+0000] {processor.py:830} INFO - Processing file /opt/airflow/dags/download_upload.py for tasks to queue
[2024-07-12T05:06:13.625+0000] {logging_mixin.py:188} INFO - [2024-07-12T05:06:13.625+0000] {dagbag.py:545} INFO - Filling up the DagBag from /opt/airflow/dags/download_upload.py
[2024-07-12T05:06:13.674+0000] {processor.py:840} INFO - DAG(s) 'upload_ipl_zip_to_s3' retrieved from /opt/airflow/dags/download_upload.py
[2024-07-12T05:06:13.923+0000] {logging_mixin.py:188} INFO - [2024-07-12T05:06:13.922+0000] {override.py:1829} INFO - Created Permission View: can read on DAG:upload_ipl_zip_to_s3
[2024-07-12T05:06:13.936+0000] {logging_mixin.py:188} INFO - [2024-07-12T05:06:13.936+0000] {override.py:1829} INFO - Created Permission View: can delete on DAG:upload_ipl_zip_to_s3
[2024-07-12T05:06:13.943+0000] {logging_mixin.py:188} INFO - [2024-07-12T05:06:13.943+0000] {override.py:1829} INFO - Created Permission View: can edit on DAG:upload_ipl_zip_to_s3
[2024-07-12T05:06:13.944+0000] {logging_mixin.py:188} INFO - [2024-07-12T05:06:13.944+0000] {dag.py:3096} INFO - Sync 1 DAGs
[2024-07-12T05:06:13.963+0000] {logging_mixin.py:188} INFO - [2024-07-12T05:06:13.963+0000] {dag.py:3118} INFO - Creating ORM DAG for upload_ipl_zip_to_s3
[2024-07-12T05:06:13.981+0000] {logging_mixin.py:188} INFO - [2024-07-12T05:06:13.980+0000] {dag.py:3954} INFO - Setting next_dagrun for upload_ipl_zip_to_s3 to 2024-07-11 00:00:00+00:00, run_after=2024-07-12 00:00:00+00:00
[2024-07-12T05:06:14.003+0000] {processor.py:183} INFO - Processing /opt/airflow/dags/download_upload.py took 0.393 seconds
[2024-07-12T05:06:44.155+0000] {processor.py:161} INFO - Started process (PID=67) to work on /opt/airflow/dags/download_upload.py
[2024-07-12T05:06:44.160+0000] {processor.py:830} INFO - Processing file /opt/airflow/dags/download_upload.py for tasks to queue
[2024-07-12T05:06:44.163+0000] {logging_mixin.py:188} INFO - [2024-07-12T05:06:44.162+0000] {dagbag.py:545} INFO - Filling up the DagBag from /opt/airflow/dags/download_upload.py
[2024-07-12T05:06:44.195+0000] {processor.py:840} INFO - DAG(s) 'upload_ipl_zip_to_s3' retrieved from /opt/airflow/dags/download_upload.py
[2024-07-12T05:06:44.224+0000] {logging_mixin.py:188} INFO - [2024-07-12T05:06:44.224+0000] {dag.py:3096} INFO - Sync 1 DAGs
[2024-07-12T05:06:44.248+0000] {logging_mixin.py:188} INFO - [2024-07-12T05:06:44.248+0000] {dag.py:3954} INFO - Setting next_dagrun for upload_ipl_zip_to_s3 to 2024-07-12 00:00:00+00:00, run_after=2024-07-13 00:00:00+00:00
[2024-07-12T05:06:44.267+0000] {processor.py:183} INFO - Processing /opt/airflow/dags/download_upload.py took 0.131 seconds
[2024-07-12T05:07:14.405+0000] {processor.py:161} INFO - Started process (PID=74) to work on /opt/airflow/dags/download_upload.py
[2024-07-12T05:07:14.406+0000] {processor.py:830} INFO - Processing file /opt/airflow/dags/download_upload.py for tasks to queue
[2024-07-12T05:07:14.407+0000] {logging_mixin.py:188} INFO - [2024-07-12T05:07:14.407+0000] {dagbag.py:545} INFO - Filling up the DagBag from /opt/airflow/dags/download_upload.py
[2024-07-12T05:07:14.423+0000] {processor.py:840} INFO - DAG(s) 'upload_ipl_zip_to_s3' retrieved from /opt/airflow/dags/download_upload.py
[2024-07-12T05:07:14.445+0000] {logging_mixin.py:188} INFO - [2024-07-12T05:07:14.445+0000] {dag.py:3096} INFO - Sync 1 DAGs
[2024-07-12T05:07:14.466+0000] {logging_mixin.py:188} INFO - [2024-07-12T05:07:14.466+0000] {dag.py:3954} INFO - Setting next_dagrun for upload_ipl_zip_to_s3 to 2024-07-12 00:00:00+00:00, run_after=2024-07-13 00:00:00+00:00
[2024-07-12T05:07:14.484+0000] {processor.py:183} INFO - Processing /opt/airflow/dags/download_upload.py took 0.089 seconds
