[2024-07-12T21:54:20.496+0000] {local_task_job_runner.py:120} INFO - ::group::Pre task execution logs
[2024-07-12T21:54:20.511+0000] {taskinstance.py:2076} INFO - Dependencies all met for dep_context=non-requeueable deps ti=<TaskInstance: upload_and_invoke_lambda.download_and_upload_to_s3 manual__2024-07-12T21:54:18.440193+00:00 [queued]>
[2024-07-12T21:54:20.520+0000] {taskinstance.py:2076} INFO - Dependencies all met for dep_context=requeueable deps ti=<TaskInstance: upload_and_invoke_lambda.download_and_upload_to_s3 manual__2024-07-12T21:54:18.440193+00:00 [queued]>
[2024-07-12T21:54:20.521+0000] {taskinstance.py:2306} INFO - Starting attempt 1 of 2
[2024-07-12T21:54:20.534+0000] {taskinstance.py:2330} INFO - Executing <Task(PythonOperator): download_and_upload_to_s3> on 2024-07-12 21:54:18.440193+00:00
[2024-07-12T21:54:20.540+0000] {warnings.py:112} WARNING - /home/***/.local/lib/python3.12/site-packages/***/task/task_runner/standard_task_runner.py:61: DeprecationWarning: This process (pid=1729) is multi-threaded, use of fork() may lead to deadlocks in the child.
  pid = os.fork()

[2024-07-12T21:54:20.542+0000] {standard_task_runner.py:63} INFO - Started process 1730 to run task
[2024-07-12T21:54:20.541+0000] {standard_task_runner.py:90} INFO - Running: ['***', 'tasks', 'run', 'upload_and_invoke_lambda', 'download_and_upload_to_s3', 'manual__2024-07-12T21:54:18.440193+00:00', '--job-id', '213', '--raw', '--subdir', 'DAGS_FOLDER/stream_upload_to_s3.py', '--cfg-path', '/tmp/tmpw300r0n2']
[2024-07-12T21:54:20.543+0000] {standard_task_runner.py:91} INFO - Job 213: Subtask download_and_upload_to_s3
[2024-07-12T21:54:20.580+0000] {task_command.py:426} INFO - Running <TaskInstance: upload_and_invoke_lambda.download_and_upload_to_s3 manual__2024-07-12T21:54:18.440193+00:00 [running]> on host e900ffca6a6f
[2024-07-12T21:54:20.661+0000] {taskinstance.py:2648} INFO - Exporting env vars: AIRFLOW_CTX_DAG_OWNER='***' AIRFLOW_CTX_DAG_ID='upload_and_invoke_lambda' AIRFLOW_CTX_TASK_ID='download_and_upload_to_s3' AIRFLOW_CTX_EXECUTION_DATE='2024-07-12T21:54:18.440193+00:00' AIRFLOW_CTX_TRY_NUMBER='1' AIRFLOW_CTX_DAG_RUN_ID='manual__2024-07-12T21:54:18.440193+00:00'
[2024-07-12T21:54:20.662+0000] {taskinstance.py:430} INFO - ::endgroup::
[2024-07-12T21:54:20.699+0000] {base.py:84} INFO - Using connection ID 's3-bucket-conn' for task execution.
[2024-07-12T21:54:20.699+0000] {connection_wrapper.py:384} INFO - AWS Connection (conn_id='s3-bucket-conn', conn_type='aws') credentials retrieved from login and password.
[2024-07-12T21:54:24.456+0000] {stream_upload_to_s3.py:45} INFO - Streamed file from https://cricsheet.org/downloads/ipl_json.zip to s3://ipl-data-analysis-zipfile/ipl_matches.zip
[2024-07-12T21:54:24.470+0000] {python.py:237} INFO - Done. Returned value was: None
[2024-07-12T21:54:24.471+0000] {taskinstance.py:441} INFO - ::group::Post task execution logs
[2024-07-12T21:54:24.480+0000] {taskinstance.py:1206} INFO - Marking task as SUCCESS. dag_id=upload_and_invoke_lambda, task_id=download_and_upload_to_s3, run_id=manual__2024-07-12T21:54:18.440193+00:00, execution_date=20240712T215418, start_date=20240712T215420, end_date=20240712T215424
[2024-07-12T21:54:24.531+0000] {local_task_job_runner.py:240} INFO - Task exited with return code 0
[2024-07-12T21:54:24.552+0000] {taskinstance.py:3503} INFO - 1 downstream tasks scheduled from follow-on schedule check
[2024-07-12T21:54:24.554+0000] {local_task_job_runner.py:222} INFO - ::endgroup::
