[2024-07-12T03:53:07.309+0000] {local_task_job_runner.py:120} INFO - ::group::Pre task execution logs
[2024-07-12T03:53:07.329+0000] {taskinstance.py:2076} INFO - Dependencies all met for dep_context=non-requeueable deps ti=<TaskInstance: download_and_upload_to_s3.download_file manual__2024-07-12T03:53:05.962138+00:00 [queued]>
[2024-07-12T03:53:07.338+0000] {taskinstance.py:2076} INFO - Dependencies all met for dep_context=requeueable deps ti=<TaskInstance: download_and_upload_to_s3.download_file manual__2024-07-12T03:53:05.962138+00:00 [queued]>
[2024-07-12T03:53:07.339+0000] {taskinstance.py:2306} INFO - Starting attempt 1 of 2
[2024-07-12T03:53:07.352+0000] {taskinstance.py:2330} INFO - Executing <Task(PythonOperator): download_file> on 2024-07-12 03:53:05.962138+00:00
[2024-07-12T03:53:07.356+0000] {warnings.py:112} WARNING - /home/***/.local/lib/python3.12/site-packages/***/task/task_runner/standard_task_runner.py:61: DeprecationWarning: This process (pid=523) is multi-threaded, use of fork() may lead to deadlocks in the child.
  pid = os.fork()

[2024-07-12T03:53:07.357+0000] {standard_task_runner.py:63} INFO - Started process 524 to run task
[2024-07-12T03:53:07.357+0000] {standard_task_runner.py:90} INFO - Running: ['***', 'tasks', 'run', 'download_and_upload_to_s3', 'download_file', 'manual__2024-07-12T03:53:05.962138+00:00', '--job-id', '120', '--raw', '--subdir', 'DAGS_FOLDER/download_extract_dag.py', '--cfg-path', '/tmp/tmpg687duxs']
[2024-07-12T03:53:07.358+0000] {standard_task_runner.py:91} INFO - Job 120: Subtask download_file
[2024-07-12T03:53:07.395+0000] {task_command.py:426} INFO - Running <TaskInstance: download_and_upload_to_s3.download_file manual__2024-07-12T03:53:05.962138+00:00 [running]> on host 4292072e8878
[2024-07-12T03:53:07.467+0000] {taskinstance.py:2648} INFO - Exporting env vars: AIRFLOW_CTX_DAG_OWNER='***' AIRFLOW_CTX_DAG_ID='download_and_upload_to_s3' AIRFLOW_CTX_TASK_ID='download_file' AIRFLOW_CTX_EXECUTION_DATE='2024-07-12T03:53:05.962138+00:00' AIRFLOW_CTX_TRY_NUMBER='1' AIRFLOW_CTX_DAG_RUN_ID='manual__2024-07-12T03:53:05.962138+00:00'
[2024-07-12T03:53:07.468+0000] {taskinstance.py:430} INFO - ::endgroup::
[2024-07-12T03:53:08.933+0000] {download_extract_dag.py:37} INFO - Downloaded file from https://cricsheet.org/downloads/ipl_json.zip to /tmp/yourfile.zip
[2024-07-12T03:53:08.950+0000] {python.py:237} INFO - Done. Returned value was: None
[2024-07-12T03:53:08.953+0000] {taskinstance.py:441} INFO - ::group::Post task execution logs
[2024-07-12T03:53:08.959+0000] {taskinstance.py:1206} INFO - Marking task as SUCCESS. dag_id=download_and_upload_to_s3, task_id=download_file, run_id=manual__2024-07-12T03:53:05.962138+00:00, execution_date=20240712T035305, start_date=20240712T035307, end_date=20240712T035308
[2024-07-12T03:53:08.974+0000] {local_task_job_runner.py:240} INFO - Task exited with return code 0
[2024-07-12T03:53:08.990+0000] {taskinstance.py:3503} INFO - 1 downstream tasks scheduled from follow-on schedule check
[2024-07-12T03:53:08.992+0000] {local_task_job_runner.py:222} INFO - ::endgroup::
