[2024-07-16T07:19:08.157+0000] {local_task_job_runner.py:120} INFO - ::group::Pre task execution logs
[2024-07-16T07:19:08.176+0000] {taskinstance.py:2076} INFO - Dependencies all met for dep_context=non-requeueable deps ti=<TaskInstance: glue_crawler_etl_pipeline.wait_for_crawler manual__2024-07-16T07:16:01.263030+00:00 [queued]>
[2024-07-16T07:19:08.184+0000] {taskinstance.py:2076} INFO - Dependencies all met for dep_context=requeueable deps ti=<TaskInstance: glue_crawler_etl_pipeline.wait_for_crawler manual__2024-07-16T07:16:01.263030+00:00 [queued]>
[2024-07-16T07:19:08.185+0000] {taskinstance.py:2306} INFO - Starting attempt 1 of 2
[2024-07-16T07:19:08.200+0000] {taskinstance.py:2330} INFO - Executing <Task(GlueCrawlerSensor): wait_for_crawler> on 2024-07-16 07:16:01.263030+00:00
[2024-07-16T07:19:08.206+0000] {warnings.py:112} WARNING - /home/***/.local/lib/python3.12/site-packages/***/task/task_runner/standard_task_runner.py:61: DeprecationWarning: This process (pid=2470) is multi-threaded, use of fork() may lead to deadlocks in the child.
  pid = os.fork()

[2024-07-16T07:19:08.209+0000] {standard_task_runner.py:63} INFO - Started process 2471 to run task
[2024-07-16T07:19:08.209+0000] {standard_task_runner.py:90} INFO - Running: ['***', 'tasks', 'run', 'glue_crawler_etl_pipeline', 'wait_for_crawler', 'manual__2024-07-16T07:16:01.263030+00:00', '--job-id', '281', '--raw', '--subdir', 'DAGS_FOLDER/etl_populate_database.py', '--cfg-path', '/tmp/tmpy3d1kb9o']
[2024-07-16T07:19:08.210+0000] {standard_task_runner.py:91} INFO - Job 281: Subtask wait_for_crawler
[2024-07-16T07:19:08.253+0000] {task_command.py:426} INFO - Running <TaskInstance: glue_crawler_etl_pipeline.wait_for_crawler manual__2024-07-16T07:16:01.263030+00:00 [running]> on host 0ec6e6e2bd09
[2024-07-16T07:19:08.333+0000] {taskinstance.py:2648} INFO - Exporting env vars: AIRFLOW_CTX_DAG_EMAIL='your_email@example.com' AIRFLOW_CTX_DAG_OWNER='***' AIRFLOW_CTX_DAG_ID='glue_crawler_etl_pipeline' AIRFLOW_CTX_TASK_ID='wait_for_crawler' AIRFLOW_CTX_EXECUTION_DATE='2024-07-16T07:16:01.263030+00:00' AIRFLOW_CTX_TRY_NUMBER='1' AIRFLOW_CTX_DAG_RUN_ID='manual__2024-07-16T07:16:01.263030+00:00'
[2024-07-16T07:19:08.334+0000] {taskinstance.py:430} INFO - ::endgroup::
[2024-07-16T07:19:08.349+0000] {glue_crawler.py:61} INFO - Poking for AWS Glue crawler: IplJsonCrawler
[2024-07-16T07:19:08.359+0000] {base.py:84} INFO - Using connection ID 's3-bucket-conn' for task execution.
[2024-07-16T07:19:08.359+0000] {connection_wrapper.py:384} INFO - AWS Connection (conn_id='s3-bucket-conn', conn_type='aws') credentials retrieved from login and password.
[2024-07-16T07:19:08.982+0000] {glue_crawler.py:64} INFO - State: READY
[2024-07-16T07:19:09.050+0000] {glue_crawler.py:67} INFO - Status: SUCCEEDED
[2024-07-16T07:19:09.051+0000] {base.py:294} INFO - Success criteria met. Exiting.
[2024-07-16T07:19:09.051+0000] {taskinstance.py:441} INFO - ::group::Post task execution logs
[2024-07-16T07:19:09.066+0000] {taskinstance.py:1206} INFO - Marking task as SUCCESS. dag_id=glue_crawler_etl_pipeline, task_id=wait_for_crawler, run_id=manual__2024-07-16T07:16:01.263030+00:00, execution_date=20240716T071601, start_date=20240716T071908, end_date=20240716T071909
[2024-07-16T07:19:09.106+0000] {local_task_job_runner.py:240} INFO - Task exited with return code 0
[2024-07-16T07:19:09.135+0000] {taskinstance.py:3503} INFO - 1 downstream tasks scheduled from follow-on schedule check
[2024-07-16T07:19:09.136+0000] {local_task_job_runner.py:222} INFO - ::endgroup::
