[2024-07-12T04:14:35.532+0000] {local_task_job_runner.py:120} INFO - ::group::Pre task execution logs
[2024-07-12T04:14:35.546+0000] {taskinstance.py:2076} INFO - Dependencies all met for dep_context=non-requeueable deps ti=<TaskInstance: download_and_upload_to_s3.download_file manual__2024-07-12T04:14:34.065815+00:00 [queued]>
[2024-07-12T04:14:35.555+0000] {taskinstance.py:2076} INFO - Dependencies all met for dep_context=requeueable deps ti=<TaskInstance: download_and_upload_to_s3.download_file manual__2024-07-12T04:14:34.065815+00:00 [queued]>
[2024-07-12T04:14:35.555+0000] {taskinstance.py:2306} INFO - Starting attempt 1 of 2
[2024-07-12T04:14:35.569+0000] {taskinstance.py:2330} INFO - Executing <Task(PythonOperator): download_file> on 2024-07-12 04:14:34.065815+00:00
[2024-07-12T04:14:35.573+0000] {warnings.py:112} WARNING - /home/***/.local/lib/python3.12/site-packages/***/task/task_runner/standard_task_runner.py:61: DeprecationWarning: This process (pid=857) is multi-threaded, use of fork() may lead to deadlocks in the child.
  pid = os.fork()

[2024-07-12T04:14:35.574+0000] {standard_task_runner.py:63} INFO - Started process 858 to run task
[2024-07-12T04:14:35.575+0000] {standard_task_runner.py:90} INFO - Running: ['***', 'tasks', 'run', 'download_and_upload_to_s3', 'download_file', 'manual__2024-07-12T04:14:34.065815+00:00', '--job-id', '135', '--raw', '--subdir', 'DAGS_FOLDER/download_extract_dag.py', '--cfg-path', '/tmp/tmpuus9noed']
[2024-07-12T04:14:35.575+0000] {standard_task_runner.py:91} INFO - Job 135: Subtask download_file
[2024-07-12T04:14:35.611+0000] {task_command.py:426} INFO - Running <TaskInstance: download_and_upload_to_s3.download_file manual__2024-07-12T04:14:34.065815+00:00 [running]> on host 4292072e8878
[2024-07-12T04:14:35.679+0000] {taskinstance.py:2648} INFO - Exporting env vars: AIRFLOW_CTX_DAG_OWNER='***' AIRFLOW_CTX_DAG_ID='download_and_upload_to_s3' AIRFLOW_CTX_TASK_ID='download_file' AIRFLOW_CTX_EXECUTION_DATE='2024-07-12T04:14:34.065815+00:00' AIRFLOW_CTX_TRY_NUMBER='1' AIRFLOW_CTX_DAG_RUN_ID='manual__2024-07-12T04:14:34.065815+00:00'
[2024-07-12T04:14:35.680+0000] {taskinstance.py:430} INFO - ::endgroup::
[2024-07-12T04:14:37.206+0000] {download_extract_dag.py:37} INFO - Downloaded file from https://cricsheet.org/downloads/ipl_json.zip to /tmp/yourfile.zip
[2024-07-12T04:14:37.224+0000] {python.py:237} INFO - Done. Returned value was: None
[2024-07-12T04:14:37.226+0000] {taskinstance.py:441} INFO - ::group::Post task execution logs
[2024-07-12T04:14:37.233+0000] {taskinstance.py:1206} INFO - Marking task as SUCCESS. dag_id=download_and_upload_to_s3, task_id=download_file, run_id=manual__2024-07-12T04:14:34.065815+00:00, execution_date=20240712T041434, start_date=20240712T041435, end_date=20240712T041437
[2024-07-12T04:14:37.274+0000] {local_task_job_runner.py:240} INFO - Task exited with return code 0
[2024-07-12T04:14:37.289+0000] {taskinstance.py:3503} INFO - 1 downstream tasks scheduled from follow-on schedule check
[2024-07-12T04:14:37.291+0000] {local_task_job_runner.py:222} INFO - ::endgroup::
