[2024-07-12T22:04:44.337+0000] {local_task_job_runner.py:120} INFO - ::group::Pre task execution logs
[2024-07-12T22:04:44.357+0000] {taskinstance.py:2076} INFO - Dependencies all met for dep_context=non-requeueable deps ti=<TaskInstance: upload_and_invoke_lambda.invoke_lambda_unzip manual__2024-07-12T22:04:36.465454+00:00 [queued]>
[2024-07-12T22:04:44.364+0000] {taskinstance.py:2076} INFO - Dependencies all met for dep_context=requeueable deps ti=<TaskInstance: upload_and_invoke_lambda.invoke_lambda_unzip manual__2024-07-12T22:04:36.465454+00:00 [queued]>
[2024-07-12T22:04:44.365+0000] {taskinstance.py:2306} INFO - Starting attempt 1 of 2
[2024-07-12T22:04:44.380+0000] {taskinstance.py:2330} INFO - Executing <Task(LambdaInvokeFunctionOperator): invoke_lambda_unzip> on 2024-07-12 22:04:36.465454+00:00
[2024-07-12T22:04:44.385+0000] {warnings.py:112} WARNING - /home/***/.local/lib/python3.12/site-packages/***/task/task_runner/standard_task_runner.py:61: DeprecationWarning: This process (pid=1915) is multi-threaded, use of fork() may lead to deadlocks in the child.
  pid = os.fork()

[2024-07-12T22:04:44.387+0000] {standard_task_runner.py:63} INFO - Started process 1916 to run task
[2024-07-12T22:04:44.387+0000] {standard_task_runner.py:90} INFO - Running: ['***', 'tasks', 'run', 'upload_and_invoke_lambda', 'invoke_lambda_unzip', 'manual__2024-07-12T22:04:36.465454+00:00', '--job-id', '233', '--raw', '--subdir', 'DAGS_FOLDER/stream_upload_to_s3.py', '--cfg-path', '/tmp/tmpb0c386ov']
[2024-07-12T22:04:44.388+0000] {standard_task_runner.py:91} INFO - Job 233: Subtask invoke_lambda_unzip
[2024-07-12T22:04:44.436+0000] {task_command.py:426} INFO - Running <TaskInstance: upload_and_invoke_lambda.invoke_lambda_unzip manual__2024-07-12T22:04:36.465454+00:00 [running]> on host e900ffca6a6f
[2024-07-12T22:04:44.541+0000] {taskinstance.py:2648} INFO - Exporting env vars: AIRFLOW_CTX_DAG_OWNER='***' AIRFLOW_CTX_DAG_ID='upload_and_invoke_lambda' AIRFLOW_CTX_TASK_ID='invoke_lambda_unzip' AIRFLOW_CTX_EXECUTION_DATE='2024-07-12T22:04:36.465454+00:00' AIRFLOW_CTX_TRY_NUMBER='1' AIRFLOW_CTX_DAG_RUN_ID='manual__2024-07-12T22:04:36.465454+00:00'
[2024-07-12T22:04:44.542+0000] {taskinstance.py:430} INFO - ::endgroup::
[2024-07-12T22:04:44.562+0000] {lambda_function.py:217} INFO - Invoking AWS Lambda function: ***-lamda-unzip with payload: {"s3_key": "ipl_matches.zip"}
[2024-07-12T22:04:44.574+0000] {base.py:84} INFO - Using connection ID 's3-bucket-conn' for task execution.
[2024-07-12T22:04:44.574+0000] {connection_wrapper.py:384} INFO - AWS Connection (conn_id='s3-bucket-conn', conn_type='aws') credentials retrieved from login and password.
[2024-07-12T22:08:48.765+0000] {lambda_function.py:226} INFO - Lambda response metadata: {'RequestId': '5a0b3cf6-99bf-44ba-875e-dbbb2e6e1e04', 'HTTPStatusCode': 200, 'HTTPHeaders': {'date': 'Fri, 12 Jul 2024 22:08:50 GMT', 'content-type': 'application/json', 'content-length': '71', 'connection': 'keep-alive', 'x-amzn-requestid': '5a0b3cf6-99bf-44ba-875e-dbbb2e6e1e04', 'x-amzn-remapped-content-length': '0', 'x-amz-executed-version': '$LATEST', 'x-amzn-trace-id': 'root=1-6691a936-5388ba1f79b53bd84761b98d;parent=55472a2df8804294;sampled=0;lineage=101f7269:0'}, 'RetryAttempts': 3}
[2024-07-12T22:08:48.767+0000] {lambda_function.py:250} INFO - Lambda function invocation succeeded: {'RequestId': '5a0b3cf6-99bf-44ba-875e-dbbb2e6e1e04', 'HTTPStatusCode': 200, 'HTTPHeaders': {'date': 'Fri, 12 Jul 2024 22:08:50 GMT', 'content-type': 'application/json', 'content-length': '71', 'connection': 'keep-alive', 'x-amzn-requestid': '5a0b3cf6-99bf-44ba-875e-dbbb2e6e1e04', 'x-amzn-remapped-content-length': '0', 'x-amz-executed-version': '$LATEST', 'x-amzn-trace-id': 'root=1-6691a936-5388ba1f79b53bd84761b98d;parent=55472a2df8804294;sampled=0;lineage=101f7269:0'}, 'RetryAttempts': 3}
[2024-07-12T22:08:48.768+0000] {taskinstance.py:441} INFO - ::group::Post task execution logs
[2024-07-12T22:08:48.787+0000] {taskinstance.py:1206} INFO - Marking task as SUCCESS. dag_id=upload_and_invoke_lambda, task_id=invoke_lambda_unzip, run_id=manual__2024-07-12T22:04:36.465454+00:00, execution_date=20240712T220436, start_date=20240712T220444, end_date=20240712T220848
[2024-07-12T22:08:48.825+0000] {local_task_job_runner.py:240} INFO - Task exited with return code 0
[2024-07-12T22:08:48.837+0000] {taskinstance.py:3503} INFO - 0 downstream tasks scheduled from follow-on schedule check
[2024-07-12T22:08:48.839+0000] {local_task_job_runner.py:222} INFO - ::endgroup::
