[2024-07-12T22:00:28.030+0000] {local_task_job_runner.py:120} INFO - ::group::Pre task execution logs
[2024-07-12T22:00:28.046+0000] {taskinstance.py:2076} INFO - Dependencies all met for dep_context=non-requeueable deps ti=<TaskInstance: upload_and_invoke_lambda.download_and_upload_to_s3 manual__2024-07-12T22:00:27.044160+00:00 [queued]>
[2024-07-12T22:00:28.054+0000] {taskinstance.py:2076} INFO - Dependencies all met for dep_context=requeueable deps ti=<TaskInstance: upload_and_invoke_lambda.download_and_upload_to_s3 manual__2024-07-12T22:00:27.044160+00:00 [queued]>
[2024-07-12T22:00:28.055+0000] {taskinstance.py:2306} INFO - Starting attempt 1 of 2
[2024-07-12T22:00:28.068+0000] {taskinstance.py:2330} INFO - Executing <Task(PythonOperator): download_and_upload_to_s3> on 2024-07-12 22:00:27.044160+00:00
[2024-07-12T22:00:28.074+0000] {warnings.py:112} WARNING - /home/***/.local/lib/python3.12/site-packages/***/task/task_runner/standard_task_runner.py:61: DeprecationWarning: This process (pid=1833) is multi-threaded, use of fork() may lead to deadlocks in the child.
  pid = os.fork()

[2024-07-12T22:00:28.075+0000] {standard_task_runner.py:63} INFO - Started process 1834 to run task
[2024-07-12T22:00:28.075+0000] {standard_task_runner.py:90} INFO - Running: ['***', 'tasks', 'run', 'upload_and_invoke_lambda', 'download_and_upload_to_s3', 'manual__2024-07-12T22:00:27.044160+00:00', '--job-id', '223', '--raw', '--subdir', 'DAGS_FOLDER/stream_upload_to_s3.py', '--cfg-path', '/tmp/tmph0yxm8lv']
[2024-07-12T22:00:28.077+0000] {standard_task_runner.py:91} INFO - Job 223: Subtask download_and_upload_to_s3
[2024-07-12T22:00:28.114+0000] {task_command.py:426} INFO - Running <TaskInstance: upload_and_invoke_lambda.download_and_upload_to_s3 manual__2024-07-12T22:00:27.044160+00:00 [running]> on host e900ffca6a6f
[2024-07-12T22:00:28.186+0000] {taskinstance.py:2648} INFO - Exporting env vars: AIRFLOW_CTX_DAG_OWNER='***' AIRFLOW_CTX_DAG_ID='upload_and_invoke_lambda' AIRFLOW_CTX_TASK_ID='download_and_upload_to_s3' AIRFLOW_CTX_EXECUTION_DATE='2024-07-12T22:00:27.044160+00:00' AIRFLOW_CTX_TRY_NUMBER='1' AIRFLOW_CTX_DAG_RUN_ID='manual__2024-07-12T22:00:27.044160+00:00'
[2024-07-12T22:00:28.187+0000] {taskinstance.py:430} INFO - ::endgroup::
[2024-07-12T22:00:28.207+0000] {base.py:84} INFO - Using connection ID 's3-bucket-conn' for task execution.
[2024-07-12T22:00:28.208+0000] {connection_wrapper.py:384} INFO - AWS Connection (conn_id='s3-bucket-conn', conn_type='aws') credentials retrieved from login and password.
[2024-07-12T22:00:31.254+0000] {stream_upload_to_s3.py:45} INFO - Streamed file from https://cricsheet.org/downloads/ipl_json.zip to s3://ipl-data-analysis-zipfile/ipl_matches.zip
[2024-07-12T22:00:31.264+0000] {python.py:237} INFO - Done. Returned value was: None
[2024-07-12T22:00:31.266+0000] {taskinstance.py:441} INFO - ::group::Post task execution logs
[2024-07-12T22:00:31.282+0000] {taskinstance.py:1206} INFO - Marking task as SUCCESS. dag_id=upload_and_invoke_lambda, task_id=download_and_upload_to_s3, run_id=manual__2024-07-12T22:00:27.044160+00:00, execution_date=20240712T220027, start_date=20240712T220028, end_date=20240712T220031
[2024-07-12T22:00:31.302+0000] {local_task_job_runner.py:240} INFO - Task exited with return code 0
[2024-07-12T22:00:31.323+0000] {taskinstance.py:3503} INFO - 1 downstream tasks scheduled from follow-on schedule check
[2024-07-12T22:00:31.326+0000] {local_task_job_runner.py:222} INFO - ::endgroup::
