[2024-07-16T07:53:01.497+0000] {local_task_job_runner.py:120} INFO - ::group::Pre task execution logs
[2024-07-16T07:53:01.517+0000] {taskinstance.py:2076} INFO - Dependencies all met for dep_context=non-requeueable deps ti=<TaskInstance: glue_crawler_etl_pipeline.start_glue_job manual__2024-07-16T07:45:02.025969+00:00 [queued]>
[2024-07-16T07:53:01.524+0000] {taskinstance.py:2076} INFO - Dependencies all met for dep_context=requeueable deps ti=<TaskInstance: glue_crawler_etl_pipeline.start_glue_job manual__2024-07-16T07:45:02.025969+00:00 [queued]>
[2024-07-16T07:53:01.525+0000] {taskinstance.py:2306} INFO - Starting attempt 2 of 2
[2024-07-16T07:53:01.537+0000] {taskinstance.py:2330} INFO - Executing <Task(PythonOperator): start_glue_job> on 2024-07-16 07:45:02.025969+00:00
[2024-07-16T07:53:01.541+0000] {warnings.py:112} WARNING - /home/***/.local/lib/python3.12/site-packages/***/task/task_runner/standard_task_runner.py:61: DeprecationWarning: This process (pid=2929) is multi-threaded, use of fork() may lead to deadlocks in the child.
  pid = os.fork()

[2024-07-16T07:53:01.543+0000] {standard_task_runner.py:63} INFO - Started process 2930 to run task
[2024-07-16T07:53:01.544+0000] {standard_task_runner.py:90} INFO - Running: ['***', 'tasks', 'run', 'glue_crawler_etl_pipeline', 'start_glue_job', 'manual__2024-07-16T07:45:02.025969+00:00', '--job-id', '296', '--raw', '--subdir', 'DAGS_FOLDER/etl_populate_database.py', '--cfg-path', '/tmp/tmp2npylxfq']
[2024-07-16T07:53:01.545+0000] {standard_task_runner.py:91} INFO - Job 296: Subtask start_glue_job
[2024-07-16T07:53:01.584+0000] {task_command.py:426} INFO - Running <TaskInstance: glue_crawler_etl_pipeline.start_glue_job manual__2024-07-16T07:45:02.025969+00:00 [running]> on host 0ec6e6e2bd09
[2024-07-16T07:53:01.655+0000] {taskinstance.py:2648} INFO - Exporting env vars: AIRFLOW_CTX_DAG_EMAIL='your_email@example.com' AIRFLOW_CTX_DAG_OWNER='***' AIRFLOW_CTX_DAG_ID='glue_crawler_etl_pipeline' AIRFLOW_CTX_TASK_ID='start_glue_job' AIRFLOW_CTX_EXECUTION_DATE='2024-07-16T07:45:02.025969+00:00' AIRFLOW_CTX_TRY_NUMBER='2' AIRFLOW_CTX_DAG_RUN_ID='manual__2024-07-16T07:45:02.025969+00:00'
[2024-07-16T07:53:01.656+0000] {taskinstance.py:430} INFO - ::endgroup::
[2024-07-16T07:53:01.675+0000] {base.py:84} INFO - Using connection ID 's3-bucket-conn' for task execution.
[2024-07-16T07:53:02.142+0000] {python.py:237} INFO - Done. Returned value was: jr_46e9566b33edd2a20df6db71c014e40a9e31d6a551d96a8b2a43ac67c94c7812
[2024-07-16T07:53:02.144+0000] {taskinstance.py:441} INFO - ::group::Post task execution logs
[2024-07-16T07:53:02.168+0000] {taskinstance.py:1206} INFO - Marking task as SUCCESS. dag_id=glue_crawler_etl_pipeline, task_id=start_glue_job, run_id=manual__2024-07-16T07:45:02.025969+00:00, execution_date=20240716T074502, start_date=20240716T075301, end_date=20240716T075302
[2024-07-16T07:53:02.200+0000] {local_task_job_runner.py:240} INFO - Task exited with return code 0
[2024-07-16T07:53:02.218+0000] {taskinstance.py:3503} INFO - 1 downstream tasks scheduled from follow-on schedule check
[2024-07-16T07:53:02.220+0000] {local_task_job_runner.py:222} INFO - ::endgroup::
