[2024-07-16T07:53:03.673+0000] {local_task_job_runner.py:120} INFO - ::group::Pre task execution logs
[2024-07-16T07:53:03.689+0000] {taskinstance.py:2076} INFO - Dependencies all met for dep_context=non-requeueable deps ti=<TaskInstance: glue_crawler_etl_pipeline.wait_for_glue_job manual__2024-07-16T07:45:02.025969+00:00 [queued]>
[2024-07-16T07:53:03.697+0000] {taskinstance.py:2076} INFO - Dependencies all met for dep_context=requeueable deps ti=<TaskInstance: glue_crawler_etl_pipeline.wait_for_glue_job manual__2024-07-16T07:45:02.025969+00:00 [queued]>
[2024-07-16T07:53:03.698+0000] {taskinstance.py:2306} INFO - Starting attempt 1 of 2
[2024-07-16T07:53:03.709+0000] {taskinstance.py:2330} INFO - Executing <Task(GlueJobSensor): wait_for_glue_job> on 2024-07-16 07:45:02.025969+00:00
[2024-07-16T07:53:03.715+0000] {warnings.py:112} WARNING - /home/***/.local/lib/python3.12/site-packages/***/task/task_runner/standard_task_runner.py:61: DeprecationWarning: This process (pid=2931) is multi-threaded, use of fork() may lead to deadlocks in the child.
  pid = os.fork()

[2024-07-16T07:53:03.716+0000] {standard_task_runner.py:63} INFO - Started process 2932 to run task
[2024-07-16T07:53:03.716+0000] {standard_task_runner.py:90} INFO - Running: ['***', 'tasks', 'run', 'glue_crawler_etl_pipeline', 'wait_for_glue_job', 'manual__2024-07-16T07:45:02.025969+00:00', '--job-id', '297', '--raw', '--subdir', 'DAGS_FOLDER/etl_populate_database.py', '--cfg-path', '/tmp/tmpm849hklv']
[2024-07-16T07:53:03.717+0000] {standard_task_runner.py:91} INFO - Job 297: Subtask wait_for_glue_job
[2024-07-16T07:53:03.760+0000] {task_command.py:426} INFO - Running <TaskInstance: glue_crawler_etl_pipeline.wait_for_glue_job manual__2024-07-16T07:45:02.025969+00:00 [running]> on host 0ec6e6e2bd09
[2024-07-16T07:53:03.850+0000] {taskinstance.py:2648} INFO - Exporting env vars: AIRFLOW_CTX_DAG_EMAIL='your_email@example.com' AIRFLOW_CTX_DAG_OWNER='***' AIRFLOW_CTX_DAG_ID='glue_crawler_etl_pipeline' AIRFLOW_CTX_TASK_ID='wait_for_glue_job' AIRFLOW_CTX_EXECUTION_DATE='2024-07-16T07:45:02.025969+00:00' AIRFLOW_CTX_TRY_NUMBER='1' AIRFLOW_CTX_DAG_RUN_ID='manual__2024-07-16T07:45:02.025969+00:00'
[2024-07-16T07:53:03.851+0000] {taskinstance.py:430} INFO - ::endgroup::
[2024-07-16T07:53:03.862+0000] {glue.py:79} INFO - Poking for job run status :for Glue Job etl_s3_to_redshift and ID jr_46e9566b33edd2a20df6db71c014e40a9e31d6a551d96a8b2a43ac67c94c7812
[2024-07-16T07:53:03.869+0000] {base.py:84} INFO - Using connection ID 's3-bucket-conn' for task execution.
[2024-07-16T07:53:03.870+0000] {connection_wrapper.py:384} INFO - AWS Connection (conn_id='s3-bucket-conn', conn_type='aws') credentials retrieved from login and password.
[2024-07-16T07:54:04.418+0000] {glue.py:79} INFO - Poking for job run status :for Glue Job etl_s3_to_redshift and ID jr_46e9566b33edd2a20df6db71c014e40a9e31d6a551d96a8b2a43ac67c94c7812
[2024-07-16T07:54:04.736+0000] {glue.py:88} INFO - ('Exiting Job %s Run State: %s', 'jr_46e9566b33edd2a20df6db71c014e40a9e31d6a551d96a8b2a43ac67c94c7812', 'FAILED')
[2024-07-16T07:54:04.737+0000] {taskinstance.py:441} INFO - ::group::Post task execution logs
[2024-07-16T07:54:04.746+0000] {taskinstance.py:2905} ERROR - Task failed with exception
Traceback (most recent call last):
  File "/home/airflow/.local/lib/python3.12/site-packages/airflow/models/taskinstance.py", line 465, in _execute_task
    result = _execute_callable(context=context, **execute_callable_kwargs)
             ^^^^^^^^^^^^^^^^^^^^^^^^^^^^^^^^^^^^^^^^^^^^^^^^^^^^^^^^^^^^^
  File "/home/airflow/.local/lib/python3.12/site-packages/airflow/models/taskinstance.py", line 432, in _execute_callable
    return execute_callable(context=context, **execute_callable_kwargs)
           ^^^^^^^^^^^^^^^^^^^^^^^^^^^^^^^^^^^^^^^^^^^^^^^^^^^^^^^^^^^^
  File "/home/airflow/.local/lib/python3.12/site-packages/airflow/models/baseoperator.py", line 401, in wrapper
    return func(self, *args, **kwargs)
           ^^^^^^^^^^^^^^^^^^^^^^^^^^^
  File "/home/airflow/.local/lib/python3.12/site-packages/airflow/sensors/base.py", line 264, in execute
    raise e
  File "/home/airflow/.local/lib/python3.12/site-packages/airflow/sensors/base.py", line 246, in execute
    poke_return = self.poke(context)
                  ^^^^^^^^^^^^^^^^^^
  File "/home/airflow/.local/lib/python3.12/site-packages/airflow/providers/amazon/aws/sensors/glue.py", line 92, in poke
    raise AirflowException(job_error_message)
airflow.exceptions.AirflowException: ('Exiting Job %s Run State: %s', 'jr_46e9566b33edd2a20df6db71c014e40a9e31d6a551d96a8b2a43ac67c94c7812', 'FAILED')
[2024-07-16T07:54:04.750+0000] {taskinstance.py:1206} INFO - Marking task as UP_FOR_RETRY. dag_id=glue_crawler_etl_pipeline, task_id=wait_for_glue_job, run_id=manual__2024-07-16T07:45:02.025969+00:00, execution_date=20240716T074502, start_date=20240716T075303, end_date=20240716T075404
[2024-07-16T07:54:04.760+0000] {standard_task_runner.py:110} ERROR - Failed to execute job 297 for task wait_for_glue_job (('Exiting Job %s Run State: %s', 'jr_46e9566b33edd2a20df6db71c014e40a9e31d6a551d96a8b2a43ac67c94c7812', 'FAILED'); 2932)
[2024-07-16T07:54:04.770+0000] {local_task_job_runner.py:240} INFO - Task exited with return code 1
[2024-07-16T07:54:04.785+0000] {taskinstance.py:3503} INFO - 0 downstream tasks scheduled from follow-on schedule check
[2024-07-16T07:54:04.787+0000] {local_task_job_runner.py:222} INFO - ::endgroup::
